==> Installing environment /gpfs/alpine/csc439/world-shared/E4S/ParaTools/develop/PrgEnv-cray
[+] /gpfs/alpine/csc439/world-shared/E4S/ParaTools/develop/PrgEnv-cray/spack/opt/spack/cray-sles15-x86_64/gcc-7.5.0/ncurses-6.2-yabalh6o7h3rfrk7wi5mbttohb2abnn5 (external ncurses-6.2-7pfkifsftvn5zxnulejh3hu6kyysit32)
[+] /gpfs/alpine/csc439/world-shared/E4S/ParaTools/develop/PrgEnv-cray/spack/opt/spack/cray-sles15-zen/cce-13.0.0/berkeley-db-18.1.40-adye3kc4ewhkks74nvrdaehh56lurfvp
[+] /gpfs/alpine/csc439/world-shared/E4S/ParaTools/develop/PrgEnv-cray/spack/opt/spack/cray-sles15-zen/cce-13.0.0/libiconv-1.16-5wkkcwbdepwbvswqihrlq6bammj7ysal
[+] /gpfs/alpine/csc439/world-shared/E4S/ParaTools/develop/PrgEnv-cray/spack/opt/spack/cray-sles15-zen/cce-13.0.0/zlib-1.2.12-mogccd4cgxid2idotdzlqznropdhsrh6
[+] /gpfs/alpine/csc439/world-shared/E4S/ParaTools/develop/PrgEnv-cray/spack/opt/spack/cray-sles15-zen/cce-13.0.0/libsigsegv-2.13-3tuxzcuzde7b57kekiuaelbhjcmidmfk
[+] /gpfs/alpine/csc439/world-shared/E4S/ParaTools/develop/PrgEnv-cray/spack/opt/spack/cray-sles15-zen/cce-13.0.0/pkgconf-1.8.0-fwvvnpiyfah7xraxogmy3u5e6gl4tkpv
[+] /gpfs/alpine/csc439/world-shared/E4S/ParaTools/develop/PrgEnv-cray/spack/opt/spack/cray-sles15-zen/cce-13.0.0/util-macros-1.19.3-4kw5dplump5ytdl6xazawwuq3qgqbaxl
[+] /gpfs/alpine/csc439/world-shared/E4S/ParaTools/develop/PrgEnv-cray/spack/opt/spack/cray-sles15-zen/cce-13.0.0/xz-5.2.5-lxhshdmb6c2fq4viy44zgkcuozs5n4mw
[+] /gpfs/alpine/csc439/world-shared/E4S/ParaTools/develop/PrgEnv-cray/spack/opt/spack/cray-sles15-zen/cce-13.0.0/libmd-1.0.4-qhrblnn763ccbkqmlr5o4ek7sxnqa2ig
[+] /gpfs/alpine/csc439/world-shared/E4S/ParaTools/develop/PrgEnv-cray/spack/opt/spack/cray-sles15-zen/cce-13.0.0/libffi-3.4.2-l5u6czrfjsagy2hdm3hzsbvazlsmevsh
[+] /gpfs/alpine/csc439/world-shared/E4S/ParaTools/develop/PrgEnv-cray/spack/opt/spack/cray-sles15-zen/cce-13.0.0/papi-6.0.0.1-x6vqsr5spepto22ypzgxa5bfebytfyzq
[+] /gpfs/alpine/csc439/world-shared/E4S/ParaTools/develop/PrgEnv-cray/spack/opt/spack/cray-sles15-x86_64/gcc-7.5.0/ncurses-6.2-yabalh6o7h3rfrk7wi5mbttohb2abnn5 (external ncurses-6.2-inplg2q7j2qa7vetgyicye7ffmltznus)
[+] /gpfs/alpine/csc439/world-shared/E4S/ParaTools/develop/PrgEnv-cray/spack/opt/spack/cray-sles15-zen3/cce-13.0.0/berkeley-db-18.1.40-rrrcdxntb53spey32hw2h2kbh2s7yhcj
[+] /gpfs/alpine/csc439/world-shared/E4S/ParaTools/develop/PrgEnv-cray/spack/opt/spack/cray-sles15-zen3/cce-13.0.0/libiconv-1.16-7zw2zpnxduzf2wlt3vupj4a5dicksbeu
[+] /gpfs/alpine/csc439/world-shared/E4S/ParaTools/develop/PrgEnv-cray/spack/opt/spack/cray-sles15-zen3/cce-13.0.0/zlib-1.2.12-hvbg4s755c6cfnzafnp4dwruqvtwyctp
==> cray-libsci@21.08.1.2 : has external module in ['cray-libsci/21.08.1.2', 'cray-mpich/8.1.12']
[+] /opt/cray/pe/libsci/21.08.1.2/CRAY/9.0/x86_64 (external cray-libsci-21.08.1.2-p2o4llkjeooqsbsp7wgtetbigjrzjavq)
==> cray-mpich@8.1.12 : has external module in ['cray-mpich/8.1.12', 'libfabric/1.15.0.0']
[+] /opt/cray/pe/mpich/8.1.12/ofi/crayclang/10.0 (external cray-mpich-8.1.12-pclxw6mhs3bir2ckq5ght3dziv3vejcv)
[+] /opt/rocm-5.1.0/hip (external hip-5.1.0-auhq5cwiqpwzbhzwjkyhu27sduu2lwq3)
[+] /opt/rocm-5.1.0/ (external hipblas-5.1.0-wteb44drpers2ltgfujzyswgghl6vliv)
[+] /opt/rocm-5.1.0/ (external hsa-rocr-dev-5.1.0-t2msfhgavxaa4cyqnb5ui5o5yuztcp7n)
[+] /opt/rocm-5.1.0/llvm (external llvm-amdgpu-5.1.0-iffzjxrfcsbp4j6brm5jr24jl5vxvt5u)
[+] /opt/rocm-5.1.0 (external rocsolver-5.1.0-656pkzt5ywxeux4xjwmudaptnwzyg3jo)
[+] /gpfs/alpine/csc439/world-shared/E4S/ParaTools/develop/PrgEnv-cray/spack/opt/spack/cray-sles15-zen/cce-13.0.0/readline-8.1-es3xqtng7scnproedrmblvmnajsgcw4l
[+] /gpfs/alpine/csc439/world-shared/E4S/ParaTools/develop/PrgEnv-cray/spack/opt/spack/cray-sles15-zen/cce-13.0.0/diffutils-3.8-lashouxvr4mg2nsj4h622y2wey6rbcqu
[+] /gpfs/alpine/csc439/world-shared/E4S/ParaTools/develop/PrgEnv-cray/spack/opt/spack/cray-sles15-zen/cce-13.0.0/tar-1.34-mgbx35nvdfxezrpvmwa5fg4yn7o2dir6
[+] /gpfs/alpine/csc439/world-shared/E4S/ParaTools/develop/PrgEnv-cray/spack/opt/spack/cray-sles15-zen/cce-13.0.0/m4-1.4.19-42tuep3k7x24zt3mvldrudsgrqnk3utj
[+] /gpfs/alpine/csc439/world-shared/E4S/ParaTools/develop/PrgEnv-cray/spack/opt/spack/cray-sles15-zen/cce-13.0.0/libedit-3.1-20210216-7k2w3vpeecqbkoqphwio4vjlerzxqwub
[+] /gpfs/alpine/csc439/world-shared/E4S/ParaTools/develop/PrgEnv-cray/spack/opt/spack/cray-sles15-zen/cce-13.0.0/util-linux-uuid-2.37.4-55sy4sl4i42pmcucymzfeid235zwvdph
[+] /gpfs/alpine/csc439/world-shared/E4S/ParaTools/develop/PrgEnv-cray/spack/opt/spack/cray-sles15-zen/cce-13.0.0/libunwind-1.6.2-6qillzviiz6aaksszibkqhsaj3r5q6xd
[+] /gpfs/alpine/csc439/world-shared/E4S/ParaTools/develop/PrgEnv-cray/spack/opt/spack/cray-sles15-zen/cce-13.0.0/libxml2-2.9.13-aza2vs65xmecxha3tdembcge3nwzq3xb
[+] /gpfs/alpine/csc439/world-shared/E4S/ParaTools/develop/PrgEnv-cray/spack/opt/spack/cray-sles15-zen/cce-13.0.0/libbsd-0.11.5-eaaeb7dsvzb7q2koixp6nuzfo4nkn5xp
[+] /gpfs/alpine/csc439/world-shared/E4S/ParaTools/develop/PrgEnv-cray/spack/opt/spack/cray-sles15-zen3/cce-13.0.0/readline-8.1-xh4ztsz5t64hkmjpbcnlyg3em63vqwiv
[+] /gpfs/alpine/csc439/world-shared/E4S/ParaTools/develop/PrgEnv-cray/spack/opt/spack/cray-sles15-zen3/cce-13.0.0/diffutils-3.8-gr6snbwlxw7bpsg2utn24juq4jma4qj5
[+] /gpfs/alpine/csc439/world-shared/E4S/ParaTools/develop/PrgEnv-cray/spack/opt/spack/cray-sles15-zen/cce-13.0.0/sqlite-3.38.3-sauz2pqono7ge27fiiov4hnerrmcnjg7
[+] /gpfs/alpine/csc439/world-shared/E4S/ParaTools/develop/PrgEnv-cray/spack/opt/spack/cray-sles15-zen/cce-13.0.0/gdbm-1.19-hgqu4pc7dtkj6vf3c5uunpi2pc2dxcrv
[+] /gpfs/alpine/csc439/world-shared/E4S/ParaTools/develop/PrgEnv-cray/spack/opt/spack/cray-sles15-zen/cce-13.0.0/bzip2-1.0.8-c6hsn42qrlnkw4x33lpymhj5xgcv7tre
[+] /gpfs/alpine/csc439/world-shared/E4S/ParaTools/develop/PrgEnv-cray/spack/opt/spack/cray-sles15-zen/cce-13.0.0/libtool-2.4.7-jacdo4v4gqddckpxyunvuuwp4s6d2pi3
[+] /gpfs/alpine/csc439/world-shared/E4S/ParaTools/develop/PrgEnv-cray/spack/opt/spack/cray-sles15-zen/cce-13.0.0/expat-2.4.8-v6q7erfmhhn4cg7ror3quxnslneydfdb
[+] /gpfs/alpine/csc439/world-shared/E4S/ParaTools/develop/PrgEnv-cray/spack/opt/spack/cray-sles15-zen3/cce-13.0.0/gdbm-1.19-opylqqrtip5pgx3yp3o64qhhvrl33lsy
[+] /gpfs/alpine/csc439/world-shared/E4S/ParaTools/develop/PrgEnv-cray/spack/opt/spack/cray-sles15-zen3/cce-13.0.0/bzip2-1.0.8-enllwonco4v4brg4acakmbof5fbnvinu
[+] /gpfs/alpine/csc439/world-shared/E4S/ParaTools/develop/PrgEnv-cray/spack/opt/spack/cray-sles15-zen/cce-13.0.0/perl-5.34.1-bgiyu4bupf7os7xgmxlz6fdmzmyvjymg
[+] /gpfs/alpine/csc439/world-shared/E4S/ParaTools/develop/PrgEnv-cray/spack/opt/spack/cray-sles15-zen/gcc-7.5.0/elfutils-0.186-g3z5ewf37gcvpsbbh32f2yxlzzxybiu7
[+] /gpfs/alpine/csc439/world-shared/E4S/ParaTools/develop/PrgEnv-cray/spack/opt/spack/cray-sles15-zen/cce-13.0.0/gettext-0.21-abcm2eg5yosyaxdbq6wkifxqk3ovklvq
[+] /gpfs/alpine/csc439/world-shared/E4S/ParaTools/develop/PrgEnv-cray/spack/opt/spack/cray-sles15-zen/cce-13.0.0/libpciaccess-0.16-toskwazjptab6itm7lkubgzmsiumjnmk
[+] /gpfs/alpine/csc439/world-shared/E4S/ParaTools/develop/PrgEnv-cray/spack/opt/spack/cray-sles15-zen3/cce-13.0.0/perl-5.34.1-q2mb3mrfbr4orzieacs6ueb66h5jctwu
[+] /gpfs/alpine/csc439/world-shared/E4S/ParaTools/develop/PrgEnv-cray/spack/opt/spack/cray-sles15-zen/gcc-7.5.0/openblas-0.3.20-7qcfzerz6zfr6aouxnlpqjusmx6jolsy
[+] /gpfs/alpine/csc439/world-shared/E4S/ParaTools/develop/PrgEnv-cray/spack/opt/spack/cray-sles15-zen/cce-13.0.0/openssl-1.1.1n-4s5d6jlxxvolq47osvvxapoyf6to3wf6
==> Installing autoconf-2.69-lrc3d2nd5muwbzur6ymu7gsswlzbucbe
==> No binary for autoconf-2.69-lrc3d2nd5muwbzur6ymu7gsswlzbucbe found: installing from source
==> Fetching https://mirror.spack.io/_source-cache/archive/95/954bd69b391edc12d6a4a51a2dd1476543da5c6bbf05a95b59dc0dd6fd4c2969.tar.gz
==> Fetching https://mirror.spack.io/_source-cache/archive/77/7793209b33013dc0f81208718c68440c5aae80e7a1c4b8d336e382525af791a7
==> Fetching https://mirror.spack.io/_source-cache/archive/35/35c449281546376449766f92d49fc121ca50e330e60fefcfc9be2af3253082c2
==> Fetching https://mirror.spack.io/_source-cache/archive/a4/a49dd5bac3b62daa0ff688ab4d508d71dbd2f4f8d7e2a02321926346161bf3ee
==> Applied patch http://mirrors.mit.edu/gentoo-portage/sys-devel/autoconf/files/autoconf-2.69-fix-libtool-test.patch
==> Applied patch http://mirrors.mit.edu/gentoo-portage/sys-devel/autoconf/files/autoconf-2.69-perl-5.26.patch
==> Applied patch http://mirrors.mit.edu/gentoo-portage/sys-devel/autoconf/files/autoconf-2.69-perl-5.26-2.patch
==> Ran patch() for autoconf
==> autoconf: Executing phase: 'autoreconf'
==> autoconf: Executing phase: 'configure'
==> autoconf: Executing phase: 'build'
==> autoconf: Executing phase: 'install'
==> autoconf: Successfully installed autoconf-2.69-lrc3d2nd5muwbzur6ymu7gsswlzbucbe
  Fetch: 0.27s.  Build: 4.74s.  Total: 5.01s.
[+] /gpfs/alpine/csc439/world-shared/E4S/ParaTools/develop/PrgEnv-cray/spack/opt/spack/cray-sles15-zen/cce-13.0.0/autoconf-2.69-lrc3d2nd5muwbzur6ymu7gsswlzbucbe
[+] /gpfs/alpine/csc439/world-shared/E4S/ParaTools/develop/PrgEnv-cray/spack/opt/spack/cray-sles15-zen/cce-13.0.0/hwloc-2.7.1-7mmy33vfffyu6zpbeo6m2ygyclgmxgc5
[+] /gpfs/alpine/csc439/world-shared/E4S/ParaTools/develop/PrgEnv-cray/spack/opt/spack/cray-sles15-zen3/cce-13.0.0/openssl-1.1.1n-xxotqtli2i33msrf6ugnbecq4yfvvdud
==> Installing openssh-9.0p1-fgmehkpr7arhyksxtj5j6risr5pu4kyn
==> No binary for openssh-9.0p1-fgmehkpr7arhyksxtj5j6risr5pu4kyn found: installing from source
==> Fetching https://mirror.spack.io/_source-cache/archive/03/03974302161e9ecce32153cfa10012f1e65c8f3750f573a73ab1befd5972a28a.tar.gz
==> No patches needed for openssh
==> openssh: Executing phase: 'autoreconf'
==> openssh: Executing phase: 'configure'
==> Error: Exception occurred in writer daemon!
==> Error: Failed to install openssh due to KeyboardInterrupt: 
Traceback (most recent call last):
  File "/gpfs/alpine/csc439/world-shared/E4S/ParaTools/develop/PrgEnv-cray/spack/lib/spack/llnl/util/tty/log.py", line 947, in _writer_daemon
    rlist, _, _ = _retry(select.select)(istreams, [], [], 1e-1)
  File "/gpfs/alpine/csc439/world-shared/E4S/ParaTools/develop/PrgEnv-cray/spack/lib/spack/llnl/util/tty/log.py", line 1049, in wrapped
    return function(*args, **kwargs)
KeyboardInterrupt

==> Error: Keyboard interrupt.
==> Installing environment /gpfs/alpine/csc439/world-shared/E4S/ParaTools/develop/PrgEnv-cray
[+] /gpfs/alpine/csc439/world-shared/E4S/ParaTools/develop/PrgEnv-cray/spack/opt/spack/cray-sles15-x86_64/gcc-7.5.0/ncurses-6.2-yabalh6o7h3rfrk7wi5mbttohb2abnn5 (external ncurses-6.2-7pfkifsftvn5zxnulejh3hu6kyysit32)
[+] /gpfs/alpine/csc439/world-shared/E4S/ParaTools/develop/PrgEnv-cray/spack/opt/spack/cray-sles15-zen/cce-13.0.0/berkeley-db-18.1.40-adye3kc4ewhkks74nvrdaehh56lurfvp
[+] /gpfs/alpine/csc439/world-shared/E4S/ParaTools/develop/PrgEnv-cray/spack/opt/spack/cray-sles15-zen/cce-13.0.0/libiconv-1.16-5wkkcwbdepwbvswqihrlq6bammj7ysal
[+] /gpfs/alpine/csc439/world-shared/E4S/ParaTools/develop/PrgEnv-cray/spack/opt/spack/cray-sles15-zen/cce-13.0.0/zlib-1.2.12-mogccd4cgxid2idotdzlqznropdhsrh6
[+] /gpfs/alpine/csc439/world-shared/E4S/ParaTools/develop/PrgEnv-cray/spack/opt/spack/cray-sles15-zen/cce-13.0.0/libsigsegv-2.13-3tuxzcuzde7b57kekiuaelbhjcmidmfk
[+] /gpfs/alpine/csc439/world-shared/E4S/ParaTools/develop/PrgEnv-cray/spack/opt/spack/cray-sles15-zen/cce-13.0.0/pkgconf-1.8.0-fwvvnpiyfah7xraxogmy3u5e6gl4tkpv
[+] /gpfs/alpine/csc439/world-shared/E4S/ParaTools/develop/PrgEnv-cray/spack/opt/spack/cray-sles15-zen/cce-13.0.0/util-macros-1.19.3-4kw5dplump5ytdl6xazawwuq3qgqbaxl
[+] /gpfs/alpine/csc439/world-shared/E4S/ParaTools/develop/PrgEnv-cray/spack/opt/spack/cray-sles15-zen/cce-13.0.0/xz-5.2.5-lxhshdmb6c2fq4viy44zgkcuozs5n4mw
[+] /gpfs/alpine/csc439/world-shared/E4S/ParaTools/develop/PrgEnv-cray/spack/opt/spack/cray-sles15-zen/cce-13.0.0/libmd-1.0.4-qhrblnn763ccbkqmlr5o4ek7sxnqa2ig
[+] /gpfs/alpine/csc439/world-shared/E4S/ParaTools/develop/PrgEnv-cray/spack/opt/spack/cray-sles15-zen/cce-13.0.0/libffi-3.4.2-l5u6czrfjsagy2hdm3hzsbvazlsmevsh
[+] /gpfs/alpine/csc439/world-shared/E4S/ParaTools/develop/PrgEnv-cray/spack/opt/spack/cray-sles15-zen/cce-13.0.0/papi-6.0.0.1-x6vqsr5spepto22ypzgxa5bfebytfyzq
[+] /gpfs/alpine/csc439/world-shared/E4S/ParaTools/develop/PrgEnv-cray/spack/opt/spack/cray-sles15-x86_64/gcc-7.5.0/ncurses-6.2-yabalh6o7h3rfrk7wi5mbttohb2abnn5 (external ncurses-6.2-inplg2q7j2qa7vetgyicye7ffmltznus)
[+] /gpfs/alpine/csc439/world-shared/E4S/ParaTools/develop/PrgEnv-cray/spack/opt/spack/cray-sles15-zen3/cce-13.0.0/berkeley-db-18.1.40-rrrcdxntb53spey32hw2h2kbh2s7yhcj
[+] /gpfs/alpine/csc439/world-shared/E4S/ParaTools/develop/PrgEnv-cray/spack/opt/spack/cray-sles15-zen3/cce-13.0.0/libiconv-1.16-7zw2zpnxduzf2wlt3vupj4a5dicksbeu
[+] /gpfs/alpine/csc439/world-shared/E4S/ParaTools/develop/PrgEnv-cray/spack/opt/spack/cray-sles15-zen3/cce-13.0.0/zlib-1.2.12-hvbg4s755c6cfnzafnp4dwruqvtwyctp
==> cray-libsci@21.08.1.2 : has external module in ['cray-libsci/21.08.1.2', 'cray-mpich/8.1.12']
[+] /opt/cray/pe/libsci/21.08.1.2/CRAY/9.0/x86_64 (external cray-libsci-21.08.1.2-p2o4llkjeooqsbsp7wgtetbigjrzjavq)
==> cray-mpich@8.1.12 : has external module in ['cray-mpich/8.1.12', 'libfabric/1.15.0.0']
[+] /opt/cray/pe/mpich/8.1.12/ofi/crayclang/10.0 (external cray-mpich-8.1.12-pclxw6mhs3bir2ckq5ght3dziv3vejcv)
[+] /opt/rocm-5.1.0/hip (external hip-5.1.0-auhq5cwiqpwzbhzwjkyhu27sduu2lwq3)
[+] /opt/rocm-5.1.0/ (external hipblas-5.1.0-wteb44drpers2ltgfujzyswgghl6vliv)
[+] /opt/rocm-5.1.0/ (external hsa-rocr-dev-5.1.0-t2msfhgavxaa4cyqnb5ui5o5yuztcp7n)
[+] /opt/rocm-5.1.0/llvm (external llvm-amdgpu-5.1.0-iffzjxrfcsbp4j6brm5jr24jl5vxvt5u)
[+] /opt/rocm-5.1.0 (external rocsolver-5.1.0-656pkzt5ywxeux4xjwmudaptnwzyg3jo)
[+] /gpfs/alpine/csc439/world-shared/E4S/ParaTools/develop/PrgEnv-cray/spack/opt/spack/cray-sles15-zen/cce-13.0.0/readline-8.1-es3xqtng7scnproedrmblvmnajsgcw4l
[+] /gpfs/alpine/csc439/world-shared/E4S/ParaTools/develop/PrgEnv-cray/spack/opt/spack/cray-sles15-zen/cce-13.0.0/diffutils-3.8-lashouxvr4mg2nsj4h622y2wey6rbcqu
[+] /gpfs/alpine/csc439/world-shared/E4S/ParaTools/develop/PrgEnv-cray/spack/opt/spack/cray-sles15-zen/cce-13.0.0/tar-1.34-mgbx35nvdfxezrpvmwa5fg4yn7o2dir6
[+] /gpfs/alpine/csc439/world-shared/E4S/ParaTools/develop/PrgEnv-cray/spack/opt/spack/cray-sles15-zen/cce-13.0.0/m4-1.4.19-42tuep3k7x24zt3mvldrudsgrqnk3utj
[+] /gpfs/alpine/csc439/world-shared/E4S/ParaTools/develop/PrgEnv-cray/spack/opt/spack/cray-sles15-zen/cce-13.0.0/libedit-3.1-20210216-7k2w3vpeecqbkoqphwio4vjlerzxqwub
[+] /gpfs/alpine/csc439/world-shared/E4S/ParaTools/develop/PrgEnv-cray/spack/opt/spack/cray-sles15-zen/cce-13.0.0/util-linux-uuid-2.37.4-55sy4sl4i42pmcucymzfeid235zwvdph
[+] /gpfs/alpine/csc439/world-shared/E4S/ParaTools/develop/PrgEnv-cray/spack/opt/spack/cray-sles15-zen/cce-13.0.0/libxml2-2.9.13-aza2vs65xmecxha3tdembcge3nwzq3xb
[+] /gpfs/alpine/csc439/world-shared/E4S/ParaTools/develop/PrgEnv-cray/spack/opt/spack/cray-sles15-zen/cce-13.0.0/libunwind-1.6.2-6qillzviiz6aaksszibkqhsaj3r5q6xd
[+] /gpfs/alpine/csc439/world-shared/E4S/ParaTools/develop/PrgEnv-cray/spack/opt/spack/cray-sles15-zen/cce-13.0.0/libbsd-0.11.5-eaaeb7dsvzb7q2koixp6nuzfo4nkn5xp
[+] /gpfs/alpine/csc439/world-shared/E4S/ParaTools/develop/PrgEnv-cray/spack/opt/spack/cray-sles15-zen3/cce-13.0.0/readline-8.1-xh4ztsz5t64hkmjpbcnlyg3em63vqwiv
[+] /gpfs/alpine/csc439/world-shared/E4S/ParaTools/develop/PrgEnv-cray/spack/opt/spack/cray-sles15-zen3/cce-13.0.0/diffutils-3.8-gr6snbwlxw7bpsg2utn24juq4jma4qj5
[+] /gpfs/alpine/csc439/world-shared/E4S/ParaTools/develop/PrgEnv-cray/spack/opt/spack/cray-sles15-zen/cce-13.0.0/gdbm-1.19-hgqu4pc7dtkj6vf3c5uunpi2pc2dxcrv
[+] /gpfs/alpine/csc439/world-shared/E4S/ParaTools/develop/PrgEnv-cray/spack/opt/spack/cray-sles15-zen/cce-13.0.0/sqlite-3.38.3-sauz2pqono7ge27fiiov4hnerrmcnjg7
[+] /gpfs/alpine/csc439/world-shared/E4S/ParaTools/develop/PrgEnv-cray/spack/opt/spack/cray-sles15-zen/cce-13.0.0/bzip2-1.0.8-c6hsn42qrlnkw4x33lpymhj5xgcv7tre
[+] /gpfs/alpine/csc439/world-shared/E4S/ParaTools/develop/PrgEnv-cray/spack/opt/spack/cray-sles15-zen/cce-13.0.0/libtool-2.4.7-jacdo4v4gqddckpxyunvuuwp4s6d2pi3
[+] /gpfs/alpine/csc439/world-shared/E4S/ParaTools/develop/PrgEnv-cray/spack/opt/spack/cray-sles15-zen/cce-13.0.0/expat-2.4.8-v6q7erfmhhn4cg7ror3quxnslneydfdb
[+] /gpfs/alpine/csc439/world-shared/E4S/ParaTools/develop/PrgEnv-cray/spack/opt/spack/cray-sles15-zen3/cce-13.0.0/gdbm-1.19-opylqqrtip5pgx3yp3o64qhhvrl33lsy
[+] /gpfs/alpine/csc439/world-shared/E4S/ParaTools/develop/PrgEnv-cray/spack/opt/spack/cray-sles15-zen3/cce-13.0.0/bzip2-1.0.8-enllwonco4v4brg4acakmbof5fbnvinu
[+] /gpfs/alpine/csc439/world-shared/E4S/ParaTools/develop/PrgEnv-cray/spack/opt/spack/cray-sles15-zen/cce-13.0.0/gettext-0.21-abcm2eg5yosyaxdbq6wkifxqk3ovklvq
[+] /gpfs/alpine/csc439/world-shared/E4S/ParaTools/develop/PrgEnv-cray/spack/opt/spack/cray-sles15-zen/cce-13.0.0/perl-5.34.1-bgiyu4bupf7os7xgmxlz6fdmzmyvjymg
[+] /gpfs/alpine/csc439/world-shared/E4S/ParaTools/develop/PrgEnv-cray/spack/opt/spack/cray-sles15-zen/gcc-7.5.0/elfutils-0.186-g3z5ewf37gcvpsbbh32f2yxlzzxybiu7
[+] /gpfs/alpine/csc439/world-shared/E4S/ParaTools/develop/PrgEnv-cray/spack/opt/spack/cray-sles15-zen/cce-13.0.0/libpciaccess-0.16-toskwazjptab6itm7lkubgzmsiumjnmk
[+] /gpfs/alpine/csc439/world-shared/E4S/ParaTools/develop/PrgEnv-cray/spack/opt/spack/cray-sles15-zen3/cce-13.0.0/perl-5.34.1-q2mb3mrfbr4orzieacs6ueb66h5jctwu
[+] /gpfs/alpine/csc439/world-shared/E4S/ParaTools/develop/PrgEnv-cray/spack/opt/spack/cray-sles15-zen/gcc-7.5.0/openblas-0.3.20-7qcfzerz6zfr6aouxnlpqjusmx6jolsy
[+] /gpfs/alpine/csc439/world-shared/E4S/ParaTools/develop/PrgEnv-cray/spack/opt/spack/cray-sles15-zen/cce-13.0.0/openssl-1.1.1n-4s5d6jlxxvolq47osvvxapoyf6to3wf6
[+] /gpfs/alpine/csc439/world-shared/E4S/ParaTools/develop/PrgEnv-cray/spack/opt/spack/cray-sles15-zen/cce-13.0.0/autoconf-2.69-lrc3d2nd5muwbzur6ymu7gsswlzbucbe
[+] /gpfs/alpine/csc439/world-shared/E4S/ParaTools/develop/PrgEnv-cray/spack/opt/spack/cray-sles15-zen/cce-13.0.0/hwloc-2.7.1-7mmy33vfffyu6zpbeo6m2ygyclgmxgc5
[+] /gpfs/alpine/csc439/world-shared/E4S/ParaTools/develop/PrgEnv-cray/spack/opt/spack/cray-sles15-zen3/cce-13.0.0/openssl-1.1.1n-xxotqtli2i33msrf6ugnbecq4yfvvdud
==> Installing libevent-2.1.12-66dgshkapwzkfwi6jtil52ysnlvhpfzk
==> No binary for libevent-2.1.12-66dgshkapwzkfwi6jtil52ysnlvhpfzk found: installing from source
==> Fetching https://mirror.spack.io/_source-cache/archive/92/92e6de1be9ec176428fd2367677e61ceffc2ee1cb119035037a27d346b0403bb.tar.gz
==> Ran patch() for libevent
==> libevent: Executing phase: 'autoreconf'
==> libevent: Executing phase: 'configure'
==> libevent: Executing phase: 'build'
==> libevent: Executing phase: 'install'
==> libevent: Successfully installed libevent-2.1.12-66dgshkapwzkfwi6jtil52ysnlvhpfzk
  Fetch: 0.25s.  Build: 18.87s.  Total: 19.12s.
[+] /gpfs/alpine/csc439/world-shared/E4S/ParaTools/develop/PrgEnv-cray/spack/opt/spack/cray-sles15-zen/cce-13.0.0/libevent-2.1.12-66dgshkapwzkfwi6jtil52ysnlvhpfzk
[+] /gpfs/alpine/csc439/world-shared/E4S/ParaTools/develop/PrgEnv-cray/spack/opt/spack/cray-sles15-zen/cce-13.0.0/cmake-3.23.1-wjqbfvsyvnqrhdcqn6vdc5dsi2ybczld
==> Installing openssh-9.0p1-fgmehkpr7arhyksxtj5j6risr5pu4kyn
==> No binary for openssh-9.0p1-fgmehkpr7arhyksxtj5j6risr5pu4kyn found: installing from source
==> Using cached archive: /gpfs/alpine/csc439/world-shared/E4S/ParaTools/develop/PrgEnv-cray/spack/var/spack/cache/_source-cache/archive/03/03974302161e9ecce32153cfa10012f1e65c8f3750f573a73ab1befd5972a28a.tar.gz
==> No patches needed for openssh
==> openssh: Executing phase: 'autoreconf'
==> openssh: Executing phase: 'configure'
==> openssh: Executing phase: 'build'
==> openssh: Executing phase: 'install'
==> openssh: Successfully installed openssh-9.0p1-fgmehkpr7arhyksxtj5j6risr5pu4kyn
  Fetch: 0.00s.  Build: 50.31s.  Total: 50.31s.
[+] /gpfs/alpine/csc439/world-shared/E4S/ParaTools/develop/PrgEnv-cray/spack/opt/spack/cray-sles15-zen/cce-13.0.0/openssh-9.0p1-fgmehkpr7arhyksxtj5j6risr5pu4kyn
[+] /gpfs/alpine/csc439/world-shared/E4S/ParaTools/develop/PrgEnv-cray/spack/opt/spack/cray-sles15-zen/cce-13.0.0/python-3.8.12-n6vh4faury76qcwr7xwnusz6a3ebckrx
==> Installing automake-1.16.5-wkqmr4sl4eqdi3fcu6dnsme42kp52yh4
==> No binary for automake-1.16.5-wkqmr4sl4eqdi3fcu6dnsme42kp52yh4 found: installing from source
==> Fetching https://mirror.spack.io/_source-cache/archive/07/07bd24ad08a64bc17250ce09ec56e921d6343903943e99ccf63bbf0705e34605.tar.gz
==> Ran patch() for automake
==> automake: Executing phase: 'autoreconf'
==> automake: Executing phase: 'configure'
==> automake: Executing phase: 'build'
==> automake: Executing phase: 'install'
==> automake: Successfully installed automake-1.16.5-wkqmr4sl4eqdi3fcu6dnsme42kp52yh4
  Fetch: 0.28s.  Build: 10.81s.  Total: 11.09s.
[+] /gpfs/alpine/csc439/world-shared/E4S/ParaTools/develop/PrgEnv-cray/spack/opt/spack/cray-sles15-zen/cce-13.0.0/automake-1.16.5-wkqmr4sl4eqdi3fcu6dnsme42kp52yh4
[+] /gpfs/alpine/csc439/world-shared/E4S/ParaTools/develop/PrgEnv-cray/spack/opt/spack/cray-sles15-zen3/cce-13.0.0/cmake-3.23.1-d6hskn5p62tvdkbhaxi43wdass5lsywo
==> Installing pmix-4.1.2-ohvld77mlmlzdgpc7abdvtfdpmnd7sdt
==> No binary for pmix-4.1.2-ohvld77mlmlzdgpc7abdvtfdpmnd7sdt found: installing from source
==> Fetching https://mirror.spack.io/_source-cache/archive/67/670d3a02b39fb2126fe8084174cf03c484e027b5921b5c98a851108134e2597a.tar.bz2
==> No patches needed for pmix
==> pmix: Executing phase: 'autoreconf'
==> pmix: Executing phase: 'configure'
==> pmix: Executing phase: 'build'
==> pmix: Executing phase: 'install'
==> pmix: Successfully installed pmix-4.1.2-ohvld77mlmlzdgpc7abdvtfdpmnd7sdt
  Fetch: 0.27s.  Build: 2m 2.43s.  Total: 2m 2.70s.
[+] /gpfs/alpine/csc439/world-shared/E4S/ParaTools/develop/PrgEnv-cray/spack/opt/spack/cray-sles15-zen/cce-13.0.0/pmix-4.1.2-ohvld77mlmlzdgpc7abdvtfdpmnd7sdt
==> Installing py-pip-21.3.1-qiapjlsd7svnczy3el5w3s7wfoh3ymhy
==> No binary for py-pip-21.3.1-qiapjlsd7svnczy3el5w3s7wfoh3ymhy found: installing from source
==> Fetching https://mirror.spack.io/_source-cache/archive/de/deaf32dcd9ab821e359cd8330786bcd077604b5c5730c0b096eda46f95c24a2d
==> No patches needed for py-pip
==> py-pip: Executing phase: 'install'
==> py-pip: Successfully installed py-pip-21.3.1-qiapjlsd7svnczy3el5w3s7wfoh3ymhy
  Fetch: 0.28s.  Build: 7.30s.  Total: 7.58s.
[+] /gpfs/alpine/csc439/world-shared/E4S/ParaTools/develop/PrgEnv-cray/spack/opt/spack/cray-sles15-zen/cce-13.0.0/py-pip-21.3.1-qiapjlsd7svnczy3el5w3s7wfoh3ymhy
==> Installing numactl-2.0.14-4z22iywflrccxtwghdys6iabptnc6i33
==> No binary for numactl-2.0.14-4z22iywflrccxtwghdys6iabptnc6i33 found: installing from source
==> Fetching https://mirror.spack.io/_source-cache/archive/1e/1ee27abd07ff6ba140aaf9bc6379b37825e54496e01d6f7343330cf1a4487035.tar.gz
==> Applied patch /gpfs/alpine/csc439/world-shared/E4S/ParaTools/develop/PrgEnv-cray/spack/var/spack/repos/builtin/packages/numactl/numactl-2.0.14-symver.patch
==> Applied patch /gpfs/alpine/csc439/world-shared/E4S/ParaTools/develop/PrgEnv-cray/spack/var/spack/repos/builtin/packages/numactl/fix-empty-block.patch
==> Applied patch /gpfs/alpine/csc439/world-shared/E4S/ParaTools/develop/PrgEnv-cray/spack/var/spack/repos/builtin/packages/numactl/link-with-latomic-if-needed.patch
==> numactl: Executing phase: 'autoreconf'
==> numactl: Executing phase: 'configure'
==> numactl: Executing phase: 'build'
==> numactl: Executing phase: 'install'
==> numactl: Successfully installed numactl-2.0.14-4z22iywflrccxtwghdys6iabptnc6i33
  Fetch: 0.19s.  Build: 9.90s.  Total: 10.09s.
[+] /gpfs/alpine/csc439/world-shared/E4S/ParaTools/develop/PrgEnv-cray/spack/opt/spack/cray-sles15-zen/cce-13.0.0/numactl-2.0.14-4z22iywflrccxtwghdys6iabptnc6i33
[+] /gpfs/alpine/csc439/world-shared/E4S/ParaTools/develop/PrgEnv-cray/spack/opt/spack/cray-sles15-zen3/cce-13.0.0/metis-5.1.0-23va7i2lomww2co7e73z6tvr4wcda7zz
==> Installing py-wheel-0.37.0-wpvvyfie5vzqdxpz3qsnmbldemkfbyq7
==> No binary for py-wheel-0.37.0-wpvvyfie5vzqdxpz3qsnmbldemkfbyq7 found: installing from source
==> Fetching https://mirror.spack.io/_source-cache/archive/21/21014b2bd93c6d0034b6ba5d35e4eb284340e09d63c59aef6fc14b0f346146fd
==> No patches needed for py-wheel
==> py-wheel: Executing phase: 'install'
==> py-wheel: Successfully installed py-wheel-0.37.0-wpvvyfie5vzqdxpz3qsnmbldemkfbyq7
  Fetch: 0.17s.  Build: 0.53s.  Total: 0.69s.
[+] /gpfs/alpine/csc439/world-shared/E4S/ParaTools/develop/PrgEnv-cray/spack/opt/spack/cray-sles15-zen/cce-13.0.0/py-wheel-0.37.0-wpvvyfie5vzqdxpz3qsnmbldemkfbyq7
[+] /gpfs/alpine/csc439/world-shared/E4S/ParaTools/develop/PrgEnv-cray/spack/opt/spack/cray-sles15-zen3/cce-13.0.0/parmetis-4.0.3-seujhd2ihxcohmwj3eoevtlacbheiifb
==> Installing py-setuptools-59.4.0-jcoo45oxvecfnbgh4lkst3nzblihyqqs
==> No binary for py-setuptools-59.4.0-jcoo45oxvecfnbgh4lkst3nzblihyqqs found: installing from source
==> Fetching https://mirror.spack.io/_source-cache/archive/b4/b4c634615a0cf5b02cf83c7bedffc8da0ca439f00e79452699454da6fbd4153d.tar.gz
==> No patches needed for py-setuptools
==> py-setuptools: Executing phase: 'install'
==> py-setuptools: Successfully installed py-setuptools-59.4.0-jcoo45oxvecfnbgh4lkst3nzblihyqqs
  Fetch: 0.27s.  Build: 2.47s.  Total: 2.74s.
[+] /gpfs/alpine/csc439/world-shared/E4S/ParaTools/develop/PrgEnv-cray/spack/opt/spack/cray-sles15-zen/cce-13.0.0/py-setuptools-59.4.0-jcoo45oxvecfnbgh4lkst3nzblihyqqs
==> Installing superlu-dist-7.2.0-hbabqx4ingvlbtmaymigbzx3ptuyjd3m
==> No binary for superlu-dist-7.2.0-hbabqx4ingvlbtmaymigbzx3ptuyjd3m found: installing from source
==> Fetching https://mirror.spack.io/_source-cache/archive/20/20b60bd8a3d88031c9ce6511ae9700b7a8dcf12e2fd704e74b1af762b3468b8c.tar.gz
==> Applied patch /gpfs/alpine/csc439/world-shared/E4S/ParaTools/develop/PrgEnv-cray/spack/var/spack/repos/builtin/packages/superlu-dist/CMAKE_INSTALL_LIBDIR.patch
==> superlu-dist: Executing phase: 'cmake'
==> superlu-dist: Executing phase: 'build'
==> Error: ProcessError: Command exited with status 2:
    'make' '-j16'

7 errors found in build log:
     150    cd /tmp/lpeyrala/spack-stage/spack-stage-superlu-dist-7.2.0-hbabqx4ingvlbtmaymigbzx3ptuyjd3m/spack-build-hbabqx4/FORTRAN && /gpfs/alpine/csc439/world-shar
            ed/E4S/ParaTools/develop/PrgEnv-cray/spack/opt/spack/cray-sles15-zen3/cce-13.0.0/cmake-3.23.1-d6hskn5p62tvdkbhaxi43wdass5lsywo/bin/cmake -E cmake_link_scr
            ipt CMakeFiles/ftestmod.dir/link.txt --verbose=1
     151    [  9%] Building C object SRC/CMakeFiles/superlu_dist-static.dir/psymbfact.c.o
     152    cd /tmp/lpeyrala/spack-stage/spack-stage-superlu-dist-7.2.0-hbabqx4ingvlbtmaymigbzx3ptuyjd3m/spack-build-hbabqx4/SRC && /opt/cray/pe/mpich/8.1.12/ofi/cray
            clang/10.0/bin/mpicc  -I/tmp/lpeyrala/spack-stage/spack-stage-superlu-dist-7.2.0-hbabqx4ingvlbtmaymigbzx3ptuyjd3m/spack-build-hbabqx4/SRC -I/gpfs/alpine/c
            sc439/world-shared/E4S/ParaTools/develop/PrgEnv-cray/spack/opt/spack/cray-sles15-zen3/cce-13.0.0/parmetis-4.0.3-seujhd2ihxcohmwj3eoevtlacbheiifb/include -
            I/gpfs/alpine/csc439/world-shared/E4S/ParaTools/develop/PrgEnv-cray/spack/opt/spack/cray-sles15-zen3/cce-13.0.0/metis-5.1.0-23va7i2lomww2co7e73z6tvr4wcda7
            zz/include -I/gpfs/alpine/csc439/world-shared/E4S/ParaTools/develop/PrgEnv-cray/spack/opt/spack/cray-sles15-zen3/cce-13.0.0/metis-5.1.0-23va7i2lomww2co7e7
            3z6tvr4wcda7zz/include -I/gpfs/alpine/csc439/world-shared/E4S/ParaTools/develop/PrgEnv-cray/spack/opt/spack/cray-sles15-zen3/cce-13.0.0/parmetis-4.0.3-seu
            jhd2ihxcohmwj3eoevtlacbheiifb/include -DUSE_VENDOR_BLAS  -Xclang -enable-noundef-analysis -isystem /opt/cray/pe/cce/13.0.0/cce-clang/x86_64/lib/clang/13.0
            .0/include -std=c99 -O2 -g -DNDEBUG -fPIC -MD -MT SRC/CMakeFiles/superlu_dist-static.dir/psymbfact.c.o -MF CMakeFiles/superlu_dist-static.dir/psymbfact.c.
            o.d -o CMakeFiles/superlu_dist-static.dir/psymbfact.c.o -c /tmp/lpeyrala/spack-stage/spack-stage-superlu-dist-7.2.0-hbabqx4ingvlbtmaymigbzx3ptuyjd3m/spack
            -src/SRC/psymbfact.c
     153    /opt/rocm-5.1.0/llvm/bin/llvm-ar qc libftestmod.a -L/opt/amdgpu/lib64/ CMakeFiles/ftestmod.dir/superlupara.f90.o CMakeFiles/ftestmod.dir/superlu_mod.f90.o
     154    [  9%] Building C object SRC/CMakeFiles/superlu_dist-static.dir/psymbfact_util.c.o
     155    cd /tmp/lpeyrala/spack-stage/spack-stage-superlu-dist-7.2.0-hbabqx4ingvlbtmaymigbzx3ptuyjd3m/spack-build-hbabqx4/SRC && /opt/cray/pe/mpich/8.1.12/ofi/cray
            clang/10.0/bin/mpicc  -I/tmp/lpeyrala/spack-stage/spack-stage-superlu-dist-7.2.0-hbabqx4ingvlbtmaymigbzx3ptuyjd3m/spack-build-hbabqx4/SRC -I/gpfs/alpine/c
            sc439/world-shared/E4S/ParaTools/develop/PrgEnv-cray/spack/opt/spack/cray-sles15-zen3/cce-13.0.0/parmetis-4.0.3-seujhd2ihxcohmwj3eoevtlacbheiifb/include -
            I/gpfs/alpine/csc439/world-shared/E4S/ParaTools/develop/PrgEnv-cray/spack/opt/spack/cray-sles15-zen3/cce-13.0.0/metis-5.1.0-23va7i2lomww2co7e73z6tvr4wcda7
            zz/include -I/gpfs/alpine/csc439/world-shared/E4S/ParaTools/develop/PrgEnv-cray/spack/opt/spack/cray-sles15-zen3/cce-13.0.0/metis-5.1.0-23va7i2lomww2co7e7
            3z6tvr4wcda7zz/include -I/gpfs/alpine/csc439/world-shared/E4S/ParaTools/develop/PrgEnv-cray/spack/opt/spack/cray-sles15-zen3/cce-13.0.0/parmetis-4.0.3-seu
            jhd2ihxcohmwj3eoevtlacbheiifb/include -DUSE_VENDOR_BLAS  -Xclang -enable-noundef-analysis -isystem /opt/cray/pe/cce/13.0.0/cce-clang/x86_64/lib/clang/13.0
            .0/include -std=c99 -O2 -g -DNDEBUG -fPIC -MD -MT SRC/CMakeFiles/superlu_dist-static.dir/psymbfact_util.c.o -MF CMakeFiles/superlu_dist-static.dir/psymbfa
            ct_util.c.o.d -o CMakeFiles/superlu_dist-static.dir/psymbfact_util.c.o -c /tmp/lpeyrala/spack-stage/spack-stage-superlu-dist-7.2.0-hbabqx4ingvlbtmaymigbzx
            3ptuyjd3m/spack-src/SRC/psymbfact_util.c
  >> 156    /opt/rocm-5.1.0/llvm/bin/llvm-ar: error: unknown option /
     157    OVERVIEW: LLVM Archiver
     158    
     159    USAGE: llvm-ar [options] [-]<operation>[modifiers] [relpos] [count] <archive> [files]
     160           llvm-ar -M [<mri-script]
     161    
     162    OPTIONS:

     ...

     200      [S] - do not build a symbol table
     201      [T] - create a thin archive
     202      [u] - update only [files] newer than archive contents
     203      [U] - use actual timestamps and uids/gids
     204      [v] - be verbose about actions taken
     205      [V] - display the version and exit
  >> 206    make[2]: *** [FORTRAN/CMakeFiles/ftestmod.dir/build.make:115: FORTRAN/libftestmod.a] Error 1
     207    make[2]: Leaving directory '/tmp/lpeyrala/spack-stage/spack-stage-superlu-dist-7.2.0-hbabqx4ingvlbtmaymigbzx3ptuyjd3m/spack-build-hbabqx4'
  >> 208    make[1]: *** [CMakeFiles/Makefile2:1103: FORTRAN/CMakeFiles/ftestmod.dir/all] Error 2
     209    make[1]: *** Waiting for unfinished jobs....
     210    [  9%] Building C object SRC/CMakeFiles/superlu_dist.dir/psymbfact_util.c.o
     211    cd /tmp/lpeyrala/spack-stage/spack-stage-superlu-dist-7.2.0-hbabqx4ingvlbtmaymigbzx3ptuyjd3m/spack-build-hbabqx4/SRC && /opt/cray/pe/mpich/8.1.12/ofi/cray
            clang/10.0/bin/mpicc -DSUPERLU_DIST_EXPORTS -Dsuperlu_dist_EXPORTS -I/tmp/lpeyrala/spack-stage/spack-stage-superlu-dist-7.2.0-hbabqx4ingvlbtmaymigbzx3ptuy
            jd3m/spack-build-hbabqx4/SRC -I/gpfs/alpine/csc439/world-shared/E4S/ParaTools/develop/PrgEnv-cray/spack/opt/spack/cray-sles15-zen3/cce-13.0.0/parmetis-4.0
            .3-seujhd2ihxcohmwj3eoevtlacbheiifb/include -I/gpfs/alpine/csc439/world-shared/E4S/ParaTools/develop/PrgEnv-cray/spack/opt/spack/cray-sles15-zen3/cce-13.0
            .0/metis-5.1.0-23va7i2lomww2co7e73z6tvr4wcda7zz/include -I/gpfs/alpine/csc439/world-shared/E4S/ParaTools/develop/PrgEnv-cray/spack/opt/spack/cray-sles15-z
            en3/cce-13.0.0/metis-5.1.0-23va7i2lomww2co7e73z6tvr4wcda7zz/include -I/gpfs/alpine/csc439/world-shared/E4S/ParaTools/develop/PrgEnv-cray/spack/opt/spack/c
            ray-sles15-zen3/cce-13.0.0/parmetis-4.0.3-seujhd2ihxcohmwj3eoevtlacbheiifb/include -DUSE_VENDOR_BLAS  -Xclang -enable-noundef-analysis -isystem /opt/cray/
            pe/cce/13.0.0/cce-clang/x86_64/lib/clang/13.0.0/include -std=c99 -O2 -g -DNDEBUG -fPIC -MD -MT SRC/CMakeFiles/superlu_dist.dir/psymbfact_util.c.o -MF CMak
            eFiles/superlu_dist.dir/psymbfact_util.c.o.d -o CMakeFiles/superlu_dist.dir/psymbfact_util.c.o -c /tmp/lpeyrala/spack-stage/spack-stage-superlu-dist-7.2.0
            -hbabqx4ingvlbtmaymigbzx3ptuyjd3m/spack-src/SRC/psymbfact_util.c
     212    [  9%] Building C object SRC/CMakeFiles/superlu_dist.dir/get_perm_c_parmetis.c.o
     213    cd /tmp/lpeyrala/spack-stage/spack-stage-superlu-dist-7.2.0-hbabqx4ingvlbtmaymigbzx3ptuyjd3m/spack-build-hbabqx4/SRC && /opt/cray/pe/mpich/8.1.12/ofi/cray
            clang/10.0/bin/mpicc -DSUPERLU_DIST_EXPORTS -Dsuperlu_dist_EXPORTS -I/tmp/lpeyrala/spack-stage/spack-stage-superlu-dist-7.2.0-hbabqx4ingvlbtmaymigbzx3ptuy
            jd3m/spack-build-hbabqx4/SRC -I/gpfs/alpine/csc439/world-shared/E4S/ParaTools/develop/PrgEnv-cray/spack/opt/spack/cray-sles15-zen3/cce-13.0.0/parmetis-4.0
            .3-seujhd2ihxcohmwj3eoevtlacbheiifb/include -I/gpfs/alpine/csc439/world-shared/E4S/ParaTools/develop/PrgEnv-cray/spack/opt/spack/cray-sles15-zen3/cce-13.0
            .0/metis-5.1.0-23va7i2lomww2co7e73z6tvr4wcda7zz/include -I/gpfs/alpine/csc439/world-shared/E4S/ParaTools/develop/PrgEnv-cray/spack/opt/spack/cray-sles15-z
            en3/cce-13.0.0/metis-5.1.0-23va7i2lomww2co7e73z6tvr4wcda7zz/include -I/gpfs/alpine/csc439/world-shared/E4S/ParaTools/develop/PrgEnv-cray/spack/opt/spack/c
            ray-sles15-zen3/cce-13.0.0/parmetis-4.0.3-seujhd2ihxcohmwj3eoevtlacbheiifb/include -DUSE_VENDOR_BLAS  -Xclang -enable-noundef-analysis -isystem /opt/cray/
            pe/cce/13.0.0/cce-clang/x86_64/lib/clang/13.0.0/include -std=c99 -O2 -g -DNDEBUG -fPIC -MD -MT SRC/CMakeFiles/superlu_dist.dir/get_perm_c_parmetis.c.o -MF
             CMakeFiles/superlu_dist.dir/get_perm_c_parmetis.c.o.d -o CMakeFiles/superlu_dist.dir/get_perm_c_parmetis.c.o -c /tmp/lpeyrala/spack-stage/spack-stage-sup
            erlu-dist-7.2.0-hbabqx4ingvlbtmaymigbzx3ptuyjd3m/spack-src/SRC/get_perm_c_parmetis.c
     214    [ 10%] Building C object SRC/CMakeFiles/superlu_dist-static.dir/get_perm_c_parmetis.c.o

     ...

     748    make[2]: Leaving directory '/tmp/lpeyrala/spack-stage/spack-stage-superlu-dist-7.2.0-hbabqx4ingvlbtmaymigbzx3ptuyjd3m/spack-build-hbabqx4'
     749    [ 72%] Built target superlu_dist
     750    [ 72%] Linking CXX static library libsuperlu_dist.a
     751    cd /tmp/lpeyrala/spack-stage/spack-stage-superlu-dist-7.2.0-hbabqx4ingvlbtmaymigbzx3ptuyjd3m/spack-build-hbabqx4/SRC && /gpfs/alpine/csc439/world-shared/E
            4S/ParaTools/develop/PrgEnv-cray/spack/opt/spack/cray-sles15-zen3/cce-13.0.0/cmake-3.23.1-d6hskn5p62tvdkbhaxi43wdass5lsywo/bin/cmake -P CMakeFiles/superlu
            _dist-static.dir/cmake_clean_target.cmake
     752    cd /tmp/lpeyrala/spack-stage/spack-stage-superlu-dist-7.2.0-hbabqx4ingvlbtmaymigbzx3ptuyjd3m/spack-build-hbabqx4/SRC && /gpfs/alpine/csc439/world-shared/E
            4S/ParaTools/develop/PrgEnv-cray/spack/opt/spack/cray-sles15-zen3/cce-13.0.0/cmake-3.23.1-d6hskn5p62tvdkbhaxi43wdass5lsywo/bin/cmake -E cmake_link_script 
            CMakeFiles/superlu_dist-static.dir/link.txt --verbose=1
     753    /opt/rocm-5.1.0/llvm/bin/llvm-ar qc libsuperlu_dist.a -L/opt/amdgpu/lib64/ "CMakeFiles/superlu_dist-static.dir/sp_ienv.c.o" "CMakeFiles/superlu_dist-stati
            c.dir/etree.c.o" "CMakeFiles/superlu_dist-static.dir/sp_colorder.c.o" "CMakeFiles/superlu_dist-static.dir/get_perm_c.c.o" "CMakeFiles/superlu_dist-static.
            dir/mmd.c.o" "CMakeFiles/superlu_dist-static.dir/comm.c.o" "CMakeFiles/superlu_dist-static.dir/memory.c.o" "CMakeFiles/superlu_dist-static.dir/util.c.o" "
            CMakeFiles/superlu_dist-static.dir/cublas_utils.c.o" "CMakeFiles/superlu_dist-static.dir/superlu_grid.c.o" "CMakeFiles/superlu_dist-static.dir/pxerr_dist.
            c.o" "CMakeFiles/superlu_dist-static.dir/superlu_timer.c.o" "CMakeFiles/superlu_dist-static.dir/symbfact.c.o" "CMakeFiles/superlu_dist-static.dir/psymbfac
            t.c.o" "CMakeFiles/superlu_dist-static.dir/psymbfact_util.c.o" "CMakeFiles/superlu_dist-static.dir/get_perm_c_parmetis.c.o" "CMakeFiles/superlu_dist-stati
            c.dir/mc64ad_dist.c.o" "CMakeFiles/superlu_dist-static.dir/xerr_dist.c.o" "CMakeFiles/superlu_dist-static.dir/smach_dist.c.o" "CMakeFiles/superlu_dist-sta
            tic.dir/dmach_dist.c.o" "CMakeFiles/superlu_dist-static.dir/colamd.c.o" "CMakeFiles/superlu_dist-static.dir/superlu_dist_version.c.o" "CMakeFiles/superlu_
            dist-static.dir/TreeInterface.cpp.o" "CMakeFiles/superlu_dist-static.dir/superlu_grid3d.c.o" "CMakeFiles/superlu_dist-static.dir/supernodal_etree.c.o" "CM
            akeFiles/superlu_dist-static.dir/supernodalForest.c.o" "CMakeFiles/superlu_dist-static.dir/trfAux.c.o" "CMakeFiles/superlu_dist-static.dir/communication_a
            ux.c.o" "CMakeFiles/superlu_dist-static.dir/treeFactorization.c.o" "CMakeFiles/superlu_dist-static.dir/sec_structs.c.o" "CMakeFiles/superlu_dist-static.di
            r/dlangs_dist.c.o" "CMakeFiles/superlu_dist-static.dir/dgsequ_dist.c.o" "CMakeFiles/superlu_dist-static.dir/dlaqgs_dist.c.o" "CMakeFiles/superlu_dist-stat
            ic.dir/dutil_dist.c.o" "CMakeFiles/superlu_dist-static.dir/dmemory_dist.c.o" "CMakeFiles/superlu_dist-static.dir/dmyblas2_dist.c.o" "CMakeFiles/superlu_di
            st-static.dir/dsp_blas2_dist.c.o" "CMakeFiles/superlu_dist-static.dir/dsp_blas3_dist.c.o" "CMakeFiles/superlu_dist-static.dir/pdgssvx.c.o" "CMakeFiles/sup
            erlu_dist-static.dir/pdgssvx_ABglobal.c.o" "CMakeFiles/superlu_dist-static.dir/dreadhb.c.o" "CMakeFiles/superlu_dist-static.dir/dreadrb.c.o" "CMakeFiles/s
            uperlu_dist-static.dir/dreadtriple.c.o" "CMakeFiles/superlu_dist-static.dir/dreadtriple_noheader.c.o" "CMakeFiles/superlu_dist-static.dir/dbinary_io.c.o" 
            "CMakeFiles/superlu_dist-static.dir/dreadMM.c.o" "CMakeFiles/superlu_dist-static.dir/pdgsequ.c.o" "CMakeFiles/superlu_dist-static.dir/pdlaqgs.c.o" "CMakeF
            iles/superlu_dist-static.dir/dldperm_dist.c.o" "CMakeFiles/superlu_dist-static.dir/pdlangs.c.o" "CMakeFiles/superlu_dist-static.dir/pdutil.c.o" "CMakeFile
            s/superlu_dist-static.dir/pdsymbfact_distdata.c.o" "CMakeFiles/superlu_dist-static.dir/ddistribute.c.o" "CMakeFiles/superlu_dist-static.dir/pddistribute.c
            .o" "CMakeFiles/superlu_dist-static.dir/pdgstrf.c.o" "CMakeFiles/superlu_dist-static.dir/dstatic_schedule.c.o" "CMakeFiles/superlu_dist-static.dir/pdgstrf
            2.c.o" "CMakeFiles/superlu_dist-static.dir/pdgstrs.c.o" "CMakeFiles/superlu_dist-static.dir/pdgstrs1.c.o" "CMakeFiles/superlu_dist-static.dir/pdgstrs_lsum
            .c.o" "CMakeFiles/superlu_dist-static.dir/pdgstrs_Bglobal.c.o" "CMakeFiles/superlu_dist-static.dir/pdgsrfs.c.o" "CMakeFiles/superlu_dist-static.dir/pdgsmv
            .c.o" "CMakeFiles/superlu_dist-static.dir/pdgsrfs_ABXglobal.c.o" "CMakeFiles/superlu_dist-static.dir/pdgsmv_AXglobal.c.o" "CMakeFiles/superlu_dist-static.
            dir/pdGetDiagU.c.o" "CMakeFiles/superlu_dist-static.dir/pdgssvx3d.c.o" "CMakeFiles/superlu_dist-static.dir/dnrformat_loc3d.c.o" "CMakeFiles/superlu_dist-s
            tatic.dir/pdgstrf3d.c.o" "CMakeFiles/superlu_dist-static.dir/dtreeFactorization.c.o" "CMakeFiles/superlu_dist-static.dir/dtreeFactorizationGPU.c.o" "CMake
            Files/superlu_dist-static.dir/dgather.c.o" "CMakeFiles/superlu_dist-static.dir/dscatter3d.c.o" "CMakeFiles/superlu_dist-static.dir/pd3dcomm.c.o" "CMakeFil
            es/superlu_dist-static.dir/dtrfAux.c.o" "CMakeFiles/superlu_dist-static.dir/dcommunication_aux.c.o" "CMakeFiles/superlu_dist-static.dir/dtrfCommWrapper.c.
            o" "CMakeFiles/superlu_dist-static.dir/dsuperlu_blas.c.o" "CMakeFiles/superlu_dist-static.dir/dcomplex_dist.c.o" "CMakeFiles/superlu_dist-static.dir/zlang
            s_dist.c.o" "CMakeFiles/superlu_dist-static.dir/zgsequ_dist.c.o" "CMakeFiles/superlu_dist-static.dir/zlaqgs_dist.c.o" "CMakeFiles/superlu_dist-static.dir/
            zutil_dist.c.o" "CMakeFiles/superlu_dist-static.dir/zmemory_dist.c.o" "CMakeFiles/superlu_dist-static.dir/zmyblas2_dist.c.o" "CMakeFiles/superlu_dist-stat
            ic.dir/zsp_blas2_dist.c.o" "CMakeFiles/superlu_dist-static.dir/zsp_blas3_dist.c.o" "CMakeFiles/superlu_dist-static.dir/pzgssvx.c.o" "CMakeFiles/superlu_di
            st-static.dir/pzgssvx_ABglobal.c.o" "CMakeFiles/superlu_dist-static.dir/zreadhb.c.o" "CMakeFiles/superlu_dist-static.dir/zreadrb.c.o" "CMakeFiles/superlu_
            dist-static.dir/zreadtriple.c.o" "CMakeFiles/superlu_dist-static.dir/zreadtriple_noheader.c.o" "CMakeFiles/superlu_dist-static.dir/zbinary_io.c.o" "CMakeF
            iles/superlu_dist-static.dir/zreadMM.c.o" "CMakeFiles/superlu_dist-static.dir/pzgsequ.c.o" "CMakeFiles/superlu_dist-static.dir/pzlaqgs.c.o" "CMakeFiles/su
            perlu_dist-static.dir/zldperm_dist.c.o" "CMakeFiles/superlu_dist-static.dir/pzlangs.c.o" "CMakeFiles/superlu_dist-static.dir/pzutil.c.o" "CMakeFiles/super
            lu_dist-static.dir/pzsymbfact_distdata.c.o" "CMakeFiles/superlu_dist-static.dir/zdistribute.c.o" "CMakeFiles/superlu_dist-static.dir/pzdistribute.c.o" "CM
            akeFiles/superlu_dist-static.dir/pzgstrf.c.o" "CMakeFiles/superlu_dist-static.dir/zstatic_schedule.c.o" "CMakeFiles/superlu_dist-static.dir/pzgstrf2.c.o" 
            "CMakeFiles/superlu_dist-static.dir/pzgstrs.c.o" "CMakeFiles/superlu_dist-static.dir/pzgstrs1.c.o" "CMakeFiles/superlu_dist-static.dir/pzgstrs_lsum.c.o" "
            CMakeFiles/superlu_dist-static.dir/pzgstrs_Bglobal.c.o" "CMakeFiles/superlu_dist-static.dir/pzgsrfs.c.o" "CMakeFiles/superlu_dist-static.dir/pzgsmv.c.o" "
            CMakeFiles/superlu_dist-static.dir/pzgsrfs_ABXglobal.c.o" "CMakeFiles/superlu_dist-static.dir/pzgsmv_AXglobal.c.o" "CMakeFiles/superlu_dist-static.dir/pzG
            etDiagU.c.o" "CMakeFiles/superlu_dist-static.dir/pzgssvx3d.c.o" "CMakeFiles/superlu_dist-static.dir/znrformat_loc3d.c.o" "CMakeFiles/superlu_dist-static.d
            ir/pzgstrf3d.c.o" "CMakeFiles/superlu_dist-static.dir/ztreeFactorization.c.o" "CMakeFiles/superlu_dist-static.dir/ztreeFactorizationGPU.c.o" "CMakeFiles/s
            uperlu_dist-static.dir/zscatter3d.c.o" "CMakeFiles/superlu_dist-static.dir/zgather.c.o" "CMakeFiles/superlu_dist-static.dir/pz3dcomm.c.o" "CMakeFiles/supe
            rlu_dist-static.dir/ztrfAux.c.o" "CMakeFiles/superlu_dist-static.dir/zcommunication_aux.c.o" "CMakeFiles/superlu_dist-static.dir/ztrfCommWrapper.c.o" "CMa
            keFiles/superlu_dist-static.dir/zsuperlu_blas.c.o"
  >> 754    /opt/rocm-5.1.0/llvm/bin/llvm-ar: error: unknown option /
     755    OVERVIEW: LLVM Archiver
     756    
     757    USAGE: llvm-ar [options] [-]<operation>[modifiers] [relpos] [count] <archive> [files]
     758           llvm-ar -M [<mri-script]
     759    
     760    OPTIONS:

     ...

     798      [S] - do not build a symbol table
     799      [T] - create a thin archive
     800      [u] - update only [files] newer than archive contents
     801      [U] - use actual timestamps and uids/gids
     802      [v] - be verbose about actions taken
     803      [V] - display the version and exit
  >> 804    make[2]: *** [SRC/CMakeFiles/superlu_dist-static.dir/build.make:2117: SRC/libsuperlu_dist.a] Error 1
     805    make[2]: Leaving directory '/tmp/lpeyrala/spack-stage/spack-stage-superlu-dist-7.2.0-hbabqx4ingvlbtmaymigbzx3ptuyjd3m/spack-build-hbabqx4'
  >> 806    make[1]: *** [CMakeFiles/Makefile2:244: SRC/CMakeFiles/superlu_dist-static.dir/all] Error 2
     807    make[1]: Leaving directory '/tmp/lpeyrala/spack-stage/spack-stage-superlu-dist-7.2.0-hbabqx4ingvlbtmaymigbzx3ptuyjd3m/spack-build-hbabqx4'
  >> 808    make: *** [Makefile:149: all] Error 2

See build log for details:
  /tmp/lpeyrala/spack-stage/spack-stage-superlu-dist-7.2.0-hbabqx4ingvlbtmaymigbzx3ptuyjd3m/spack-build-out.txt

==> Installing py-cython-0.29.24-tgbghn7ofsrklirjx3jly4lykufdhbsf
==> No binary for py-cython-0.29.24-tgbghn7ofsrklirjx3jly4lykufdhbsf found: installing from source
==> Fetching https://mirror.spack.io/_source-cache/archive/cd/cdf04d07c3600860e8c2ebaad4e8f52ac3feb212453c1764a49ac08c827e8443.tar.gz
==> No patches needed for py-cython
==> py-cython: Executing phase: 'install'
==> py-cython: Successfully installed py-cython-0.29.24-tgbghn7ofsrklirjx3jly4lykufdhbsf
  Fetch: 0.30s.  Build: 1m 11.19s.  Total: 1m 11.49s.
[+] /gpfs/alpine/csc439/world-shared/E4S/ParaTools/develop/PrgEnv-cray/spack/opt/spack/cray-sles15-zen/cce-13.0.0/py-cython-0.29.24-tgbghn7ofsrklirjx3jly4lykufdhbsf
==> Installing py-numpy-1.22.3-lvijd46n6bm7guohdi4r7pxusuwd55gh
==> No binary for py-numpy-1.22.3-lvijd46n6bm7guohdi4r7pxusuwd55gh found: installing from source
==> Fetching https://mirror.spack.io/_source-cache/archive/db/dbc7601a3b7472d559dc7b933b18b4b66f9aa7452c120e87dfb33d02008c8a18.zip
==> Applied patch /gpfs/alpine/csc439/world-shared/E4S/ParaTools/develop/PrgEnv-cray/spack/var/spack/repos/builtin/packages/py-numpy/check_executables.patch
==> py-numpy: Executing phase: 'install'
==> py-numpy: Successfully installed py-numpy-1.22.3-lvijd46n6bm7guohdi4r7pxusuwd55gh
  Fetch: 0.48s.  Build: 3m 9.52s.  Total: 3m 10.00s.
[+] /gpfs/alpine/csc439/world-shared/E4S/ParaTools/develop/PrgEnv-cray/spack/opt/spack/cray-sles15-zen/cce-13.0.0/py-numpy-1.22.3-lvijd46n6bm7guohdi4r7pxusuwd55gh
==> Installing boost-1.79.0-2tdzlcvzm6w25jwot3bddzbcccvfcwpp
==> No binary for boost-1.79.0-2tdzlcvzm6w25jwot3bddzbcccvfcwpp found: installing from source
==> Fetching https://mirror.spack.io/_source-cache/archive/47/475d589d51a7f8b3ba2ba4eda022b170e562ca3b760ee922c146b6c65856ef39.tar.bz2
==> Applied patch /gpfs/alpine/csc439/world-shared/E4S/ParaTools/develop/PrgEnv-cray/spack/var/spack/repos/builtin/packages/boost/python_jam-1_77.patch
==> Applied patch /gpfs/alpine/csc439/world-shared/E4S/ParaTools/develop/PrgEnv-cray/spack/var/spack/repos/builtin/packages/boost/bootstrap-path.patch
==> Applied patch /gpfs/alpine/csc439/world-shared/E4S/ParaTools/develop/PrgEnv-cray/spack/var/spack/repos/builtin/packages/boost/bootstrap-compiler.patch
==> Ran patch() for boost
==> boost: Executing phase: 'install'
==> boost: Successfully installed boost-1.79.0-2tdzlcvzm6w25jwot3bddzbcccvfcwpp
  Fetch: 3.44s.  Build: 2m 13.34s.  Total: 2m 16.77s.
[+] /gpfs/alpine/csc439/world-shared/E4S/ParaTools/develop/PrgEnv-cray/spack/opt/spack/cray-sles15-zen/cce-13.0.0/boost-1.79.0-2tdzlcvzm6w25jwot3bddzbcccvfcwpp
==> Installing valgrind-3.18.1-rgfmdn5la2n47mom7zxgc34jqf44rxj2
==> No binary for valgrind-3.18.1-rgfmdn5la2n47mom7zxgc34jqf44rxj2 found: installing from source
==> Fetching https://mirror.spack.io/_source-cache/archive/00/00859aa13a772eddf7822225f4b46ee0d39afbe071d32778da4d99984081f7f5.tar.bz2
==> Ran patch() for valgrind
==> valgrind: Executing phase: 'autoreconf'
==> valgrind: Executing phase: 'configure'
==> valgrind: Executing phase: 'build'
==> Error: ProcessError: Command exited with status 2:
    'make' '-j16' 'V=1'

7 errors found in build log:
     1022    mv -f .deps/memcheck_amd64_linux-mc_leakcheck.Tpo .deps/memcheck_amd64_linux-mc_leakcheck.Po
     1023    mv -f .deps/vgpreload_memcheck_amd64_linux_so-mc_replace_strmem.Tpo .deps/vgpreload_memcheck_amd64_linux_so-mc_replace_strmem.Po
     1024    /gpfs/alpine/csc439/world-shared/E4S/ParaTools/develop/PrgEnv-cray/spack/lib/spack/env/cce/cc -m64 -O2 -g -Wall -Wmissing-prototypes -Wshadow -Wpointer-a
             rith -Wstrict-prototypes -Wmissing-declarations -Wcast-align -Wcast-qual -Wwrite-strings -Wempty-body -Wformat -Wformat-security -Wignored-qualifiers -We
             num-conversion -finline-functions -fno-stack-protector -fno-strict-aliasing -fno-builtin -Wno-cast-align -Wno-self-assign -Wno-tautological-compare  -O -
             g -fno-omit-frame-pointer -fno-strict-aliasing -fpic -fno-builtin  -O2  -nodefaultlibs -shared -Wl,-z,interpose,-z,initfirst  -m64 -Wl,--whole-archive ..
             /coregrind/libreplacemalloc_toolpreload-amd64-linux.a -Wl,--no-whole-archive  -o vgpreload_memcheck-amd64-linux.so vgpreload_memcheck_amd64_linux_so-mc_r
             eplace_strmem.o
     1025    mv -f .deps/memcheck_amd64_linux-mc_translate.Tpo .deps/memcheck_amd64_linux-mc_translate.Po
     1026    mv -f .deps/memcheck_amd64_linux-mc_main.Tpo .deps/memcheck_amd64_linux-mc_main.Po
     1027    ../coregrind/link_tool_exe_linux 0x58000000 /gpfs/alpine/csc439/world-shared/E4S/ParaTools/develop/PrgEnv-cray/spack/lib/spack/env/cce/cc     -o memcheck
             -amd64-linux  -m64 -O2 -g -Wall -Wmissing-prototypes -Wshadow -Wpointer-arith -Wstrict-prototypes -Wmissing-declarations -Wcast-align -Wcast-qual -Wwrite
             -strings -Wempty-body -Wformat -Wformat-security -Wignored-qualifiers -Wenum-conversion -finline-functions -fno-stack-protector -fno-strict-aliasing -fno
             -builtin -Wno-cast-align -Wno-self-assign -Wno-tautological-compare  -fomit-frame-pointer -O2 -static -nodefaultlibs -nostartfiles -u _start -Wl,--build-
             id=none -m64 memcheck_amd64_linux-mc_leakcheck.o memcheck_amd64_linux-mc_malloc_wrappers.o memcheck_amd64_linux-mc_main.o memcheck_amd64_linux-mc_main_as
             m.o memcheck_amd64_linux-mc_translate.o memcheck_amd64_linux-mc_machine.o memcheck_amd64_linux-mc_errors.o ../coregrind/libcoregrind-amd64-linux.a ../VEX
             /libvex-amd64-linux.a -lgcc ../coregrind/libgcc-sup-amd64-linux.a
  >> 1028    ld.lld: error: undefined symbol: strncmp
     1029    >>> referenced by no_mmap.c
     1030    >>>               /opt/cray/pe/cce/13.0.0/cce/x86_64/lib/no_mmap.o:(__no_mmap_for_malloc)
     1031    >>> referenced by no_mmap.c
     1032    >>>               /opt/cray/pe/cce/13.0.0/cce/x86_64/lib/no_mmap.o:(__no_mmap_for_malloc)
     1033    >>> referenced by no_mmap.c
     1034    >>>               /opt/cray/pe/cce/13.0.0/cce/x86_64/lib/no_mmap.o:(__no_mmap_for_malloc)
     1035    
  >> 1036    ld.lld: error: undefined symbol: mallopt
     1037    >>> referenced by no_mmap.c
     1038    >>>               /opt/cray/pe/cce/13.0.0/cce/x86_64/lib/no_mmap.o:(__no_mmap_for_malloc)
     1039    >>> referenced by no_mmap.c
     1040    >>>               /opt/cray/pe/cce/13.0.0/cce/x86_64/lib/no_mmap.o:(__no_mmap_for_malloc)
  >> 1041    clang-13: error: linker command failed with exit code 1 (use -v to see invocation)
  >> 1042    make[3]: *** [Makefile:1109: memcheck-amd64-linux] Error 1
     1043    make[3]: Leaving directory '/tmp/lpeyrala/spack-stage/spack-stage-valgrind-3.18.1-rgfmdn5la2n47mom7zxgc34jqf44rxj2/spack-src/memcheck'
  >> 1044    make[2]: *** [Makefile:1420: all-recursive] Error 1
     1045    make[2]: Leaving directory '/tmp/lpeyrala/spack-stage/spack-stage-valgrind-3.18.1-rgfmdn5la2n47mom7zxgc34jqf44rxj2/spack-src/memcheck'
  >> 1046    make[1]: *** [Makefile:889: all-recursive] Error 1
     1047    make[1]: Leaving directory '/tmp/lpeyrala/spack-stage/spack-stage-valgrind-3.18.1-rgfmdn5la2n47mom7zxgc34jqf44rxj2/spack-src'
  >> 1048    make: *** [Makefile:754: all] Error 2

See build log for details:
  /tmp/lpeyrala/spack-stage/spack-stage-valgrind-3.18.1-rgfmdn5la2n47mom7zxgc34jqf44rxj2/spack-build-out.txt

==> Warning: Skipping build of openmpi-4.1.3-a3mkdtyencgvizf5hjcejqjgojgyarmy since valgrind-3.18.1-rgfmdn5la2n47mom7zxgc34jqf44rxj2 failed
==> Warning: Skipping build of caliper-2.7.0-2sh4upzygtnkfkokpnd4bsxghenssyn3 since openmpi-4.1.3-a3mkdtyencgvizf5hjcejqjgojgyarmy failed
==> Warning: Skipping build of adiak-0.2.1-fee2qzfsmahkv5vqwbr3pg25gy6ddkjl since openmpi-4.1.3-a3mkdtyencgvizf5hjcejqjgojgyarmy failed
==> Error: superlu-dist-7.2.0-hbabqx4ingvlbtmaymigbzx3ptuyjd3m: ProcessError: Command exited with status 2:
    'make' '-j16'
==> Error: caliper-2.7.0-2sh4upzygtnkfkokpnd4bsxghenssyn3: Package was not installed
==> Error: superlu-dist-7.2.0-hbabqx4ingvlbtmaymigbzx3ptuyjd3m: Package was not installed
==> Error: Installation request failed.  Refer to reported errors for failing package(s).

real	14m59.493s
user	30m17.580s
sys	3m27.596s
