==> Starting concretization pool with 12 processes
==> Environment concretized in 16.05 seconds.
==> Concretized exago@5-18-2022-snapshot+hiop~ipopt+mpi+python+raja+rocm amdgpu_target=gfx90a ^coinhsl@2015.06.23 ^hiop@develop+mpi+raja+rocm+sparse amdgpu_target=gfx90a
[+]  vfr6w32  exago@5-18-2022-snapshot%gcc@11.2.0~cuda+hiop~ipo~ipopt+mpi+python+raja+rocm amdgpu_target=gfx90a build_type=RelWithDebInfo arch=cray-sles15-zen3
[+]  zsdz2mg      ^cmake@3.20.6%gcc@11.2.0~doc+ncurses+ownlibs~qt build_type=Release arch=cray-sles15-zen3
[+]  2t22mc5          ^ncurses@6.2%gcc@11.2.0~symlinks+termlib abi=none arch=cray-sles15-zen3
[+]  nugfov2              ^pkgconf@1.8.0%gcc@11.2.0 arch=cray-sles15-zen3
[+]  i2r3jpl          ^openssl@1.1.1o%gcc@11.2.0~docs~shared certs=system arch=cray-sles15-zen3
[-]  ekj3iat              ^perl@5.34.1%gcc@11.2.0+cpanm+shared+threads arch=cray-sles15-zen3
[-]  hafeanv                  ^berkeley-db@18.1.40%gcc@11.2.0+cxx~docs+stl patches=b231fcc arch=cray-sles15-zen3
[+]  blbwwl4                  ^bzip2@1.0.8%gcc@11.2.0~debug~pic+shared arch=cray-sles15-zen3
[-]  gvbyw6w                      ^diffutils@3.8%gcc@11.2.0 arch=cray-sles15-zen3
[+]  3xwztgy                          ^libiconv@1.16%gcc@11.2.0 libs=shared,static arch=cray-sles15-zen3
[+]  bxrz7zm                  ^gdbm@1.19%gcc@11.2.0 arch=cray-sles15-zen3
[+]  avhrefq                      ^readline@8.1%gcc@11.2.0 arch=cray-sles15-zen3
[+]  ozmcyfj                  ^zlib@1.2.12%gcc@11.2.0+optimize+pic+shared patches=0d38234 arch=cray-sles15-zen3
[+]  u3ebvcw      ^cray-mpich@8.1.16%gcc@11.2.0+wrappers arch=cray-sles15-zen3
[+]  dotthod      ^hiop@develop%gcc@11.2.0~cuda~cusolver~deepchecking~ginkgo~ipo~jsrun~kron+mpi+raja+rocm~shared+sparse amdgpu_target=gfx90a build_type=RelWithDebInfo arch=cray-sles15-zen3
[+]  2e7tpzm          ^coinhsl@2015.06.23%gcc@11.2.0+blas arch=cray-sles15-zen3
[+]  c6hs7o5              ^openblas@0.3.20%gcc@11.2.0~bignuma~consistent_fpcsr~ilp64+locking+pic+shared symbol_suffix=none threads=openmp arch=cray-sles15-zen3
[+]  bo2sh7l          ^hip@5.1.0%gcc@11.2.0~ipo build_type=Release patches=3b25db8 arch=cray-sles15-zen3
[+]  rbg5xxt          ^hipblas@5.1.0%gcc@11.2.0~ipo build_type=Release arch=cray-sles15-zen3
[+]  2t7gzld          ^hipsparse@5.1.0%gcc@11.2.0~ipo build_type=Release arch=cray-sles15-zen3
[+]  lpiauoe          ^hsa-rocr-dev@5.1.0%gcc@11.2.0+image~ipo+shared build_type=Release patches=71e6851 arch=cray-sles15-zen3
[+]  c2h3tmh          ^llvm-amdgpu@5.1.0%gcc@11.2.0~ipo~link_llvm_dylib~llvm_dylib~openmp+rocm-device-libs build_type=Release arch=cray-sles15-zen3
[+]  os5lrhc          ^magma@2.6.2%gcc@11.2.0~cuda+fortran~ipo+rocm+shared amdgpu_target=gfx90a build_type=RelWithDebInfo arch=cray-sles15-zen3
[+]  h5yqvkh          ^metis@5.1.0%gcc@11.2.0~gdb~int64~real64+shared build_type=Release patches=4991da9,b1225da arch=cray-sles15-zen3
[+]  k2yga7g          ^raja@0.14.0%gcc@11.2.0~cuda+examples+exercises~ipo~openmp+rocm+shared~tests amdgpu_target=gfx90a build_type=RelWithDebInfo arch=cray-sles15-zen3
[+]  3ow53g4              ^blt@0.4.1%gcc@11.2.0 arch=cray-sles15-zen3
[+]  5vakyfh              ^camp@0.2.2%gcc@11.2.0~cuda~ipo+rocm~tests amdgpu_target=gfx90a build_type=RelWithDebInfo arch=cray-sles15-zen3
[+]  fizpldm          ^umpire@6.0.0%gcc@11.2.0+c~cuda~deviceconst+examples~fortran~ipo~numa~openmp+rocm+shared amdgpu_target=gfx90a build_type=RelWithDebInfo tests=none arch=cray-sles15-zen3
[+]  gz76m2j      ^petsc@3.16.6%gcc@11.2.0~X~batch~cgns~complex~cuda~debug+double~exodusii~fftw+fortran~giflib+hdf5~hpddm~hwloc+hypre~int64~jpeg~knl~kokkos~libpng~libyaml~memkind+metis~mkl-pardiso~mmg~moab~mpfr+mpi~mumps~openmp~p4est~parmmg~ptscotch~random123~rocm~saws~scalapack+shared~strumpack~suite-sparse+superlu-dist~tetgen~trilinos~valgrind clanguage=C arch=cray-sles15-zen3
[+]  73xb7cb          ^hdf5@1.12.2%gcc@11.2.0~cxx+fortran+hl~ipo~java+mpi+shared~szip~threadsafe+tools api=default build_type=RelWithDebInfo arch=cray-sles15-zen3
[+]  4orb2cp          ^hypre@2.24.0%gcc@11.2.0~complex~cuda~debug+fortran~gptune~int64~internal-superlu~mixedint+mpi~openmp~rocm+shared~superlu-dist~unified-memory arch=cray-sles15-zen3
[+]  bao2e5a          ^parmetis@4.0.3%gcc@11.2.0~gdb~int64~ipo+shared build_type=RelWithDebInfo patches=4f89253,50ed208,704b84f arch=cray-sles15-zen3
[+]  x6a2psn          ^python@3.8.12%gcc@11.2.0+bz2+ctypes+dbm~debug+ensurepip+libxml2+lzma~nis~optimizations+pic+pyexpat+pythoncmd+readline+shared+sqlite3+ssl~tix~tkinter~ucs4+uuid+zlib patches=0d98e93,4c24573,ebdca64,f2fd060 arch=cray-sles15-zen3
[+]  yvchkv2              ^expat@2.4.8%gcc@11.2.0+libbsd arch=cray-sles15-zen3
[+]  uomjj7i                  ^libbsd@0.11.5%gcc@11.2.0 arch=cray-sles15-zen3
[+]  iynqjjk                      ^libmd@1.0.4%gcc@11.2.0 arch=cray-sles15-zen3
[+]  qecbeh5              ^gettext@0.21%gcc@11.2.0+bzip2+curses+git~libunistring+libxml2+tar+xz arch=cray-sles15-zen3
[+]  uaarf7u                  ^libxml2@2.9.13%gcc@11.2.0~python arch=cray-sles15-zen3
[+]  u4cyfrk                      ^xz@5.2.5%gcc@11.2.0+pic libs=shared,static arch=cray-sles15-zen3
[+]  nau7bkz                  ^tar@1.34%gcc@11.2.0 arch=cray-sles15-zen3
[+]  nchqwcq              ^libffi@3.4.2%gcc@11.2.0 arch=cray-sles15-zen3
[+]  apsv2yn              ^sqlite@3.38.5%gcc@11.2.0+column_metadata+dynamic_extensions+fts~functions+rtree arch=cray-sles15-zen3
[+]  punjooc              ^util-linux-uuid@2.37.4%gcc@11.2.0 arch=cray-sles15-zen3
[+]  6pfkqtl          ^superlu-dist@7.2.0%gcc@11.2.0~cuda~int64~ipo~openmp~rocm+shared build_type=RelWithDebInfo patches=8da9e21 arch=cray-sles15-zen3
[+]  kirfqhf      ^py-mpi4py@3.1.2%gcc@11.2.0 arch=cray-sles15-zen3
[-]  sirfnl5          ^py-pip@21.3.1%gcc@11.2.0 arch=cray-sles15-zen3
[-]  33nwwal          ^py-setuptools@59.4.0%gcc@11.2.0 arch=cray-sles15-zen3
[-]  ikg4dnd              ^py-wheel@0.37.0%gcc@11.2.0 arch=cray-sles15-zen3

==> Concretized exago@5-18-2022-snapshot+hiop~ipopt+mpi+python+raja+rocm amdgpu_target=gfx90a ^coinhsl@2019.05.21 ^hiop@develop+mpi+raja+rocm+sparse amdgpu_target=gfx90a
[+]  5v3moqa  exago@5-18-2022-snapshot%gcc@11.2.0~cuda+hiop~ipo~ipopt+mpi+python+raja+rocm amdgpu_target=gfx90a build_type=RelWithDebInfo arch=cray-sles15-zen3
[+]  zsdz2mg      ^cmake@3.20.6%gcc@11.2.0~doc+ncurses+ownlibs~qt build_type=Release arch=cray-sles15-zen3
[+]  2t22mc5          ^ncurses@6.2%gcc@11.2.0~symlinks+termlib abi=none arch=cray-sles15-zen3
[+]  nugfov2              ^pkgconf@1.8.0%gcc@11.2.0 arch=cray-sles15-zen3
[+]  i2r3jpl          ^openssl@1.1.1o%gcc@11.2.0~docs~shared certs=system arch=cray-sles15-zen3
[-]  ekj3iat              ^perl@5.34.1%gcc@11.2.0+cpanm+shared+threads arch=cray-sles15-zen3
[-]  hafeanv                  ^berkeley-db@18.1.40%gcc@11.2.0+cxx~docs+stl patches=b231fcc arch=cray-sles15-zen3
[+]  blbwwl4                  ^bzip2@1.0.8%gcc@11.2.0~debug~pic+shared arch=cray-sles15-zen3
[-]  gvbyw6w                      ^diffutils@3.8%gcc@11.2.0 arch=cray-sles15-zen3
[+]  3xwztgy                          ^libiconv@1.16%gcc@11.2.0 libs=shared,static arch=cray-sles15-zen3
[+]  bxrz7zm                  ^gdbm@1.19%gcc@11.2.0 arch=cray-sles15-zen3
[+]  avhrefq                      ^readline@8.1%gcc@11.2.0 arch=cray-sles15-zen3
[+]  ozmcyfj                  ^zlib@1.2.12%gcc@11.2.0+optimize+pic+shared patches=0d38234 arch=cray-sles15-zen3
[+]  u3ebvcw      ^cray-mpich@8.1.16%gcc@11.2.0+wrappers arch=cray-sles15-zen3
[+]  b7hbm6z      ^hiop@develop%gcc@11.2.0~cuda~cusolver~deepchecking~ginkgo~ipo~jsrun~kron+mpi+raja+rocm~shared+sparse amdgpu_target=gfx90a build_type=RelWithDebInfo arch=cray-sles15-zen3
[+]  jeayvug          ^coinhsl@2019.05.21%gcc@11.2.0+blas arch=cray-sles15-zen3
[+]  c6hs7o5              ^openblas@0.3.20%gcc@11.2.0~bignuma~consistent_fpcsr~ilp64+locking+pic+shared symbol_suffix=none threads=openmp arch=cray-sles15-zen3
[+]  bo2sh7l          ^hip@5.1.0%gcc@11.2.0~ipo build_type=Release patches=3b25db8 arch=cray-sles15-zen3
[+]  rbg5xxt          ^hipblas@5.1.0%gcc@11.2.0~ipo build_type=Release arch=cray-sles15-zen3
[+]  2t7gzld          ^hipsparse@5.1.0%gcc@11.2.0~ipo build_type=Release arch=cray-sles15-zen3
[+]  lpiauoe          ^hsa-rocr-dev@5.1.0%gcc@11.2.0+image~ipo+shared build_type=Release patches=71e6851 arch=cray-sles15-zen3
[+]  c2h3tmh          ^llvm-amdgpu@5.1.0%gcc@11.2.0~ipo~link_llvm_dylib~llvm_dylib~openmp+rocm-device-libs build_type=Release arch=cray-sles15-zen3
[+]  os5lrhc          ^magma@2.6.2%gcc@11.2.0~cuda+fortran~ipo+rocm+shared amdgpu_target=gfx90a build_type=RelWithDebInfo arch=cray-sles15-zen3
[+]  h5yqvkh          ^metis@5.1.0%gcc@11.2.0~gdb~int64~real64+shared build_type=Release patches=4991da9,b1225da arch=cray-sles15-zen3
[+]  k2yga7g          ^raja@0.14.0%gcc@11.2.0~cuda+examples+exercises~ipo~openmp+rocm+shared~tests amdgpu_target=gfx90a build_type=RelWithDebInfo arch=cray-sles15-zen3
[+]  3ow53g4              ^blt@0.4.1%gcc@11.2.0 arch=cray-sles15-zen3
[+]  5vakyfh              ^camp@0.2.2%gcc@11.2.0~cuda~ipo+rocm~tests amdgpu_target=gfx90a build_type=RelWithDebInfo arch=cray-sles15-zen3
[+]  fizpldm          ^umpire@6.0.0%gcc@11.2.0+c~cuda~deviceconst+examples~fortran~ipo~numa~openmp+rocm+shared amdgpu_target=gfx90a build_type=RelWithDebInfo tests=none arch=cray-sles15-zen3
[+]  gz76m2j      ^petsc@3.16.6%gcc@11.2.0~X~batch~cgns~complex~cuda~debug+double~exodusii~fftw+fortran~giflib+hdf5~hpddm~hwloc+hypre~int64~jpeg~knl~kokkos~libpng~libyaml~memkind+metis~mkl-pardiso~mmg~moab~mpfr+mpi~mumps~openmp~p4est~parmmg~ptscotch~random123~rocm~saws~scalapack+shared~strumpack~suite-sparse+superlu-dist~tetgen~trilinos~valgrind clanguage=C arch=cray-sles15-zen3
[+]  73xb7cb          ^hdf5@1.12.2%gcc@11.2.0~cxx+fortran+hl~ipo~java+mpi+shared~szip~threadsafe+tools api=default build_type=RelWithDebInfo arch=cray-sles15-zen3
[+]  4orb2cp          ^hypre@2.24.0%gcc@11.2.0~complex~cuda~debug+fortran~gptune~int64~internal-superlu~mixedint+mpi~openmp~rocm+shared~superlu-dist~unified-memory arch=cray-sles15-zen3
[+]  bao2e5a          ^parmetis@4.0.3%gcc@11.2.0~gdb~int64~ipo+shared build_type=RelWithDebInfo patches=4f89253,50ed208,704b84f arch=cray-sles15-zen3
[+]  x6a2psn          ^python@3.8.12%gcc@11.2.0+bz2+ctypes+dbm~debug+ensurepip+libxml2+lzma~nis~optimizations+pic+pyexpat+pythoncmd+readline+shared+sqlite3+ssl~tix~tkinter~ucs4+uuid+zlib patches=0d98e93,4c24573,ebdca64,f2fd060 arch=cray-sles15-zen3
[+]  yvchkv2              ^expat@2.4.8%gcc@11.2.0+libbsd arch=cray-sles15-zen3
[+]  uomjj7i                  ^libbsd@0.11.5%gcc@11.2.0 arch=cray-sles15-zen3
[+]  iynqjjk                      ^libmd@1.0.4%gcc@11.2.0 arch=cray-sles15-zen3
[+]  qecbeh5              ^gettext@0.21%gcc@11.2.0+bzip2+curses+git~libunistring+libxml2+tar+xz arch=cray-sles15-zen3
[+]  uaarf7u                  ^libxml2@2.9.13%gcc@11.2.0~python arch=cray-sles15-zen3
[+]  u4cyfrk                      ^xz@5.2.5%gcc@11.2.0+pic libs=shared,static arch=cray-sles15-zen3
[+]  nau7bkz                  ^tar@1.34%gcc@11.2.0 arch=cray-sles15-zen3
[+]  nchqwcq              ^libffi@3.4.2%gcc@11.2.0 arch=cray-sles15-zen3
[+]  apsv2yn              ^sqlite@3.38.5%gcc@11.2.0+column_metadata+dynamic_extensions+fts~functions+rtree arch=cray-sles15-zen3
[+]  punjooc              ^util-linux-uuid@2.37.4%gcc@11.2.0 arch=cray-sles15-zen3
[+]  6pfkqtl          ^superlu-dist@7.2.0%gcc@11.2.0~cuda~int64~ipo~openmp~rocm+shared build_type=RelWithDebInfo patches=8da9e21 arch=cray-sles15-zen3
[+]  kirfqhf      ^py-mpi4py@3.1.2%gcc@11.2.0 arch=cray-sles15-zen3
[-]  sirfnl5          ^py-pip@21.3.1%gcc@11.2.0 arch=cray-sles15-zen3
[-]  33nwwal          ^py-setuptools@59.4.0%gcc@11.2.0 arch=cray-sles15-zen3
[-]  ikg4dnd              ^py-wheel@0.37.0%gcc@11.2.0 arch=cray-sles15-zen3

==> Concretized exago@5-18-2022-snapshot+hiop~ipopt+mpi+python+raja+rocm amdgpu_target=gfx90a ^coinhsl@2015.06.23 ^hiop@develop+kron+mpi+raja+rocm+sparse amdgpu_target=gfx90a
[+]  a7p6ocm  exago@5-18-2022-snapshot%gcc@11.2.0~cuda+hiop~ipo~ipopt+mpi+python+raja+rocm amdgpu_target=gfx90a build_type=RelWithDebInfo arch=cray-sles15-zen3
[+]  zsdz2mg      ^cmake@3.20.6%gcc@11.2.0~doc+ncurses+ownlibs~qt build_type=Release arch=cray-sles15-zen3
[+]  2t22mc5          ^ncurses@6.2%gcc@11.2.0~symlinks+termlib abi=none arch=cray-sles15-zen3
[+]  nugfov2              ^pkgconf@1.8.0%gcc@11.2.0 arch=cray-sles15-zen3
[+]  i2r3jpl          ^openssl@1.1.1o%gcc@11.2.0~docs~shared certs=system arch=cray-sles15-zen3
[-]  ekj3iat              ^perl@5.34.1%gcc@11.2.0+cpanm+shared+threads arch=cray-sles15-zen3
[-]  hafeanv                  ^berkeley-db@18.1.40%gcc@11.2.0+cxx~docs+stl patches=b231fcc arch=cray-sles15-zen3
[+]  blbwwl4                  ^bzip2@1.0.8%gcc@11.2.0~debug~pic+shared arch=cray-sles15-zen3
[-]  gvbyw6w                      ^diffutils@3.8%gcc@11.2.0 arch=cray-sles15-zen3
[+]  3xwztgy                          ^libiconv@1.16%gcc@11.2.0 libs=shared,static arch=cray-sles15-zen3
[+]  bxrz7zm                  ^gdbm@1.19%gcc@11.2.0 arch=cray-sles15-zen3
[+]  avhrefq                      ^readline@8.1%gcc@11.2.0 arch=cray-sles15-zen3
[+]  ozmcyfj                  ^zlib@1.2.12%gcc@11.2.0+optimize+pic+shared patches=0d38234 arch=cray-sles15-zen3
[+]  u3ebvcw      ^cray-mpich@8.1.16%gcc@11.2.0+wrappers arch=cray-sles15-zen3
[+]  gitsick      ^hiop@develop%gcc@11.2.0~cuda~cusolver~deepchecking~ginkgo~ipo~jsrun+kron+mpi+raja+rocm~shared+sparse amdgpu_target=gfx90a build_type=RelWithDebInfo arch=cray-sles15-zen3
[+]  2e7tpzm          ^coinhsl@2015.06.23%gcc@11.2.0+blas arch=cray-sles15-zen3
[+]  c6hs7o5              ^openblas@0.3.20%gcc@11.2.0~bignuma~consistent_fpcsr~ilp64+locking+pic+shared symbol_suffix=none threads=openmp arch=cray-sles15-zen3
[+]  bo2sh7l          ^hip@5.1.0%gcc@11.2.0~ipo build_type=Release patches=3b25db8 arch=cray-sles15-zen3
[+]  rbg5xxt          ^hipblas@5.1.0%gcc@11.2.0~ipo build_type=Release arch=cray-sles15-zen3
[+]  2t7gzld          ^hipsparse@5.1.0%gcc@11.2.0~ipo build_type=Release arch=cray-sles15-zen3
[+]  lpiauoe          ^hsa-rocr-dev@5.1.0%gcc@11.2.0+image~ipo+shared build_type=Release patches=71e6851 arch=cray-sles15-zen3
[+]  c2h3tmh          ^llvm-amdgpu@5.1.0%gcc@11.2.0~ipo~link_llvm_dylib~llvm_dylib~openmp+rocm-device-libs build_type=Release arch=cray-sles15-zen3
[+]  os5lrhc          ^magma@2.6.2%gcc@11.2.0~cuda+fortran~ipo+rocm+shared amdgpu_target=gfx90a build_type=RelWithDebInfo arch=cray-sles15-zen3
[+]  h5yqvkh          ^metis@5.1.0%gcc@11.2.0~gdb~int64~real64+shared build_type=Release patches=4991da9,b1225da arch=cray-sles15-zen3
[+]  k2yga7g          ^raja@0.14.0%gcc@11.2.0~cuda+examples+exercises~ipo~openmp+rocm+shared~tests amdgpu_target=gfx90a build_type=RelWithDebInfo arch=cray-sles15-zen3
[+]  3ow53g4              ^blt@0.4.1%gcc@11.2.0 arch=cray-sles15-zen3
[+]  5vakyfh              ^camp@0.2.2%gcc@11.2.0~cuda~ipo+rocm~tests amdgpu_target=gfx90a build_type=RelWithDebInfo arch=cray-sles15-zen3
[+]  bxnsz2i          ^suite-sparse@5.10.1%gcc@11.2.0~cuda~graphblas~openmp+pic~tbb arch=cray-sles15-zen3
[+]  pu5n6fh              ^gmp@6.2.1%gcc@11.2.0 libs=shared,static arch=cray-sles15-zen3
[-]  al4xc7v                  ^autoconf@2.69%gcc@11.2.0 patches=35c4492,7793209,a49dd5b arch=cray-sles15-zen3
[-]  flsruli                      ^m4@1.4.19%gcc@11.2.0+sigsegv patches=9dc5fbd,bfdffa7 arch=cray-sles15-zen3
[-]  wcuq435                          ^libsigsegv@2.13%gcc@11.2.0 arch=cray-sles15-zen3
[-]  2uxxcnx                  ^automake@1.16.5%gcc@11.2.0 arch=cray-sles15-zen3
[-]  56oycjj                  ^libtool@2.4.7%gcc@11.2.0 arch=cray-sles15-zen3
[+]  qhhx4yh              ^mpfr@4.1.0%gcc@11.2.0 libs=shared,static arch=cray-sles15-zen3
[-]  zgi3ivi                  ^autoconf-archive@2022.02.11%gcc@11.2.0 patches=130cd48 arch=cray-sles15-zen3
[-]  6nvqdqi                  ^texinfo@6.5%gcc@11.2.0 patches=12f6edb,1732115 arch=cray-sles15-zen3
[+]  fizpldm          ^umpire@6.0.0%gcc@11.2.0+c~cuda~deviceconst+examples~fortran~ipo~numa~openmp+rocm+shared amdgpu_target=gfx90a build_type=RelWithDebInfo tests=none arch=cray-sles15-zen3
[+]  gz76m2j      ^petsc@3.16.6%gcc@11.2.0~X~batch~cgns~complex~cuda~debug+double~exodusii~fftw+fortran~giflib+hdf5~hpddm~hwloc+hypre~int64~jpeg~knl~kokkos~libpng~libyaml~memkind+metis~mkl-pardiso~mmg~moab~mpfr+mpi~mumps~openmp~p4est~parmmg~ptscotch~random123~rocm~saws~scalapack+shared~strumpack~suite-sparse+superlu-dist~tetgen~trilinos~valgrind clanguage=C arch=cray-sles15-zen3
[+]  73xb7cb          ^hdf5@1.12.2%gcc@11.2.0~cxx+fortran+hl~ipo~java+mpi+shared~szip~threadsafe+tools api=default build_type=RelWithDebInfo arch=cray-sles15-zen3
[+]  4orb2cp          ^hypre@2.24.0%gcc@11.2.0~complex~cuda~debug+fortran~gptune~int64~internal-superlu~mixedint+mpi~openmp~rocm+shared~superlu-dist~unified-memory arch=cray-sles15-zen3
[+]  bao2e5a          ^parmetis@4.0.3%gcc@11.2.0~gdb~int64~ipo+shared build_type=RelWithDebInfo patches=4f89253,50ed208,704b84f arch=cray-sles15-zen3
[+]  x6a2psn          ^python@3.8.12%gcc@11.2.0+bz2+ctypes+dbm~debug+ensurepip+libxml2+lzma~nis~optimizations+pic+pyexpat+pythoncmd+readline+shared+sqlite3+ssl~tix~tkinter~ucs4+uuid+zlib patches=0d98e93,4c24573,ebdca64,f2fd060 arch=cray-sles15-zen3
[+]  yvchkv2              ^expat@2.4.8%gcc@11.2.0+libbsd arch=cray-sles15-zen3
[+]  uomjj7i                  ^libbsd@0.11.5%gcc@11.2.0 arch=cray-sles15-zen3
[+]  iynqjjk                      ^libmd@1.0.4%gcc@11.2.0 arch=cray-sles15-zen3
[+]  qecbeh5              ^gettext@0.21%gcc@11.2.0+bzip2+curses+git~libunistring+libxml2+tar+xz arch=cray-sles15-zen3
[+]  uaarf7u                  ^libxml2@2.9.13%gcc@11.2.0~python arch=cray-sles15-zen3
[+]  u4cyfrk                      ^xz@5.2.5%gcc@11.2.0+pic libs=shared,static arch=cray-sles15-zen3
[+]  nau7bkz                  ^tar@1.34%gcc@11.2.0 arch=cray-sles15-zen3
[+]  nchqwcq              ^libffi@3.4.2%gcc@11.2.0 arch=cray-sles15-zen3
[+]  apsv2yn              ^sqlite@3.38.5%gcc@11.2.0+column_metadata+dynamic_extensions+fts~functions+rtree arch=cray-sles15-zen3
[+]  punjooc              ^util-linux-uuid@2.37.4%gcc@11.2.0 arch=cray-sles15-zen3
[+]  6pfkqtl          ^superlu-dist@7.2.0%gcc@11.2.0~cuda~int64~ipo~openmp~rocm+shared build_type=RelWithDebInfo patches=8da9e21 arch=cray-sles15-zen3
[+]  kirfqhf      ^py-mpi4py@3.1.2%gcc@11.2.0 arch=cray-sles15-zen3
[-]  sirfnl5          ^py-pip@21.3.1%gcc@11.2.0 arch=cray-sles15-zen3
[-]  33nwwal          ^py-setuptools@59.4.0%gcc@11.2.0 arch=cray-sles15-zen3
[-]  ikg4dnd              ^py-wheel@0.37.0%gcc@11.2.0 arch=cray-sles15-zen3

==> Concretized exago@5-18-2022-snapshot+hiop~ipopt+mpi+python+raja+rocm amdgpu_target=gfx90a ^coinhsl@2019.05.21 ^hiop@develop+kron+mpi+raja+rocm+sparse amdgpu_target=gfx90a
[+]  uh7sgkl  exago@5-18-2022-snapshot%gcc@11.2.0~cuda+hiop~ipo~ipopt+mpi+python+raja+rocm amdgpu_target=gfx90a build_type=RelWithDebInfo arch=cray-sles15-zen3
[+]  zsdz2mg      ^cmake@3.20.6%gcc@11.2.0~doc+ncurses+ownlibs~qt build_type=Release arch=cray-sles15-zen3
[+]  2t22mc5          ^ncurses@6.2%gcc@11.2.0~symlinks+termlib abi=none arch=cray-sles15-zen3
[+]  nugfov2              ^pkgconf@1.8.0%gcc@11.2.0 arch=cray-sles15-zen3
[+]  i2r3jpl          ^openssl@1.1.1o%gcc@11.2.0~docs~shared certs=system arch=cray-sles15-zen3
[-]  ekj3iat              ^perl@5.34.1%gcc@11.2.0+cpanm+shared+threads arch=cray-sles15-zen3
[-]  hafeanv                  ^berkeley-db@18.1.40%gcc@11.2.0+cxx~docs+stl patches=b231fcc arch=cray-sles15-zen3
[+]  blbwwl4                  ^bzip2@1.0.8%gcc@11.2.0~debug~pic+shared arch=cray-sles15-zen3
[-]  gvbyw6w                      ^diffutils@3.8%gcc@11.2.0 arch=cray-sles15-zen3
[+]  3xwztgy                          ^libiconv@1.16%gcc@11.2.0 libs=shared,static arch=cray-sles15-zen3
[+]  bxrz7zm                  ^gdbm@1.19%gcc@11.2.0 arch=cray-sles15-zen3
[+]  avhrefq                      ^readline@8.1%gcc@11.2.0 arch=cray-sles15-zen3
[+]  ozmcyfj                  ^zlib@1.2.12%gcc@11.2.0+optimize+pic+shared patches=0d38234 arch=cray-sles15-zen3
[+]  u3ebvcw      ^cray-mpich@8.1.16%gcc@11.2.0+wrappers arch=cray-sles15-zen3
[+]  mhof676      ^hiop@develop%gcc@11.2.0~cuda~cusolver~deepchecking~ginkgo~ipo~jsrun+kron+mpi+raja+rocm~shared+sparse amdgpu_target=gfx90a build_type=RelWithDebInfo arch=cray-sles15-zen3
[+]  jeayvug          ^coinhsl@2019.05.21%gcc@11.2.0+blas arch=cray-sles15-zen3
[+]  c6hs7o5              ^openblas@0.3.20%gcc@11.2.0~bignuma~consistent_fpcsr~ilp64+locking+pic+shared symbol_suffix=none threads=openmp arch=cray-sles15-zen3
[+]  bo2sh7l          ^hip@5.1.0%gcc@11.2.0~ipo build_type=Release patches=3b25db8 arch=cray-sles15-zen3
[+]  rbg5xxt          ^hipblas@5.1.0%gcc@11.2.0~ipo build_type=Release arch=cray-sles15-zen3
[+]  2t7gzld          ^hipsparse@5.1.0%gcc@11.2.0~ipo build_type=Release arch=cray-sles15-zen3
[+]  lpiauoe          ^hsa-rocr-dev@5.1.0%gcc@11.2.0+image~ipo+shared build_type=Release patches=71e6851 arch=cray-sles15-zen3
[+]  c2h3tmh          ^llvm-amdgpu@5.1.0%gcc@11.2.0~ipo~link_llvm_dylib~llvm_dylib~openmp+rocm-device-libs build_type=Release arch=cray-sles15-zen3
[+]  os5lrhc          ^magma@2.6.2%gcc@11.2.0~cuda+fortran~ipo+rocm+shared amdgpu_target=gfx90a build_type=RelWithDebInfo arch=cray-sles15-zen3
[+]  h5yqvkh          ^metis@5.1.0%gcc@11.2.0~gdb~int64~real64+shared build_type=Release patches=4991da9,b1225da arch=cray-sles15-zen3
[+]  k2yga7g          ^raja@0.14.0%gcc@11.2.0~cuda+examples+exercises~ipo~openmp+rocm+shared~tests amdgpu_target=gfx90a build_type=RelWithDebInfo arch=cray-sles15-zen3
[+]  3ow53g4              ^blt@0.4.1%gcc@11.2.0 arch=cray-sles15-zen3
[+]  5vakyfh              ^camp@0.2.2%gcc@11.2.0~cuda~ipo+rocm~tests amdgpu_target=gfx90a build_type=RelWithDebInfo arch=cray-sles15-zen3
[+]  bxnsz2i          ^suite-sparse@5.10.1%gcc@11.2.0~cuda~graphblas~openmp+pic~tbb arch=cray-sles15-zen3
[+]  pu5n6fh              ^gmp@6.2.1%gcc@11.2.0 libs=shared,static arch=cray-sles15-zen3
[-]  al4xc7v                  ^autoconf@2.69%gcc@11.2.0 patches=35c4492,7793209,a49dd5b arch=cray-sles15-zen3
[-]  flsruli                      ^m4@1.4.19%gcc@11.2.0+sigsegv patches=9dc5fbd,bfdffa7 arch=cray-sles15-zen3
[-]  wcuq435                          ^libsigsegv@2.13%gcc@11.2.0 arch=cray-sles15-zen3
[-]  2uxxcnx                  ^automake@1.16.5%gcc@11.2.0 arch=cray-sles15-zen3
[-]  56oycjj                  ^libtool@2.4.7%gcc@11.2.0 arch=cray-sles15-zen3
[+]  qhhx4yh              ^mpfr@4.1.0%gcc@11.2.0 libs=shared,static arch=cray-sles15-zen3
[-]  zgi3ivi                  ^autoconf-archive@2022.02.11%gcc@11.2.0 patches=130cd48 arch=cray-sles15-zen3
[-]  6nvqdqi                  ^texinfo@6.5%gcc@11.2.0 patches=12f6edb,1732115 arch=cray-sles15-zen3
[+]  fizpldm          ^umpire@6.0.0%gcc@11.2.0+c~cuda~deviceconst+examples~fortran~ipo~numa~openmp+rocm+shared amdgpu_target=gfx90a build_type=RelWithDebInfo tests=none arch=cray-sles15-zen3
[+]  gz76m2j      ^petsc@3.16.6%gcc@11.2.0~X~batch~cgns~complex~cuda~debug+double~exodusii~fftw+fortran~giflib+hdf5~hpddm~hwloc+hypre~int64~jpeg~knl~kokkos~libpng~libyaml~memkind+metis~mkl-pardiso~mmg~moab~mpfr+mpi~mumps~openmp~p4est~parmmg~ptscotch~random123~rocm~saws~scalapack+shared~strumpack~suite-sparse+superlu-dist~tetgen~trilinos~valgrind clanguage=C arch=cray-sles15-zen3
[+]  73xb7cb          ^hdf5@1.12.2%gcc@11.2.0~cxx+fortran+hl~ipo~java+mpi+shared~szip~threadsafe+tools api=default build_type=RelWithDebInfo arch=cray-sles15-zen3
[+]  4orb2cp          ^hypre@2.24.0%gcc@11.2.0~complex~cuda~debug+fortran~gptune~int64~internal-superlu~mixedint+mpi~openmp~rocm+shared~superlu-dist~unified-memory arch=cray-sles15-zen3
[+]  bao2e5a          ^parmetis@4.0.3%gcc@11.2.0~gdb~int64~ipo+shared build_type=RelWithDebInfo patches=4f89253,50ed208,704b84f arch=cray-sles15-zen3
[+]  x6a2psn          ^python@3.8.12%gcc@11.2.0+bz2+ctypes+dbm~debug+ensurepip+libxml2+lzma~nis~optimizations+pic+pyexpat+pythoncmd+readline+shared+sqlite3+ssl~tix~tkinter~ucs4+uuid+zlib patches=0d98e93,4c24573,ebdca64,f2fd060 arch=cray-sles15-zen3
[+]  yvchkv2              ^expat@2.4.8%gcc@11.2.0+libbsd arch=cray-sles15-zen3
[+]  uomjj7i                  ^libbsd@0.11.5%gcc@11.2.0 arch=cray-sles15-zen3
[+]  iynqjjk                      ^libmd@1.0.4%gcc@11.2.0 arch=cray-sles15-zen3
[+]  qecbeh5              ^gettext@0.21%gcc@11.2.0+bzip2+curses+git~libunistring+libxml2+tar+xz arch=cray-sles15-zen3
[+]  uaarf7u                  ^libxml2@2.9.13%gcc@11.2.0~python arch=cray-sles15-zen3
[+]  u4cyfrk                      ^xz@5.2.5%gcc@11.2.0+pic libs=shared,static arch=cray-sles15-zen3
[+]  nau7bkz                  ^tar@1.34%gcc@11.2.0 arch=cray-sles15-zen3
[+]  nchqwcq              ^libffi@3.4.2%gcc@11.2.0 arch=cray-sles15-zen3
[+]  apsv2yn              ^sqlite@3.38.5%gcc@11.2.0+column_metadata+dynamic_extensions+fts~functions+rtree arch=cray-sles15-zen3
[+]  punjooc              ^util-linux-uuid@2.37.4%gcc@11.2.0 arch=cray-sles15-zen3
[+]  6pfkqtl          ^superlu-dist@7.2.0%gcc@11.2.0~cuda~int64~ipo~openmp~rocm+shared build_type=RelWithDebInfo patches=8da9e21 arch=cray-sles15-zen3
[+]  kirfqhf      ^py-mpi4py@3.1.2%gcc@11.2.0 arch=cray-sles15-zen3
[-]  sirfnl5          ^py-pip@21.3.1%gcc@11.2.0 arch=cray-sles15-zen3
[-]  33nwwal          ^py-setuptools@59.4.0%gcc@11.2.0 arch=cray-sles15-zen3
[-]  ikg4dnd              ^py-wheel@0.37.0%gcc@11.2.0 arch=cray-sles15-zen3

==> Concretized exago@5-18-2022-snapshot+hiop~ipopt+mpi+python+raja+rocm amdgpu_target=gfx90a ^coinhsl@2015.06.23 ^hiop@0.6.2+mpi+raja+rocm+sparse amdgpu_target=gfx90a
[+]  hgpoovd  exago@5-18-2022-snapshot%gcc@11.2.0~cuda+hiop~ipo~ipopt+mpi+python+raja+rocm amdgpu_target=gfx90a build_type=RelWithDebInfo arch=cray-sles15-zen3
[+]  zsdz2mg      ^cmake@3.20.6%gcc@11.2.0~doc+ncurses+ownlibs~qt build_type=Release arch=cray-sles15-zen3
[+]  2t22mc5          ^ncurses@6.2%gcc@11.2.0~symlinks+termlib abi=none arch=cray-sles15-zen3
[+]  nugfov2              ^pkgconf@1.8.0%gcc@11.2.0 arch=cray-sles15-zen3
[+]  i2r3jpl          ^openssl@1.1.1o%gcc@11.2.0~docs~shared certs=system arch=cray-sles15-zen3
[-]  ekj3iat              ^perl@5.34.1%gcc@11.2.0+cpanm+shared+threads arch=cray-sles15-zen3
[-]  hafeanv                  ^berkeley-db@18.1.40%gcc@11.2.0+cxx~docs+stl patches=b231fcc arch=cray-sles15-zen3
[+]  blbwwl4                  ^bzip2@1.0.8%gcc@11.2.0~debug~pic+shared arch=cray-sles15-zen3
[-]  gvbyw6w                      ^diffutils@3.8%gcc@11.2.0 arch=cray-sles15-zen3
[+]  3xwztgy                          ^libiconv@1.16%gcc@11.2.0 libs=shared,static arch=cray-sles15-zen3
[+]  bxrz7zm                  ^gdbm@1.19%gcc@11.2.0 arch=cray-sles15-zen3
[+]  avhrefq                      ^readline@8.1%gcc@11.2.0 arch=cray-sles15-zen3
[+]  ozmcyfj                  ^zlib@1.2.12%gcc@11.2.0+optimize+pic+shared patches=0d38234 arch=cray-sles15-zen3
[+]  u3ebvcw      ^cray-mpich@8.1.16%gcc@11.2.0+wrappers arch=cray-sles15-zen3
[+]  z52u5g5      ^hiop@0.6.2%gcc@11.2.0~cuda~cusolver~deepchecking~ginkgo~ipo~jsrun~kron+mpi+raja+rocm~shared+sparse amdgpu_target=gfx90a build_type=RelWithDebInfo arch=cray-sles15-zen3
[+]  2e7tpzm          ^coinhsl@2015.06.23%gcc@11.2.0+blas arch=cray-sles15-zen3
[+]  c6hs7o5              ^openblas@0.3.20%gcc@11.2.0~bignuma~consistent_fpcsr~ilp64+locking+pic+shared symbol_suffix=none threads=openmp arch=cray-sles15-zen3
[+]  bo2sh7l          ^hip@5.1.0%gcc@11.2.0~ipo build_type=Release patches=3b25db8 arch=cray-sles15-zen3
[+]  rbg5xxt          ^hipblas@5.1.0%gcc@11.2.0~ipo build_type=Release arch=cray-sles15-zen3
[+]  2t7gzld          ^hipsparse@5.1.0%gcc@11.2.0~ipo build_type=Release arch=cray-sles15-zen3
[+]  lpiauoe          ^hsa-rocr-dev@5.1.0%gcc@11.2.0+image~ipo+shared build_type=Release patches=71e6851 arch=cray-sles15-zen3
[+]  c2h3tmh          ^llvm-amdgpu@5.1.0%gcc@11.2.0~ipo~link_llvm_dylib~llvm_dylib~openmp+rocm-device-libs build_type=Release arch=cray-sles15-zen3
[+]  os5lrhc          ^magma@2.6.2%gcc@11.2.0~cuda+fortran~ipo+rocm+shared amdgpu_target=gfx90a build_type=RelWithDebInfo arch=cray-sles15-zen3
[+]  h5yqvkh          ^metis@5.1.0%gcc@11.2.0~gdb~int64~real64+shared build_type=Release patches=4991da9,b1225da arch=cray-sles15-zen3
[+]  k2yga7g          ^raja@0.14.0%gcc@11.2.0~cuda+examples+exercises~ipo~openmp+rocm+shared~tests amdgpu_target=gfx90a build_type=RelWithDebInfo arch=cray-sles15-zen3
[+]  3ow53g4              ^blt@0.4.1%gcc@11.2.0 arch=cray-sles15-zen3
[+]  5vakyfh              ^camp@0.2.2%gcc@11.2.0~cuda~ipo+rocm~tests amdgpu_target=gfx90a build_type=RelWithDebInfo arch=cray-sles15-zen3
[+]  fizpldm          ^umpire@6.0.0%gcc@11.2.0+c~cuda~deviceconst+examples~fortran~ipo~numa~openmp+rocm+shared amdgpu_target=gfx90a build_type=RelWithDebInfo tests=none arch=cray-sles15-zen3
[+]  gz76m2j      ^petsc@3.16.6%gcc@11.2.0~X~batch~cgns~complex~cuda~debug+double~exodusii~fftw+fortran~giflib+hdf5~hpddm~hwloc+hypre~int64~jpeg~knl~kokkos~libpng~libyaml~memkind+metis~mkl-pardiso~mmg~moab~mpfr+mpi~mumps~openmp~p4est~parmmg~ptscotch~random123~rocm~saws~scalapack+shared~strumpack~suite-sparse+superlu-dist~tetgen~trilinos~valgrind clanguage=C arch=cray-sles15-zen3
[+]  73xb7cb          ^hdf5@1.12.2%gcc@11.2.0~cxx+fortran+hl~ipo~java+mpi+shared~szip~threadsafe+tools api=default build_type=RelWithDebInfo arch=cray-sles15-zen3
[+]  4orb2cp          ^hypre@2.24.0%gcc@11.2.0~complex~cuda~debug+fortran~gptune~int64~internal-superlu~mixedint+mpi~openmp~rocm+shared~superlu-dist~unified-memory arch=cray-sles15-zen3
[+]  bao2e5a          ^parmetis@4.0.3%gcc@11.2.0~gdb~int64~ipo+shared build_type=RelWithDebInfo patches=4f89253,50ed208,704b84f arch=cray-sles15-zen3
[+]  x6a2psn          ^python@3.8.12%gcc@11.2.0+bz2+ctypes+dbm~debug+ensurepip+libxml2+lzma~nis~optimizations+pic+pyexpat+pythoncmd+readline+shared+sqlite3+ssl~tix~tkinter~ucs4+uuid+zlib patches=0d98e93,4c24573,ebdca64,f2fd060 arch=cray-sles15-zen3
[+]  yvchkv2              ^expat@2.4.8%gcc@11.2.0+libbsd arch=cray-sles15-zen3
[+]  uomjj7i                  ^libbsd@0.11.5%gcc@11.2.0 arch=cray-sles15-zen3
[+]  iynqjjk                      ^libmd@1.0.4%gcc@11.2.0 arch=cray-sles15-zen3
[+]  qecbeh5              ^gettext@0.21%gcc@11.2.0+bzip2+curses+git~libunistring+libxml2+tar+xz arch=cray-sles15-zen3
[+]  uaarf7u                  ^libxml2@2.9.13%gcc@11.2.0~python arch=cray-sles15-zen3
[+]  u4cyfrk                      ^xz@5.2.5%gcc@11.2.0+pic libs=shared,static arch=cray-sles15-zen3
[+]  nau7bkz                  ^tar@1.34%gcc@11.2.0 arch=cray-sles15-zen3
[+]  nchqwcq              ^libffi@3.4.2%gcc@11.2.0 arch=cray-sles15-zen3
[+]  apsv2yn              ^sqlite@3.38.5%gcc@11.2.0+column_metadata+dynamic_extensions+fts~functions+rtree arch=cray-sles15-zen3
[+]  punjooc              ^util-linux-uuid@2.37.4%gcc@11.2.0 arch=cray-sles15-zen3
[+]  6pfkqtl          ^superlu-dist@7.2.0%gcc@11.2.0~cuda~int64~ipo~openmp~rocm+shared build_type=RelWithDebInfo patches=8da9e21 arch=cray-sles15-zen3
[+]  kirfqhf      ^py-mpi4py@3.1.2%gcc@11.2.0 arch=cray-sles15-zen3
[-]  sirfnl5          ^py-pip@21.3.1%gcc@11.2.0 arch=cray-sles15-zen3
[-]  33nwwal          ^py-setuptools@59.4.0%gcc@11.2.0 arch=cray-sles15-zen3
[-]  ikg4dnd              ^py-wheel@0.37.0%gcc@11.2.0 arch=cray-sles15-zen3

==> Concretized exago@5-18-2022-snapshot+hiop~ipopt+mpi+python+raja+rocm amdgpu_target=gfx90a ^coinhsl@2019.05.21 ^hiop@0.6.2+mpi+raja+rocm+sparse amdgpu_target=gfx90a
[+]  uk746jb  exago@5-18-2022-snapshot%gcc@11.2.0~cuda+hiop~ipo~ipopt+mpi+python+raja+rocm amdgpu_target=gfx90a build_type=RelWithDebInfo arch=cray-sles15-zen3
[+]  zsdz2mg      ^cmake@3.20.6%gcc@11.2.0~doc+ncurses+ownlibs~qt build_type=Release arch=cray-sles15-zen3
[+]  2t22mc5          ^ncurses@6.2%gcc@11.2.0~symlinks+termlib abi=none arch=cray-sles15-zen3
[+]  nugfov2              ^pkgconf@1.8.0%gcc@11.2.0 arch=cray-sles15-zen3
[+]  i2r3jpl          ^openssl@1.1.1o%gcc@11.2.0~docs~shared certs=system arch=cray-sles15-zen3
[-]  ekj3iat              ^perl@5.34.1%gcc@11.2.0+cpanm+shared+threads arch=cray-sles15-zen3
[-]  hafeanv                  ^berkeley-db@18.1.40%gcc@11.2.0+cxx~docs+stl patches=b231fcc arch=cray-sles15-zen3
[+]  blbwwl4                  ^bzip2@1.0.8%gcc@11.2.0~debug~pic+shared arch=cray-sles15-zen3
[-]  gvbyw6w                      ^diffutils@3.8%gcc@11.2.0 arch=cray-sles15-zen3
[+]  3xwztgy                          ^libiconv@1.16%gcc@11.2.0 libs=shared,static arch=cray-sles15-zen3
[+]  bxrz7zm                  ^gdbm@1.19%gcc@11.2.0 arch=cray-sles15-zen3
[+]  avhrefq                      ^readline@8.1%gcc@11.2.0 arch=cray-sles15-zen3
[+]  ozmcyfj                  ^zlib@1.2.12%gcc@11.2.0+optimize+pic+shared patches=0d38234 arch=cray-sles15-zen3
[+]  u3ebvcw      ^cray-mpich@8.1.16%gcc@11.2.0+wrappers arch=cray-sles15-zen3
[+]  atlycbq      ^hiop@0.6.2%gcc@11.2.0~cuda~cusolver~deepchecking~ginkgo~ipo~jsrun~kron+mpi+raja+rocm~shared+sparse amdgpu_target=gfx90a build_type=RelWithDebInfo arch=cray-sles15-zen3
[+]  jeayvug          ^coinhsl@2019.05.21%gcc@11.2.0+blas arch=cray-sles15-zen3
[+]  c6hs7o5              ^openblas@0.3.20%gcc@11.2.0~bignuma~consistent_fpcsr~ilp64+locking+pic+shared symbol_suffix=none threads=openmp arch=cray-sles15-zen3
[+]  bo2sh7l          ^hip@5.1.0%gcc@11.2.0~ipo build_type=Release patches=3b25db8 arch=cray-sles15-zen3
[+]  rbg5xxt          ^hipblas@5.1.0%gcc@11.2.0~ipo build_type=Release arch=cray-sles15-zen3
[+]  2t7gzld          ^hipsparse@5.1.0%gcc@11.2.0~ipo build_type=Release arch=cray-sles15-zen3
[+]  lpiauoe          ^hsa-rocr-dev@5.1.0%gcc@11.2.0+image~ipo+shared build_type=Release patches=71e6851 arch=cray-sles15-zen3
[+]  c2h3tmh          ^llvm-amdgpu@5.1.0%gcc@11.2.0~ipo~link_llvm_dylib~llvm_dylib~openmp+rocm-device-libs build_type=Release arch=cray-sles15-zen3
[+]  os5lrhc          ^magma@2.6.2%gcc@11.2.0~cuda+fortran~ipo+rocm+shared amdgpu_target=gfx90a build_type=RelWithDebInfo arch=cray-sles15-zen3
[+]  h5yqvkh          ^metis@5.1.0%gcc@11.2.0~gdb~int64~real64+shared build_type=Release patches=4991da9,b1225da arch=cray-sles15-zen3
[+]  k2yga7g          ^raja@0.14.0%gcc@11.2.0~cuda+examples+exercises~ipo~openmp+rocm+shared~tests amdgpu_target=gfx90a build_type=RelWithDebInfo arch=cray-sles15-zen3
[+]  3ow53g4              ^blt@0.4.1%gcc@11.2.0 arch=cray-sles15-zen3
[+]  5vakyfh              ^camp@0.2.2%gcc@11.2.0~cuda~ipo+rocm~tests amdgpu_target=gfx90a build_type=RelWithDebInfo arch=cray-sles15-zen3
[+]  fizpldm          ^umpire@6.0.0%gcc@11.2.0+c~cuda~deviceconst+examples~fortran~ipo~numa~openmp+rocm+shared amdgpu_target=gfx90a build_type=RelWithDebInfo tests=none arch=cray-sles15-zen3
[+]  gz76m2j      ^petsc@3.16.6%gcc@11.2.0~X~batch~cgns~complex~cuda~debug+double~exodusii~fftw+fortran~giflib+hdf5~hpddm~hwloc+hypre~int64~jpeg~knl~kokkos~libpng~libyaml~memkind+metis~mkl-pardiso~mmg~moab~mpfr+mpi~mumps~openmp~p4est~parmmg~ptscotch~random123~rocm~saws~scalapack+shared~strumpack~suite-sparse+superlu-dist~tetgen~trilinos~valgrind clanguage=C arch=cray-sles15-zen3
[+]  73xb7cb          ^hdf5@1.12.2%gcc@11.2.0~cxx+fortran+hl~ipo~java+mpi+shared~szip~threadsafe+tools api=default build_type=RelWithDebInfo arch=cray-sles15-zen3
[+]  4orb2cp          ^hypre@2.24.0%gcc@11.2.0~complex~cuda~debug+fortran~gptune~int64~internal-superlu~mixedint+mpi~openmp~rocm+shared~superlu-dist~unified-memory arch=cray-sles15-zen3
[+]  bao2e5a          ^parmetis@4.0.3%gcc@11.2.0~gdb~int64~ipo+shared build_type=RelWithDebInfo patches=4f89253,50ed208,704b84f arch=cray-sles15-zen3
[+]  x6a2psn          ^python@3.8.12%gcc@11.2.0+bz2+ctypes+dbm~debug+ensurepip+libxml2+lzma~nis~optimizations+pic+pyexpat+pythoncmd+readline+shared+sqlite3+ssl~tix~tkinter~ucs4+uuid+zlib patches=0d98e93,4c24573,ebdca64,f2fd060 arch=cray-sles15-zen3
[+]  yvchkv2              ^expat@2.4.8%gcc@11.2.0+libbsd arch=cray-sles15-zen3
[+]  uomjj7i                  ^libbsd@0.11.5%gcc@11.2.0 arch=cray-sles15-zen3
[+]  iynqjjk                      ^libmd@1.0.4%gcc@11.2.0 arch=cray-sles15-zen3
[+]  qecbeh5              ^gettext@0.21%gcc@11.2.0+bzip2+curses+git~libunistring+libxml2+tar+xz arch=cray-sles15-zen3
[+]  uaarf7u                  ^libxml2@2.9.13%gcc@11.2.0~python arch=cray-sles15-zen3
[+]  u4cyfrk                      ^xz@5.2.5%gcc@11.2.0+pic libs=shared,static arch=cray-sles15-zen3
[+]  nau7bkz                  ^tar@1.34%gcc@11.2.0 arch=cray-sles15-zen3
[+]  nchqwcq              ^libffi@3.4.2%gcc@11.2.0 arch=cray-sles15-zen3
[+]  apsv2yn              ^sqlite@3.38.5%gcc@11.2.0+column_metadata+dynamic_extensions+fts~functions+rtree arch=cray-sles15-zen3
[+]  punjooc              ^util-linux-uuid@2.37.4%gcc@11.2.0 arch=cray-sles15-zen3
[+]  6pfkqtl          ^superlu-dist@7.2.0%gcc@11.2.0~cuda~int64~ipo~openmp~rocm+shared build_type=RelWithDebInfo patches=8da9e21 arch=cray-sles15-zen3
[+]  kirfqhf      ^py-mpi4py@3.1.2%gcc@11.2.0 arch=cray-sles15-zen3
[-]  sirfnl5          ^py-pip@21.3.1%gcc@11.2.0 arch=cray-sles15-zen3
[-]  33nwwal          ^py-setuptools@59.4.0%gcc@11.2.0 arch=cray-sles15-zen3
[-]  ikg4dnd              ^py-wheel@0.37.0%gcc@11.2.0 arch=cray-sles15-zen3

==> Concretized exago@5-18-2022-snapshot+hiop~ipopt+mpi+python+raja+rocm amdgpu_target=gfx90a ^coinhsl@2015.06.23 ^hiop@0.6.2+kron+mpi+raja+rocm+sparse amdgpu_target=gfx90a
[+]  i7hlcfw  exago@5-18-2022-snapshot%gcc@11.2.0~cuda+hiop~ipo~ipopt+mpi+python+raja+rocm amdgpu_target=gfx90a build_type=RelWithDebInfo arch=cray-sles15-zen3
[+]  zsdz2mg      ^cmake@3.20.6%gcc@11.2.0~doc+ncurses+ownlibs~qt build_type=Release arch=cray-sles15-zen3
[+]  2t22mc5          ^ncurses@6.2%gcc@11.2.0~symlinks+termlib abi=none arch=cray-sles15-zen3
[+]  nugfov2              ^pkgconf@1.8.0%gcc@11.2.0 arch=cray-sles15-zen3
[+]  i2r3jpl          ^openssl@1.1.1o%gcc@11.2.0~docs~shared certs=system arch=cray-sles15-zen3
[-]  ekj3iat              ^perl@5.34.1%gcc@11.2.0+cpanm+shared+threads arch=cray-sles15-zen3
[-]  hafeanv                  ^berkeley-db@18.1.40%gcc@11.2.0+cxx~docs+stl patches=b231fcc arch=cray-sles15-zen3
[+]  blbwwl4                  ^bzip2@1.0.8%gcc@11.2.0~debug~pic+shared arch=cray-sles15-zen3
[-]  gvbyw6w                      ^diffutils@3.8%gcc@11.2.0 arch=cray-sles15-zen3
[+]  3xwztgy                          ^libiconv@1.16%gcc@11.2.0 libs=shared,static arch=cray-sles15-zen3
[+]  bxrz7zm                  ^gdbm@1.19%gcc@11.2.0 arch=cray-sles15-zen3
[+]  avhrefq                      ^readline@8.1%gcc@11.2.0 arch=cray-sles15-zen3
[+]  ozmcyfj                  ^zlib@1.2.12%gcc@11.2.0+optimize+pic+shared patches=0d38234 arch=cray-sles15-zen3
[+]  u3ebvcw      ^cray-mpich@8.1.16%gcc@11.2.0+wrappers arch=cray-sles15-zen3
[+]  j2y3dqr      ^hiop@0.6.2%gcc@11.2.0~cuda~cusolver~deepchecking~ginkgo~ipo~jsrun+kron+mpi+raja+rocm~shared+sparse amdgpu_target=gfx90a build_type=RelWithDebInfo arch=cray-sles15-zen3
[+]  2e7tpzm          ^coinhsl@2015.06.23%gcc@11.2.0+blas arch=cray-sles15-zen3
[+]  c6hs7o5              ^openblas@0.3.20%gcc@11.2.0~bignuma~consistent_fpcsr~ilp64+locking+pic+shared symbol_suffix=none threads=openmp arch=cray-sles15-zen3
[+]  bo2sh7l          ^hip@5.1.0%gcc@11.2.0~ipo build_type=Release patches=3b25db8 arch=cray-sles15-zen3
[+]  rbg5xxt          ^hipblas@5.1.0%gcc@11.2.0~ipo build_type=Release arch=cray-sles15-zen3
[+]  2t7gzld          ^hipsparse@5.1.0%gcc@11.2.0~ipo build_type=Release arch=cray-sles15-zen3
[+]  lpiauoe          ^hsa-rocr-dev@5.1.0%gcc@11.2.0+image~ipo+shared build_type=Release patches=71e6851 arch=cray-sles15-zen3
[+]  c2h3tmh          ^llvm-amdgpu@5.1.0%gcc@11.2.0~ipo~link_llvm_dylib~llvm_dylib~openmp+rocm-device-libs build_type=Release arch=cray-sles15-zen3
[+]  os5lrhc          ^magma@2.6.2%gcc@11.2.0~cuda+fortran~ipo+rocm+shared amdgpu_target=gfx90a build_type=RelWithDebInfo arch=cray-sles15-zen3
[+]  h5yqvkh          ^metis@5.1.0%gcc@11.2.0~gdb~int64~real64+shared build_type=Release patches=4991da9,b1225da arch=cray-sles15-zen3
[+]  k2yga7g          ^raja@0.14.0%gcc@11.2.0~cuda+examples+exercises~ipo~openmp+rocm+shared~tests amdgpu_target=gfx90a build_type=RelWithDebInfo arch=cray-sles15-zen3
[+]  3ow53g4              ^blt@0.4.1%gcc@11.2.0 arch=cray-sles15-zen3
[+]  5vakyfh              ^camp@0.2.2%gcc@11.2.0~cuda~ipo+rocm~tests amdgpu_target=gfx90a build_type=RelWithDebInfo arch=cray-sles15-zen3
[+]  bxnsz2i          ^suite-sparse@5.10.1%gcc@11.2.0~cuda~graphblas~openmp+pic~tbb arch=cray-sles15-zen3
[+]  pu5n6fh              ^gmp@6.2.1%gcc@11.2.0 libs=shared,static arch=cray-sles15-zen3
[-]  al4xc7v                  ^autoconf@2.69%gcc@11.2.0 patches=35c4492,7793209,a49dd5b arch=cray-sles15-zen3
[-]  flsruli                      ^m4@1.4.19%gcc@11.2.0+sigsegv patches=9dc5fbd,bfdffa7 arch=cray-sles15-zen3
[-]  wcuq435                          ^libsigsegv@2.13%gcc@11.2.0 arch=cray-sles15-zen3
[-]  2uxxcnx                  ^automake@1.16.5%gcc@11.2.0 arch=cray-sles15-zen3
[-]  56oycjj                  ^libtool@2.4.7%gcc@11.2.0 arch=cray-sles15-zen3
[+]  qhhx4yh              ^mpfr@4.1.0%gcc@11.2.0 libs=shared,static arch=cray-sles15-zen3
[-]  zgi3ivi                  ^autoconf-archive@2022.02.11%gcc@11.2.0 patches=130cd48 arch=cray-sles15-zen3
[-]  6nvqdqi                  ^texinfo@6.5%gcc@11.2.0 patches=12f6edb,1732115 arch=cray-sles15-zen3
[+]  fizpldm          ^umpire@6.0.0%gcc@11.2.0+c~cuda~deviceconst+examples~fortran~ipo~numa~openmp+rocm+shared amdgpu_target=gfx90a build_type=RelWithDebInfo tests=none arch=cray-sles15-zen3
[+]  gz76m2j      ^petsc@3.16.6%gcc@11.2.0~X~batch~cgns~complex~cuda~debug+double~exodusii~fftw+fortran~giflib+hdf5~hpddm~hwloc+hypre~int64~jpeg~knl~kokkos~libpng~libyaml~memkind+metis~mkl-pardiso~mmg~moab~mpfr+mpi~mumps~openmp~p4est~parmmg~ptscotch~random123~rocm~saws~scalapack+shared~strumpack~suite-sparse+superlu-dist~tetgen~trilinos~valgrind clanguage=C arch=cray-sles15-zen3
[+]  73xb7cb          ^hdf5@1.12.2%gcc@11.2.0~cxx+fortran+hl~ipo~java+mpi+shared~szip~threadsafe+tools api=default build_type=RelWithDebInfo arch=cray-sles15-zen3
[+]  4orb2cp          ^hypre@2.24.0%gcc@11.2.0~complex~cuda~debug+fortran~gptune~int64~internal-superlu~mixedint+mpi~openmp~rocm+shared~superlu-dist~unified-memory arch=cray-sles15-zen3
[+]  bao2e5a          ^parmetis@4.0.3%gcc@11.2.0~gdb~int64~ipo+shared build_type=RelWithDebInfo patches=4f89253,50ed208,704b84f arch=cray-sles15-zen3
[+]  x6a2psn          ^python@3.8.12%gcc@11.2.0+bz2+ctypes+dbm~debug+ensurepip+libxml2+lzma~nis~optimizations+pic+pyexpat+pythoncmd+readline+shared+sqlite3+ssl~tix~tkinter~ucs4+uuid+zlib patches=0d98e93,4c24573,ebdca64,f2fd060 arch=cray-sles15-zen3
[+]  yvchkv2              ^expat@2.4.8%gcc@11.2.0+libbsd arch=cray-sles15-zen3
[+]  uomjj7i                  ^libbsd@0.11.5%gcc@11.2.0 arch=cray-sles15-zen3
[+]  iynqjjk                      ^libmd@1.0.4%gcc@11.2.0 arch=cray-sles15-zen3
[+]  qecbeh5              ^gettext@0.21%gcc@11.2.0+bzip2+curses+git~libunistring+libxml2+tar+xz arch=cray-sles15-zen3
[+]  uaarf7u                  ^libxml2@2.9.13%gcc@11.2.0~python arch=cray-sles15-zen3
[+]  u4cyfrk                      ^xz@5.2.5%gcc@11.2.0+pic libs=shared,static arch=cray-sles15-zen3
[+]  nau7bkz                  ^tar@1.34%gcc@11.2.0 arch=cray-sles15-zen3
[+]  nchqwcq              ^libffi@3.4.2%gcc@11.2.0 arch=cray-sles15-zen3
[+]  apsv2yn              ^sqlite@3.38.5%gcc@11.2.0+column_metadata+dynamic_extensions+fts~functions+rtree arch=cray-sles15-zen3
[+]  punjooc              ^util-linux-uuid@2.37.4%gcc@11.2.0 arch=cray-sles15-zen3
[+]  6pfkqtl          ^superlu-dist@7.2.0%gcc@11.2.0~cuda~int64~ipo~openmp~rocm+shared build_type=RelWithDebInfo patches=8da9e21 arch=cray-sles15-zen3
[+]  kirfqhf      ^py-mpi4py@3.1.2%gcc@11.2.0 arch=cray-sles15-zen3
[-]  sirfnl5          ^py-pip@21.3.1%gcc@11.2.0 arch=cray-sles15-zen3
[-]  33nwwal          ^py-setuptools@59.4.0%gcc@11.2.0 arch=cray-sles15-zen3
[-]  ikg4dnd              ^py-wheel@0.37.0%gcc@11.2.0 arch=cray-sles15-zen3

==> Concretized exago@5-18-2022-snapshot+hiop~ipopt+mpi+python+raja+rocm amdgpu_target=gfx90a ^coinhsl@2019.05.21 ^hiop@0.6.2+kron+mpi+raja+rocm+sparse amdgpu_target=gfx90a
[+]  jfrfjtl  exago@5-18-2022-snapshot%gcc@11.2.0~cuda+hiop~ipo~ipopt+mpi+python+raja+rocm amdgpu_target=gfx90a build_type=RelWithDebInfo arch=cray-sles15-zen3
[+]  zsdz2mg      ^cmake@3.20.6%gcc@11.2.0~doc+ncurses+ownlibs~qt build_type=Release arch=cray-sles15-zen3
[+]  2t22mc5          ^ncurses@6.2%gcc@11.2.0~symlinks+termlib abi=none arch=cray-sles15-zen3
[+]  nugfov2              ^pkgconf@1.8.0%gcc@11.2.0 arch=cray-sles15-zen3
[+]  i2r3jpl          ^openssl@1.1.1o%gcc@11.2.0~docs~shared certs=system arch=cray-sles15-zen3
[-]  ekj3iat              ^perl@5.34.1%gcc@11.2.0+cpanm+shared+threads arch=cray-sles15-zen3
[-]  hafeanv                  ^berkeley-db@18.1.40%gcc@11.2.0+cxx~docs+stl patches=b231fcc arch=cray-sles15-zen3
[+]  blbwwl4                  ^bzip2@1.0.8%gcc@11.2.0~debug~pic+shared arch=cray-sles15-zen3
[-]  gvbyw6w                      ^diffutils@3.8%gcc@11.2.0 arch=cray-sles15-zen3
[+]  3xwztgy                          ^libiconv@1.16%gcc@11.2.0 libs=shared,static arch=cray-sles15-zen3
[+]  bxrz7zm                  ^gdbm@1.19%gcc@11.2.0 arch=cray-sles15-zen3
[+]  avhrefq                      ^readline@8.1%gcc@11.2.0 arch=cray-sles15-zen3
[+]  ozmcyfj                  ^zlib@1.2.12%gcc@11.2.0+optimize+pic+shared patches=0d38234 arch=cray-sles15-zen3
[+]  u3ebvcw      ^cray-mpich@8.1.16%gcc@11.2.0+wrappers arch=cray-sles15-zen3
[+]  w2y6mnf      ^hiop@0.6.2%gcc@11.2.0~cuda~cusolver~deepchecking~ginkgo~ipo~jsrun+kron+mpi+raja+rocm~shared+sparse amdgpu_target=gfx90a build_type=RelWithDebInfo arch=cray-sles15-zen3
[+]  jeayvug          ^coinhsl@2019.05.21%gcc@11.2.0+blas arch=cray-sles15-zen3
[+]  c6hs7o5              ^openblas@0.3.20%gcc@11.2.0~bignuma~consistent_fpcsr~ilp64+locking+pic+shared symbol_suffix=none threads=openmp arch=cray-sles15-zen3
[+]  bo2sh7l          ^hip@5.1.0%gcc@11.2.0~ipo build_type=Release patches=3b25db8 arch=cray-sles15-zen3
[+]  rbg5xxt          ^hipblas@5.1.0%gcc@11.2.0~ipo build_type=Release arch=cray-sles15-zen3
[+]  2t7gzld          ^hipsparse@5.1.0%gcc@11.2.0~ipo build_type=Release arch=cray-sles15-zen3
[+]  lpiauoe          ^hsa-rocr-dev@5.1.0%gcc@11.2.0+image~ipo+shared build_type=Release patches=71e6851 arch=cray-sles15-zen3
[+]  c2h3tmh          ^llvm-amdgpu@5.1.0%gcc@11.2.0~ipo~link_llvm_dylib~llvm_dylib~openmp+rocm-device-libs build_type=Release arch=cray-sles15-zen3
[+]  os5lrhc          ^magma@2.6.2%gcc@11.2.0~cuda+fortran~ipo+rocm+shared amdgpu_target=gfx90a build_type=RelWithDebInfo arch=cray-sles15-zen3
[+]  h5yqvkh          ^metis@5.1.0%gcc@11.2.0~gdb~int64~real64+shared build_type=Release patches=4991da9,b1225da arch=cray-sles15-zen3
[+]  k2yga7g          ^raja@0.14.0%gcc@11.2.0~cuda+examples+exercises~ipo~openmp+rocm+shared~tests amdgpu_target=gfx90a build_type=RelWithDebInfo arch=cray-sles15-zen3
[+]  3ow53g4              ^blt@0.4.1%gcc@11.2.0 arch=cray-sles15-zen3
[+]  5vakyfh              ^camp@0.2.2%gcc@11.2.0~cuda~ipo+rocm~tests amdgpu_target=gfx90a build_type=RelWithDebInfo arch=cray-sles15-zen3
[+]  bxnsz2i          ^suite-sparse@5.10.1%gcc@11.2.0~cuda~graphblas~openmp+pic~tbb arch=cray-sles15-zen3
[+]  pu5n6fh              ^gmp@6.2.1%gcc@11.2.0 libs=shared,static arch=cray-sles15-zen3
[-]  al4xc7v                  ^autoconf@2.69%gcc@11.2.0 patches=35c4492,7793209,a49dd5b arch=cray-sles15-zen3
[-]  flsruli                      ^m4@1.4.19%gcc@11.2.0+sigsegv patches=9dc5fbd,bfdffa7 arch=cray-sles15-zen3
[-]  wcuq435                          ^libsigsegv@2.13%gcc@11.2.0 arch=cray-sles15-zen3
[-]  2uxxcnx                  ^automake@1.16.5%gcc@11.2.0 arch=cray-sles15-zen3
[-]  56oycjj                  ^libtool@2.4.7%gcc@11.2.0 arch=cray-sles15-zen3
[+]  qhhx4yh              ^mpfr@4.1.0%gcc@11.2.0 libs=shared,static arch=cray-sles15-zen3
[-]  zgi3ivi                  ^autoconf-archive@2022.02.11%gcc@11.2.0 patches=130cd48 arch=cray-sles15-zen3
[-]  6nvqdqi                  ^texinfo@6.5%gcc@11.2.0 patches=12f6edb,1732115 arch=cray-sles15-zen3
[+]  fizpldm          ^umpire@6.0.0%gcc@11.2.0+c~cuda~deviceconst+examples~fortran~ipo~numa~openmp+rocm+shared amdgpu_target=gfx90a build_type=RelWithDebInfo tests=none arch=cray-sles15-zen3
[+]  gz76m2j      ^petsc@3.16.6%gcc@11.2.0~X~batch~cgns~complex~cuda~debug+double~exodusii~fftw+fortran~giflib+hdf5~hpddm~hwloc+hypre~int64~jpeg~knl~kokkos~libpng~libyaml~memkind+metis~mkl-pardiso~mmg~moab~mpfr+mpi~mumps~openmp~p4est~parmmg~ptscotch~random123~rocm~saws~scalapack+shared~strumpack~suite-sparse+superlu-dist~tetgen~trilinos~valgrind clanguage=C arch=cray-sles15-zen3
[+]  73xb7cb          ^hdf5@1.12.2%gcc@11.2.0~cxx+fortran+hl~ipo~java+mpi+shared~szip~threadsafe+tools api=default build_type=RelWithDebInfo arch=cray-sles15-zen3
[+]  4orb2cp          ^hypre@2.24.0%gcc@11.2.0~complex~cuda~debug+fortran~gptune~int64~internal-superlu~mixedint+mpi~openmp~rocm+shared~superlu-dist~unified-memory arch=cray-sles15-zen3
[+]  bao2e5a          ^parmetis@4.0.3%gcc@11.2.0~gdb~int64~ipo+shared build_type=RelWithDebInfo patches=4f89253,50ed208,704b84f arch=cray-sles15-zen3
[+]  x6a2psn          ^python@3.8.12%gcc@11.2.0+bz2+ctypes+dbm~debug+ensurepip+libxml2+lzma~nis~optimizations+pic+pyexpat+pythoncmd+readline+shared+sqlite3+ssl~tix~tkinter~ucs4+uuid+zlib patches=0d98e93,4c24573,ebdca64,f2fd060 arch=cray-sles15-zen3
[+]  yvchkv2              ^expat@2.4.8%gcc@11.2.0+libbsd arch=cray-sles15-zen3
[+]  uomjj7i                  ^libbsd@0.11.5%gcc@11.2.0 arch=cray-sles15-zen3
[+]  iynqjjk                      ^libmd@1.0.4%gcc@11.2.0 arch=cray-sles15-zen3
[+]  qecbeh5              ^gettext@0.21%gcc@11.2.0+bzip2+curses+git~libunistring+libxml2+tar+xz arch=cray-sles15-zen3
[+]  uaarf7u                  ^libxml2@2.9.13%gcc@11.2.0~python arch=cray-sles15-zen3
[+]  u4cyfrk                      ^xz@5.2.5%gcc@11.2.0+pic libs=shared,static arch=cray-sles15-zen3
[+]  nau7bkz                  ^tar@1.34%gcc@11.2.0 arch=cray-sles15-zen3
[+]  nchqwcq              ^libffi@3.4.2%gcc@11.2.0 arch=cray-sles15-zen3
[+]  apsv2yn              ^sqlite@3.38.5%gcc@11.2.0+column_metadata+dynamic_extensions+fts~functions+rtree arch=cray-sles15-zen3
[+]  punjooc              ^util-linux-uuid@2.37.4%gcc@11.2.0 arch=cray-sles15-zen3
[+]  6pfkqtl          ^superlu-dist@7.2.0%gcc@11.2.0~cuda~int64~ipo~openmp~rocm+shared build_type=RelWithDebInfo patches=8da9e21 arch=cray-sles15-zen3
[+]  kirfqhf      ^py-mpi4py@3.1.2%gcc@11.2.0 arch=cray-sles15-zen3
[-]  sirfnl5          ^py-pip@21.3.1%gcc@11.2.0 arch=cray-sles15-zen3
[-]  33nwwal          ^py-setuptools@59.4.0%gcc@11.2.0 arch=cray-sles15-zen3
[-]  ikg4dnd              ^py-wheel@0.37.0%gcc@11.2.0 arch=cray-sles15-zen3

==> Concretized exago@5-18-2022-snapshot+hiop~ipopt+mpi+python+raja+rocm amdgpu_target=gfx90a ^hiop@develop+mpi+raja+rocm~sparse amdgpu_target=gfx90a
[+]  p3p5vq6  exago@5-18-2022-snapshot%gcc@11.2.0~cuda+hiop~ipo~ipopt+mpi+python+raja+rocm amdgpu_target=gfx90a build_type=RelWithDebInfo arch=cray-sles15-zen3
[+]  zsdz2mg      ^cmake@3.20.6%gcc@11.2.0~doc+ncurses+ownlibs~qt build_type=Release arch=cray-sles15-zen3
[+]  2t22mc5          ^ncurses@6.2%gcc@11.2.0~symlinks+termlib abi=none arch=cray-sles15-zen3
[+]  nugfov2              ^pkgconf@1.8.0%gcc@11.2.0 arch=cray-sles15-zen3
[+]  i2r3jpl          ^openssl@1.1.1o%gcc@11.2.0~docs~shared certs=system arch=cray-sles15-zen3
[-]  ekj3iat              ^perl@5.34.1%gcc@11.2.0+cpanm+shared+threads arch=cray-sles15-zen3
[-]  hafeanv                  ^berkeley-db@18.1.40%gcc@11.2.0+cxx~docs+stl patches=b231fcc arch=cray-sles15-zen3
[+]  blbwwl4                  ^bzip2@1.0.8%gcc@11.2.0~debug~pic+shared arch=cray-sles15-zen3
[-]  gvbyw6w                      ^diffutils@3.8%gcc@11.2.0 arch=cray-sles15-zen3
[+]  3xwztgy                          ^libiconv@1.16%gcc@11.2.0 libs=shared,static arch=cray-sles15-zen3
[+]  bxrz7zm                  ^gdbm@1.19%gcc@11.2.0 arch=cray-sles15-zen3
[+]  avhrefq                      ^readline@8.1%gcc@11.2.0 arch=cray-sles15-zen3
[+]  ozmcyfj                  ^zlib@1.2.12%gcc@11.2.0+optimize+pic+shared patches=0d38234 arch=cray-sles15-zen3
[+]  u3ebvcw      ^cray-mpich@8.1.16%gcc@11.2.0+wrappers arch=cray-sles15-zen3
[+]  jgqowhk      ^hiop@develop%gcc@11.2.0~cuda~cusolver~deepchecking~ginkgo~ipo~jsrun~kron+mpi+raja+rocm~shared~sparse amdgpu_target=gfx90a build_type=RelWithDebInfo arch=cray-sles15-zen3
[+]  bo2sh7l          ^hip@5.1.0%gcc@11.2.0~ipo build_type=Release patches=3b25db8 arch=cray-sles15-zen3
[+]  rbg5xxt          ^hipblas@5.1.0%gcc@11.2.0~ipo build_type=Release arch=cray-sles15-zen3
[+]  2t7gzld          ^hipsparse@5.1.0%gcc@11.2.0~ipo build_type=Release arch=cray-sles15-zen3
[+]  lpiauoe          ^hsa-rocr-dev@5.1.0%gcc@11.2.0+image~ipo+shared build_type=Release patches=71e6851 arch=cray-sles15-zen3
[+]  c2h3tmh          ^llvm-amdgpu@5.1.0%gcc@11.2.0~ipo~link_llvm_dylib~llvm_dylib~openmp+rocm-device-libs build_type=Release arch=cray-sles15-zen3
[+]  os5lrhc          ^magma@2.6.2%gcc@11.2.0~cuda+fortran~ipo+rocm+shared amdgpu_target=gfx90a build_type=RelWithDebInfo arch=cray-sles15-zen3
[+]  c6hs7o5              ^openblas@0.3.20%gcc@11.2.0~bignuma~consistent_fpcsr~ilp64+locking+pic+shared symbol_suffix=none threads=openmp arch=cray-sles15-zen3
[+]  k2yga7g          ^raja@0.14.0%gcc@11.2.0~cuda+examples+exercises~ipo~openmp+rocm+shared~tests amdgpu_target=gfx90a build_type=RelWithDebInfo arch=cray-sles15-zen3
[+]  3ow53g4              ^blt@0.4.1%gcc@11.2.0 arch=cray-sles15-zen3
[+]  5vakyfh              ^camp@0.2.2%gcc@11.2.0~cuda~ipo+rocm~tests amdgpu_target=gfx90a build_type=RelWithDebInfo arch=cray-sles15-zen3
[+]  fizpldm          ^umpire@6.0.0%gcc@11.2.0+c~cuda~deviceconst+examples~fortran~ipo~numa~openmp+rocm+shared amdgpu_target=gfx90a build_type=RelWithDebInfo tests=none arch=cray-sles15-zen3
[+]  gz76m2j      ^petsc@3.16.6%gcc@11.2.0~X~batch~cgns~complex~cuda~debug+double~exodusii~fftw+fortran~giflib+hdf5~hpddm~hwloc+hypre~int64~jpeg~knl~kokkos~libpng~libyaml~memkind+metis~mkl-pardiso~mmg~moab~mpfr+mpi~mumps~openmp~p4est~parmmg~ptscotch~random123~rocm~saws~scalapack+shared~strumpack~suite-sparse+superlu-dist~tetgen~trilinos~valgrind clanguage=C arch=cray-sles15-zen3
[+]  73xb7cb          ^hdf5@1.12.2%gcc@11.2.0~cxx+fortran+hl~ipo~java+mpi+shared~szip~threadsafe+tools api=default build_type=RelWithDebInfo arch=cray-sles15-zen3
[+]  4orb2cp          ^hypre@2.24.0%gcc@11.2.0~complex~cuda~debug+fortran~gptune~int64~internal-superlu~mixedint+mpi~openmp~rocm+shared~superlu-dist~unified-memory arch=cray-sles15-zen3
[+]  h5yqvkh          ^metis@5.1.0%gcc@11.2.0~gdb~int64~real64+shared build_type=Release patches=4991da9,b1225da arch=cray-sles15-zen3
[+]  bao2e5a          ^parmetis@4.0.3%gcc@11.2.0~gdb~int64~ipo+shared build_type=RelWithDebInfo patches=4f89253,50ed208,704b84f arch=cray-sles15-zen3
[+]  x6a2psn          ^python@3.8.12%gcc@11.2.0+bz2+ctypes+dbm~debug+ensurepip+libxml2+lzma~nis~optimizations+pic+pyexpat+pythoncmd+readline+shared+sqlite3+ssl~tix~tkinter~ucs4+uuid+zlib patches=0d98e93,4c24573,ebdca64,f2fd060 arch=cray-sles15-zen3
[+]  yvchkv2              ^expat@2.4.8%gcc@11.2.0+libbsd arch=cray-sles15-zen3
[+]  uomjj7i                  ^libbsd@0.11.5%gcc@11.2.0 arch=cray-sles15-zen3
[+]  iynqjjk                      ^libmd@1.0.4%gcc@11.2.0 arch=cray-sles15-zen3
[+]  qecbeh5              ^gettext@0.21%gcc@11.2.0+bzip2+curses+git~libunistring+libxml2+tar+xz arch=cray-sles15-zen3
[+]  uaarf7u                  ^libxml2@2.9.13%gcc@11.2.0~python arch=cray-sles15-zen3
[+]  u4cyfrk                      ^xz@5.2.5%gcc@11.2.0+pic libs=shared,static arch=cray-sles15-zen3
[+]  nau7bkz                  ^tar@1.34%gcc@11.2.0 arch=cray-sles15-zen3
[+]  nchqwcq              ^libffi@3.4.2%gcc@11.2.0 arch=cray-sles15-zen3
[+]  apsv2yn              ^sqlite@3.38.5%gcc@11.2.0+column_metadata+dynamic_extensions+fts~functions+rtree arch=cray-sles15-zen3
[+]  punjooc              ^util-linux-uuid@2.37.4%gcc@11.2.0 arch=cray-sles15-zen3
[+]  6pfkqtl          ^superlu-dist@7.2.0%gcc@11.2.0~cuda~int64~ipo~openmp~rocm+shared build_type=RelWithDebInfo patches=8da9e21 arch=cray-sles15-zen3
[+]  kirfqhf      ^py-mpi4py@3.1.2%gcc@11.2.0 arch=cray-sles15-zen3
[-]  sirfnl5          ^py-pip@21.3.1%gcc@11.2.0 arch=cray-sles15-zen3
[-]  33nwwal          ^py-setuptools@59.4.0%gcc@11.2.0 arch=cray-sles15-zen3
[-]  ikg4dnd              ^py-wheel@0.37.0%gcc@11.2.0 arch=cray-sles15-zen3

==> Concretized exago@5-18-2022-snapshot+hiop~ipopt+mpi+python+raja+rocm amdgpu_target=gfx90a ^hiop@develop+kron+mpi+raja+rocm~sparse amdgpu_target=gfx90a
[+]  f2o52y6  exago@5-18-2022-snapshot%gcc@11.2.0~cuda+hiop~ipo~ipopt+mpi+python+raja+rocm amdgpu_target=gfx90a build_type=RelWithDebInfo arch=cray-sles15-zen3
[+]  zsdz2mg      ^cmake@3.20.6%gcc@11.2.0~doc+ncurses+ownlibs~qt build_type=Release arch=cray-sles15-zen3
[+]  2t22mc5          ^ncurses@6.2%gcc@11.2.0~symlinks+termlib abi=none arch=cray-sles15-zen3
[+]  nugfov2              ^pkgconf@1.8.0%gcc@11.2.0 arch=cray-sles15-zen3
[+]  i2r3jpl          ^openssl@1.1.1o%gcc@11.2.0~docs~shared certs=system arch=cray-sles15-zen3
[-]  ekj3iat              ^perl@5.34.1%gcc@11.2.0+cpanm+shared+threads arch=cray-sles15-zen3
[-]  hafeanv                  ^berkeley-db@18.1.40%gcc@11.2.0+cxx~docs+stl patches=b231fcc arch=cray-sles15-zen3
[+]  blbwwl4                  ^bzip2@1.0.8%gcc@11.2.0~debug~pic+shared arch=cray-sles15-zen3
[-]  gvbyw6w                      ^diffutils@3.8%gcc@11.2.0 arch=cray-sles15-zen3
[+]  3xwztgy                          ^libiconv@1.16%gcc@11.2.0 libs=shared,static arch=cray-sles15-zen3
[+]  bxrz7zm                  ^gdbm@1.19%gcc@11.2.0 arch=cray-sles15-zen3
[+]  avhrefq                      ^readline@8.1%gcc@11.2.0 arch=cray-sles15-zen3
[+]  ozmcyfj                  ^zlib@1.2.12%gcc@11.2.0+optimize+pic+shared patches=0d38234 arch=cray-sles15-zen3
[+]  u3ebvcw      ^cray-mpich@8.1.16%gcc@11.2.0+wrappers arch=cray-sles15-zen3
[+]  qdywlxy      ^hiop@develop%gcc@11.2.0~cuda~cusolver~deepchecking~ginkgo~ipo~jsrun+kron+mpi+raja+rocm~shared~sparse amdgpu_target=gfx90a build_type=RelWithDebInfo arch=cray-sles15-zen3
[+]  bo2sh7l          ^hip@5.1.0%gcc@11.2.0~ipo build_type=Release patches=3b25db8 arch=cray-sles15-zen3
[+]  rbg5xxt          ^hipblas@5.1.0%gcc@11.2.0~ipo build_type=Release arch=cray-sles15-zen3
[+]  2t7gzld          ^hipsparse@5.1.0%gcc@11.2.0~ipo build_type=Release arch=cray-sles15-zen3
[+]  lpiauoe          ^hsa-rocr-dev@5.1.0%gcc@11.2.0+image~ipo+shared build_type=Release patches=71e6851 arch=cray-sles15-zen3
[+]  c2h3tmh          ^llvm-amdgpu@5.1.0%gcc@11.2.0~ipo~link_llvm_dylib~llvm_dylib~openmp+rocm-device-libs build_type=Release arch=cray-sles15-zen3
[+]  os5lrhc          ^magma@2.6.2%gcc@11.2.0~cuda+fortran~ipo+rocm+shared amdgpu_target=gfx90a build_type=RelWithDebInfo arch=cray-sles15-zen3
[+]  c6hs7o5              ^openblas@0.3.20%gcc@11.2.0~bignuma~consistent_fpcsr~ilp64+locking+pic+shared symbol_suffix=none threads=openmp arch=cray-sles15-zen3
[+]  k2yga7g          ^raja@0.14.0%gcc@11.2.0~cuda+examples+exercises~ipo~openmp+rocm+shared~tests amdgpu_target=gfx90a build_type=RelWithDebInfo arch=cray-sles15-zen3
[+]  3ow53g4              ^blt@0.4.1%gcc@11.2.0 arch=cray-sles15-zen3
[+]  5vakyfh              ^camp@0.2.2%gcc@11.2.0~cuda~ipo+rocm~tests amdgpu_target=gfx90a build_type=RelWithDebInfo arch=cray-sles15-zen3
[+]  bxnsz2i          ^suite-sparse@5.10.1%gcc@11.2.0~cuda~graphblas~openmp+pic~tbb arch=cray-sles15-zen3
[+]  pu5n6fh              ^gmp@6.2.1%gcc@11.2.0 libs=shared,static arch=cray-sles15-zen3
[-]  al4xc7v                  ^autoconf@2.69%gcc@11.2.0 patches=35c4492,7793209,a49dd5b arch=cray-sles15-zen3
[-]  flsruli                      ^m4@1.4.19%gcc@11.2.0+sigsegv patches=9dc5fbd,bfdffa7 arch=cray-sles15-zen3
[-]  wcuq435                          ^libsigsegv@2.13%gcc@11.2.0 arch=cray-sles15-zen3
[-]  2uxxcnx                  ^automake@1.16.5%gcc@11.2.0 arch=cray-sles15-zen3
[-]  56oycjj                  ^libtool@2.4.7%gcc@11.2.0 arch=cray-sles15-zen3
[+]  h5yqvkh              ^metis@5.1.0%gcc@11.2.0~gdb~int64~real64+shared build_type=Release patches=4991da9,b1225da arch=cray-sles15-zen3
[+]  qhhx4yh              ^mpfr@4.1.0%gcc@11.2.0 libs=shared,static arch=cray-sles15-zen3
[-]  zgi3ivi                  ^autoconf-archive@2022.02.11%gcc@11.2.0 patches=130cd48 arch=cray-sles15-zen3
[-]  6nvqdqi                  ^texinfo@6.5%gcc@11.2.0 patches=12f6edb,1732115 arch=cray-sles15-zen3
[+]  fizpldm          ^umpire@6.0.0%gcc@11.2.0+c~cuda~deviceconst+examples~fortran~ipo~numa~openmp+rocm+shared amdgpu_target=gfx90a build_type=RelWithDebInfo tests=none arch=cray-sles15-zen3
[+]  gz76m2j      ^petsc@3.16.6%gcc@11.2.0~X~batch~cgns~complex~cuda~debug+double~exodusii~fftw+fortran~giflib+hdf5~hpddm~hwloc+hypre~int64~jpeg~knl~kokkos~libpng~libyaml~memkind+metis~mkl-pardiso~mmg~moab~mpfr+mpi~mumps~openmp~p4est~parmmg~ptscotch~random123~rocm~saws~scalapack+shared~strumpack~suite-sparse+superlu-dist~tetgen~trilinos~valgrind clanguage=C arch=cray-sles15-zen3
[+]  73xb7cb          ^hdf5@1.12.2%gcc@11.2.0~cxx+fortran+hl~ipo~java+mpi+shared~szip~threadsafe+tools api=default build_type=RelWithDebInfo arch=cray-sles15-zen3
[+]  4orb2cp          ^hypre@2.24.0%gcc@11.2.0~complex~cuda~debug+fortran~gptune~int64~internal-superlu~mixedint+mpi~openmp~rocm+shared~superlu-dist~unified-memory arch=cray-sles15-zen3
[+]  bao2e5a          ^parmetis@4.0.3%gcc@11.2.0~gdb~int64~ipo+shared build_type=RelWithDebInfo patches=4f89253,50ed208,704b84f arch=cray-sles15-zen3
[+]  x6a2psn          ^python@3.8.12%gcc@11.2.0+bz2+ctypes+dbm~debug+ensurepip+libxml2+lzma~nis~optimizations+pic+pyexpat+pythoncmd+readline+shared+sqlite3+ssl~tix~tkinter~ucs4+uuid+zlib patches=0d98e93,4c24573,ebdca64,f2fd060 arch=cray-sles15-zen3
[+]  yvchkv2              ^expat@2.4.8%gcc@11.2.0+libbsd arch=cray-sles15-zen3
[+]  uomjj7i                  ^libbsd@0.11.5%gcc@11.2.0 arch=cray-sles15-zen3
[+]  iynqjjk                      ^libmd@1.0.4%gcc@11.2.0 arch=cray-sles15-zen3
[+]  qecbeh5              ^gettext@0.21%gcc@11.2.0+bzip2+curses+git~libunistring+libxml2+tar+xz arch=cray-sles15-zen3
[+]  uaarf7u                  ^libxml2@2.9.13%gcc@11.2.0~python arch=cray-sles15-zen3
[+]  u4cyfrk                      ^xz@5.2.5%gcc@11.2.0+pic libs=shared,static arch=cray-sles15-zen3
[+]  nau7bkz                  ^tar@1.34%gcc@11.2.0 arch=cray-sles15-zen3
[+]  nchqwcq              ^libffi@3.4.2%gcc@11.2.0 arch=cray-sles15-zen3
[+]  apsv2yn              ^sqlite@3.38.5%gcc@11.2.0+column_metadata+dynamic_extensions+fts~functions+rtree arch=cray-sles15-zen3
[+]  punjooc              ^util-linux-uuid@2.37.4%gcc@11.2.0 arch=cray-sles15-zen3
[+]  6pfkqtl          ^superlu-dist@7.2.0%gcc@11.2.0~cuda~int64~ipo~openmp~rocm+shared build_type=RelWithDebInfo patches=8da9e21 arch=cray-sles15-zen3
[+]  kirfqhf      ^py-mpi4py@3.1.2%gcc@11.2.0 arch=cray-sles15-zen3
[-]  sirfnl5          ^py-pip@21.3.1%gcc@11.2.0 arch=cray-sles15-zen3
[-]  33nwwal          ^py-setuptools@59.4.0%gcc@11.2.0 arch=cray-sles15-zen3
[-]  ikg4dnd              ^py-wheel@0.37.0%gcc@11.2.0 arch=cray-sles15-zen3

==> Concretized exago@5-18-2022-snapshot+hiop~ipopt+mpi+python+raja+rocm amdgpu_target=gfx90a ^hiop@0.6.2+mpi+raja+rocm~sparse amdgpu_target=gfx90a
[+]  bgcrhdx  exago@5-18-2022-snapshot%gcc@11.2.0~cuda+hiop~ipo~ipopt+mpi+python+raja+rocm amdgpu_target=gfx90a build_type=RelWithDebInfo arch=cray-sles15-zen3
[+]  zsdz2mg      ^cmake@3.20.6%gcc@11.2.0~doc+ncurses+ownlibs~qt build_type=Release arch=cray-sles15-zen3
[+]  2t22mc5          ^ncurses@6.2%gcc@11.2.0~symlinks+termlib abi=none arch=cray-sles15-zen3
[+]  nugfov2              ^pkgconf@1.8.0%gcc@11.2.0 arch=cray-sles15-zen3
[+]  i2r3jpl          ^openssl@1.1.1o%gcc@11.2.0~docs~shared certs=system arch=cray-sles15-zen3
[-]  ekj3iat              ^perl@5.34.1%gcc@11.2.0+cpanm+shared+threads arch=cray-sles15-zen3
[-]  hafeanv                  ^berkeley-db@18.1.40%gcc@11.2.0+cxx~docs+stl patches=b231fcc arch=cray-sles15-zen3
[+]  blbwwl4                  ^bzip2@1.0.8%gcc@11.2.0~debug~pic+shared arch=cray-sles15-zen3
[-]  gvbyw6w                      ^diffutils@3.8%gcc@11.2.0 arch=cray-sles15-zen3
[+]  3xwztgy                          ^libiconv@1.16%gcc@11.2.0 libs=shared,static arch=cray-sles15-zen3
[+]  bxrz7zm                  ^gdbm@1.19%gcc@11.2.0 arch=cray-sles15-zen3
[+]  avhrefq                      ^readline@8.1%gcc@11.2.0 arch=cray-sles15-zen3
[+]  ozmcyfj                  ^zlib@1.2.12%gcc@11.2.0+optimize+pic+shared patches=0d38234 arch=cray-sles15-zen3
[+]  u3ebvcw      ^cray-mpich@8.1.16%gcc@11.2.0+wrappers arch=cray-sles15-zen3
[+]  ut22uh2      ^hiop@0.6.2%gcc@11.2.0~cuda~cusolver~deepchecking~ginkgo~ipo~jsrun~kron+mpi+raja+rocm~shared~sparse amdgpu_target=gfx90a build_type=RelWithDebInfo arch=cray-sles15-zen3
[+]  bo2sh7l          ^hip@5.1.0%gcc@11.2.0~ipo build_type=Release patches=3b25db8 arch=cray-sles15-zen3
[+]  rbg5xxt          ^hipblas@5.1.0%gcc@11.2.0~ipo build_type=Release arch=cray-sles15-zen3
[+]  2t7gzld          ^hipsparse@5.1.0%gcc@11.2.0~ipo build_type=Release arch=cray-sles15-zen3
[+]  lpiauoe          ^hsa-rocr-dev@5.1.0%gcc@11.2.0+image~ipo+shared build_type=Release patches=71e6851 arch=cray-sles15-zen3
[+]  c2h3tmh          ^llvm-amdgpu@5.1.0%gcc@11.2.0~ipo~link_llvm_dylib~llvm_dylib~openmp+rocm-device-libs build_type=Release arch=cray-sles15-zen3
[+]  os5lrhc          ^magma@2.6.2%gcc@11.2.0~cuda+fortran~ipo+rocm+shared amdgpu_target=gfx90a build_type=RelWithDebInfo arch=cray-sles15-zen3
[+]  c6hs7o5              ^openblas@0.3.20%gcc@11.2.0~bignuma~consistent_fpcsr~ilp64+locking+pic+shared symbol_suffix=none threads=openmp arch=cray-sles15-zen3
[+]  k2yga7g          ^raja@0.14.0%gcc@11.2.0~cuda+examples+exercises~ipo~openmp+rocm+shared~tests amdgpu_target=gfx90a build_type=RelWithDebInfo arch=cray-sles15-zen3
[+]  3ow53g4              ^blt@0.4.1%gcc@11.2.0 arch=cray-sles15-zen3
[+]  5vakyfh              ^camp@0.2.2%gcc@11.2.0~cuda~ipo+rocm~tests amdgpu_target=gfx90a build_type=RelWithDebInfo arch=cray-sles15-zen3
[+]  fizpldm          ^umpire@6.0.0%gcc@11.2.0+c~cuda~deviceconst+examples~fortran~ipo~numa~openmp+rocm+shared amdgpu_target=gfx90a build_type=RelWithDebInfo tests=none arch=cray-sles15-zen3
[+]  gz76m2j      ^petsc@3.16.6%gcc@11.2.0~X~batch~cgns~complex~cuda~debug+double~exodusii~fftw+fortran~giflib+hdf5~hpddm~hwloc+hypre~int64~jpeg~knl~kokkos~libpng~libyaml~memkind+metis~mkl-pardiso~mmg~moab~mpfr+mpi~mumps~openmp~p4est~parmmg~ptscotch~random123~rocm~saws~scalapack+shared~strumpack~suite-sparse+superlu-dist~tetgen~trilinos~valgrind clanguage=C arch=cray-sles15-zen3
[+]  73xb7cb          ^hdf5@1.12.2%gcc@11.2.0~cxx+fortran+hl~ipo~java+mpi+shared~szip~threadsafe+tools api=default build_type=RelWithDebInfo arch=cray-sles15-zen3
[+]  4orb2cp          ^hypre@2.24.0%gcc@11.2.0~complex~cuda~debug+fortran~gptune~int64~internal-superlu~mixedint+mpi~openmp~rocm+shared~superlu-dist~unified-memory arch=cray-sles15-zen3
[+]  h5yqvkh          ^metis@5.1.0%gcc@11.2.0~gdb~int64~real64+shared build_type=Release patches=4991da9,b1225da arch=cray-sles15-zen3
[+]  bao2e5a          ^parmetis@4.0.3%gcc@11.2.0~gdb~int64~ipo+shared build_type=RelWithDebInfo patches=4f89253,50ed208,704b84f arch=cray-sles15-zen3
[+]  x6a2psn          ^python@3.8.12%gcc@11.2.0+bz2+ctypes+dbm~debug+ensurepip+libxml2+lzma~nis~optimizations+pic+pyexpat+pythoncmd+readline+shared+sqlite3+ssl~tix~tkinter~ucs4+uuid+zlib patches=0d98e93,4c24573,ebdca64,f2fd060 arch=cray-sles15-zen3
[+]  yvchkv2              ^expat@2.4.8%gcc@11.2.0+libbsd arch=cray-sles15-zen3
[+]  uomjj7i                  ^libbsd@0.11.5%gcc@11.2.0 arch=cray-sles15-zen3
[+]  iynqjjk                      ^libmd@1.0.4%gcc@11.2.0 arch=cray-sles15-zen3
[+]  qecbeh5              ^gettext@0.21%gcc@11.2.0+bzip2+curses+git~libunistring+libxml2+tar+xz arch=cray-sles15-zen3
[+]  uaarf7u                  ^libxml2@2.9.13%gcc@11.2.0~python arch=cray-sles15-zen3
[+]  u4cyfrk                      ^xz@5.2.5%gcc@11.2.0+pic libs=shared,static arch=cray-sles15-zen3
[+]  nau7bkz                  ^tar@1.34%gcc@11.2.0 arch=cray-sles15-zen3
[+]  nchqwcq              ^libffi@3.4.2%gcc@11.2.0 arch=cray-sles15-zen3
[+]  apsv2yn              ^sqlite@3.38.5%gcc@11.2.0+column_metadata+dynamic_extensions+fts~functions+rtree arch=cray-sles15-zen3
[+]  punjooc              ^util-linux-uuid@2.37.4%gcc@11.2.0 arch=cray-sles15-zen3
[+]  6pfkqtl          ^superlu-dist@7.2.0%gcc@11.2.0~cuda~int64~ipo~openmp~rocm+shared build_type=RelWithDebInfo patches=8da9e21 arch=cray-sles15-zen3
[+]  kirfqhf      ^py-mpi4py@3.1.2%gcc@11.2.0 arch=cray-sles15-zen3
[-]  sirfnl5          ^py-pip@21.3.1%gcc@11.2.0 arch=cray-sles15-zen3
[-]  33nwwal          ^py-setuptools@59.4.0%gcc@11.2.0 arch=cray-sles15-zen3
[-]  ikg4dnd              ^py-wheel@0.37.0%gcc@11.2.0 arch=cray-sles15-zen3

==> Concretized exago@5-18-2022-snapshot+hiop~ipopt+mpi+python+raja+rocm amdgpu_target=gfx90a ^hiop@0.6.2+kron+mpi+raja+rocm~sparse amdgpu_target=gfx90a
[+]  pqqxh5o  exago@5-18-2022-snapshot%gcc@11.2.0~cuda+hiop~ipo~ipopt+mpi+python+raja+rocm amdgpu_target=gfx90a build_type=RelWithDebInfo arch=cray-sles15-zen3
[+]  zsdz2mg      ^cmake@3.20.6%gcc@11.2.0~doc+ncurses+ownlibs~qt build_type=Release arch=cray-sles15-zen3
[+]  2t22mc5          ^ncurses@6.2%gcc@11.2.0~symlinks+termlib abi=none arch=cray-sles15-zen3
[+]  nugfov2              ^pkgconf@1.8.0%gcc@11.2.0 arch=cray-sles15-zen3
[+]  i2r3jpl          ^openssl@1.1.1o%gcc@11.2.0~docs~shared certs=system arch=cray-sles15-zen3
[-]  ekj3iat              ^perl@5.34.1%gcc@11.2.0+cpanm+shared+threads arch=cray-sles15-zen3
[-]  hafeanv                  ^berkeley-db@18.1.40%gcc@11.2.0+cxx~docs+stl patches=b231fcc arch=cray-sles15-zen3
[+]  blbwwl4                  ^bzip2@1.0.8%gcc@11.2.0~debug~pic+shared arch=cray-sles15-zen3
[-]  gvbyw6w                      ^diffutils@3.8%gcc@11.2.0 arch=cray-sles15-zen3
[+]  3xwztgy                          ^libiconv@1.16%gcc@11.2.0 libs=shared,static arch=cray-sles15-zen3
[+]  bxrz7zm                  ^gdbm@1.19%gcc@11.2.0 arch=cray-sles15-zen3
[+]  avhrefq                      ^readline@8.1%gcc@11.2.0 arch=cray-sles15-zen3
[+]  ozmcyfj                  ^zlib@1.2.12%gcc@11.2.0+optimize+pic+shared patches=0d38234 arch=cray-sles15-zen3
[+]  u3ebvcw      ^cray-mpich@8.1.16%gcc@11.2.0+wrappers arch=cray-sles15-zen3
[+]  2wzxrfa      ^hiop@0.6.2%gcc@11.2.0~cuda~cusolver~deepchecking~ginkgo~ipo~jsrun+kron+mpi+raja+rocm~shared~sparse amdgpu_target=gfx90a build_type=RelWithDebInfo arch=cray-sles15-zen3
[+]  bo2sh7l          ^hip@5.1.0%gcc@11.2.0~ipo build_type=Release patches=3b25db8 arch=cray-sles15-zen3
[+]  rbg5xxt          ^hipblas@5.1.0%gcc@11.2.0~ipo build_type=Release arch=cray-sles15-zen3
[+]  2t7gzld          ^hipsparse@5.1.0%gcc@11.2.0~ipo build_type=Release arch=cray-sles15-zen3
[+]  lpiauoe          ^hsa-rocr-dev@5.1.0%gcc@11.2.0+image~ipo+shared build_type=Release patches=71e6851 arch=cray-sles15-zen3
[+]  c2h3tmh          ^llvm-amdgpu@5.1.0%gcc@11.2.0~ipo~link_llvm_dylib~llvm_dylib~openmp+rocm-device-libs build_type=Release arch=cray-sles15-zen3
[+]  os5lrhc          ^magma@2.6.2%gcc@11.2.0~cuda+fortran~ipo+rocm+shared amdgpu_target=gfx90a build_type=RelWithDebInfo arch=cray-sles15-zen3
[+]  c6hs7o5              ^openblas@0.3.20%gcc@11.2.0~bignuma~consistent_fpcsr~ilp64+locking+pic+shared symbol_suffix=none threads=openmp arch=cray-sles15-zen3
[+]  k2yga7g          ^raja@0.14.0%gcc@11.2.0~cuda+examples+exercises~ipo~openmp+rocm+shared~tests amdgpu_target=gfx90a build_type=RelWithDebInfo arch=cray-sles15-zen3
[+]  3ow53g4              ^blt@0.4.1%gcc@11.2.0 arch=cray-sles15-zen3
[+]  5vakyfh              ^camp@0.2.2%gcc@11.2.0~cuda~ipo+rocm~tests amdgpu_target=gfx90a build_type=RelWithDebInfo arch=cray-sles15-zen3
[+]  bxnsz2i          ^suite-sparse@5.10.1%gcc@11.2.0~cuda~graphblas~openmp+pic~tbb arch=cray-sles15-zen3
[+]  pu5n6fh              ^gmp@6.2.1%gcc@11.2.0 libs=shared,static arch=cray-sles15-zen3
[-]  al4xc7v                  ^autoconf@2.69%gcc@11.2.0 patches=35c4492,7793209,a49dd5b arch=cray-sles15-zen3
[-]  flsruli                      ^m4@1.4.19%gcc@11.2.0+sigsegv patches=9dc5fbd,bfdffa7 arch=cray-sles15-zen3
[-]  wcuq435                          ^libsigsegv@2.13%gcc@11.2.0 arch=cray-sles15-zen3
[-]  2uxxcnx                  ^automake@1.16.5%gcc@11.2.0 arch=cray-sles15-zen3
[-]  56oycjj                  ^libtool@2.4.7%gcc@11.2.0 arch=cray-sles15-zen3
[+]  h5yqvkh              ^metis@5.1.0%gcc@11.2.0~gdb~int64~real64+shared build_type=Release patches=4991da9,b1225da arch=cray-sles15-zen3
[+]  qhhx4yh              ^mpfr@4.1.0%gcc@11.2.0 libs=shared,static arch=cray-sles15-zen3
[-]  zgi3ivi                  ^autoconf-archive@2022.02.11%gcc@11.2.0 patches=130cd48 arch=cray-sles15-zen3
[-]  6nvqdqi                  ^texinfo@6.5%gcc@11.2.0 patches=12f6edb,1732115 arch=cray-sles15-zen3
[+]  fizpldm          ^umpire@6.0.0%gcc@11.2.0+c~cuda~deviceconst+examples~fortran~ipo~numa~openmp+rocm+shared amdgpu_target=gfx90a build_type=RelWithDebInfo tests=none arch=cray-sles15-zen3
[+]  gz76m2j      ^petsc@3.16.6%gcc@11.2.0~X~batch~cgns~complex~cuda~debug+double~exodusii~fftw+fortran~giflib+hdf5~hpddm~hwloc+hypre~int64~jpeg~knl~kokkos~libpng~libyaml~memkind+metis~mkl-pardiso~mmg~moab~mpfr+mpi~mumps~openmp~p4est~parmmg~ptscotch~random123~rocm~saws~scalapack+shared~strumpack~suite-sparse+superlu-dist~tetgen~trilinos~valgrind clanguage=C arch=cray-sles15-zen3
[+]  73xb7cb          ^hdf5@1.12.2%gcc@11.2.0~cxx+fortran+hl~ipo~java+mpi+shared~szip~threadsafe+tools api=default build_type=RelWithDebInfo arch=cray-sles15-zen3
[+]  4orb2cp          ^hypre@2.24.0%gcc@11.2.0~complex~cuda~debug+fortran~gptune~int64~internal-superlu~mixedint+mpi~openmp~rocm+shared~superlu-dist~unified-memory arch=cray-sles15-zen3
[+]  bao2e5a          ^parmetis@4.0.3%gcc@11.2.0~gdb~int64~ipo+shared build_type=RelWithDebInfo patches=4f89253,50ed208,704b84f arch=cray-sles15-zen3
[+]  x6a2psn          ^python@3.8.12%gcc@11.2.0+bz2+ctypes+dbm~debug+ensurepip+libxml2+lzma~nis~optimizations+pic+pyexpat+pythoncmd+readline+shared+sqlite3+ssl~tix~tkinter~ucs4+uuid+zlib patches=0d98e93,4c24573,ebdca64,f2fd060 arch=cray-sles15-zen3
[+]  yvchkv2              ^expat@2.4.8%gcc@11.2.0+libbsd arch=cray-sles15-zen3
[+]  uomjj7i                  ^libbsd@0.11.5%gcc@11.2.0 arch=cray-sles15-zen3
[+]  iynqjjk                      ^libmd@1.0.4%gcc@11.2.0 arch=cray-sles15-zen3
[+]  qecbeh5              ^gettext@0.21%gcc@11.2.0+bzip2+curses+git~libunistring+libxml2+tar+xz arch=cray-sles15-zen3
[+]  uaarf7u                  ^libxml2@2.9.13%gcc@11.2.0~python arch=cray-sles15-zen3
[+]  u4cyfrk                      ^xz@5.2.5%gcc@11.2.0+pic libs=shared,static arch=cray-sles15-zen3
[+]  nau7bkz                  ^tar@1.34%gcc@11.2.0 arch=cray-sles15-zen3
[+]  nchqwcq              ^libffi@3.4.2%gcc@11.2.0 arch=cray-sles15-zen3
[+]  apsv2yn              ^sqlite@3.38.5%gcc@11.2.0+column_metadata+dynamic_extensions+fts~functions+rtree arch=cray-sles15-zen3
[+]  punjooc              ^util-linux-uuid@2.37.4%gcc@11.2.0 arch=cray-sles15-zen3
[+]  6pfkqtl          ^superlu-dist@7.2.0%gcc@11.2.0~cuda~int64~ipo~openmp~rocm+shared build_type=RelWithDebInfo patches=8da9e21 arch=cray-sles15-zen3
[+]  kirfqhf      ^py-mpi4py@3.1.2%gcc@11.2.0 arch=cray-sles15-zen3
[-]  sirfnl5          ^py-pip@21.3.1%gcc@11.2.0 arch=cray-sles15-zen3
[-]  33nwwal          ^py-setuptools@59.4.0%gcc@11.2.0 arch=cray-sles15-zen3
[-]  ikg4dnd              ^py-wheel@0.37.0%gcc@11.2.0 arch=cray-sles15-zen3

