==> Concretized exawind+amr_wind_gpu+cuda+nalu_wind_gpu cuda_arch=70 ^mpich
 -   aslu4ue  exawind@master%gcc@9.4.0+amr_wind_gpu~asan+cuda+hypre~ipo+nalu_wind_gpu~openfast~rocm~stk_simd build_type=Release cuda_arch=70 arch=linux-ubuntu20.04-x86_64
 -   gksotns      ^amr-wind@main%gcc@9.4.0~asan~ascent~clangtidy~cppcheck+cuda+hdf5+hypre~ipo~masa+mpi+netcdf~openfast~openmp~rocm~shared+tests build_type=RelWithDebInfo cuda_arch=70 arch=linux-ubuntu20.04-x86_64
 -   mhlj3yv          ^cmake@3.23.2%gcc@9.4.0~doc+ncurses+ownlibs~qt build_type=Release arch=linux-ubuntu20.04-x86_64
[+]  a4ubgt3              ^ncurses@6.2%gcc@9.4.0~symlinks+termlib abi=none arch=linux-ubuntu20.04-x86_64
[+]  jodzku6                  ^pkgconf@1.8.0%gcc@9.4.0 arch=linux-ubuntu20.04-x86_64
[+]  gs5f3ei              ^openssl@1.1.1q%gcc@9.4.0~docs~shared certs=mozilla patches=3fdcf2d arch=linux-ubuntu20.04-x86_64
[+]  ncnjyog                  ^ca-certificates-mozilla@2022-03-29%gcc@9.4.0 arch=linux-ubuntu20.04-x86_64
[+]  flz5ces                  ^perl@5.34.1%gcc@9.4.0+cpanm+shared+threads arch=linux-ubuntu20.04-x86_64
[+]  5ddr2oz                      ^berkeley-db@18.1.40%gcc@9.4.0+cxx~docs+stl patches=b231fcc arch=linux-ubuntu20.04-x86_64
[+]  sy4wi34                      ^bzip2@1.0.8%gcc@9.4.0~debug~pic+shared arch=linux-ubuntu20.04-x86_64
[+]  n2fjcg5                          ^diffutils@3.8%gcc@9.4.0 arch=linux-ubuntu20.04-x86_64
[+]  c75f7vl                              ^libiconv@1.16%gcc@9.4.0 libs=shared,static arch=linux-ubuntu20.04-x86_64
[+]  yqalfud                      ^gdbm@1.19%gcc@9.4.0 arch=linux-ubuntu20.04-x86_64
[+]  lyqqg2r                          ^readline@8.1.2%gcc@9.4.0 arch=linux-ubuntu20.04-x86_64
[+]  2jmcbiq                      ^zlib@1.2.12%gcc@9.4.0+optimize+pic+shared patches=0d38234 arch=linux-ubuntu20.04-x86_64
 -   a3ttii3          ^cuda@11.4.4%gcc@9.4.0~allow-unsupported-compilers~dev arch=linux-ubuntu20.04-x86_64
 -   ls36mp5          ^h5z-zfp@develop%gcc@9.4.0~fortran~ipo build_type=Release patches=90cd45f arch=linux-ubuntu20.04-x86_64
 -   mg26wjj              ^hdf5@1.10.7%gcc@9.4.0+cxx~fortran+hl~ipo~java+mpi+shared~szip~threadsafe+tools api=default build_type=RelWithDebInfo patches=2a1e311 arch=linux-ubuntu20.04-x86_64
 -   x34tl2i                  ^mpich@4.0.2%gcc@9.4.0~argobots~cuda+fortran+hwloc+hydra+libxml2+pci~rocm+romio~slurm~two_level_namespace~vci~verbs~wrapperrpath datatype-engine=auto device=ch4 netmod=ofi pmi=pmi arch=linux-ubuntu20.04-x86_64
[+]  2meaymk                      ^findutils@4.9.0%gcc@9.4.0 patches=440b954 arch=linux-ubuntu20.04-x86_64
 -   mhcakce                      ^hwloc@2.7.1%gcc@9.4.0~cairo+cuda~gl~libudev+libxml2~netloc~nvml~oneapi-level-zero~opencl+pci~rocm+shared arch=linux-ubuntu20.04-x86_64
[+]  q4psrtu                          ^libpciaccess@0.16%gcc@9.4.0 arch=linux-ubuntu20.04-x86_64
[+]  4o7qnns                              ^libtool@2.4.7%gcc@9.4.0 arch=linux-ubuntu20.04-x86_64
[+]  qr7lniy                                  ^m4@1.4.19%gcc@9.4.0+sigsegv patches=9dc5fbd,bfdffa7 arch=linux-ubuntu20.04-x86_64
[+]  xu34agk                                      ^libsigsegv@2.13%gcc@9.4.0 arch=linux-ubuntu20.04-x86_64
[+]  kgquruf                              ^util-macros@1.19.3%gcc@9.4.0 arch=linux-ubuntu20.04-x86_64
[+]  62mjjhz                          ^libxml2@2.9.13%gcc@9.4.0~python arch=linux-ubuntu20.04-x86_64
[+]  vgfga2v                              ^xz@5.2.5%gcc@9.4.0~pic libs=shared,static arch=linux-ubuntu20.04-x86_64
[+]  z4rechl                      ^libfabric@1.13.2%gcc@9.4.0~debug~kdreg fabrics=efa,mrail,rxd,rxm,shm,sockets,tcp,udp,verbs arch=linux-ubuntu20.04-x86_64
[+]  xgem6wx                      ^yaksa@0.2%gcc@9.4.0~cuda~rocm arch=linux-ubuntu20.04-x86_64
[+]  3t4uzpf                          ^autoconf@2.69%gcc@9.4.0 patches=35c4492,7793209,a49dd5b arch=linux-ubuntu20.04-x86_64
[+]  vodojbl                          ^automake@1.16.5%gcc@9.4.0 arch=linux-ubuntu20.04-x86_64
[+]  iovziis                          ^python@3.9.13%gcc@9.4.0+bz2+ctypes+dbm~debug+ensurepip+libxml2+lzma~nis~optimizations+pic+pyexpat+pythoncmd+readline+shared+sqlite3+ssl~tix~tkinter~ucs4+uuid+zlib patches=0d98e93,4c24573,f2fd060 arch=linux-ubuntu20.04-x86_64
[+]  pbxuaiv                              ^expat@2.4.8%gcc@9.4.0+libbsd arch=linux-ubuntu20.04-x86_64
[+]  b7nutcv                                  ^libbsd@0.11.5%gcc@9.4.0 arch=linux-ubuntu20.04-x86_64
[+]  htenkly                                      ^libmd@1.0.4%gcc@9.4.0 arch=linux-ubuntu20.04-x86_64
[+]  e5utq4r                              ^gettext@0.21%gcc@9.4.0+bzip2+curses+git~libunistring+libxml2+tar+xz arch=linux-ubuntu20.04-x86_64
[+]  sa43tf4                                  ^tar@1.34%gcc@9.4.0 zip=pigz arch=linux-ubuntu20.04-x86_64
[+]  w6zbzih                                      ^pigz@2.7%gcc@9.4.0 arch=linux-ubuntu20.04-x86_64
[+]  wcgrbus                                      ^zstd@1.5.2%gcc@9.4.0+programs compression=none libs=shared,static arch=linux-ubuntu20.04-x86_64
[+]  radstyc                              ^libffi@3.4.2%gcc@9.4.0 arch=linux-ubuntu20.04-x86_64
[+]  ijvr2i2                              ^sqlite@3.38.5%gcc@9.4.0+column_metadata+dynamic_extensions+fts~functions+rtree arch=linux-ubuntu20.04-x86_64
[+]  sxnm7rp                              ^util-linux-uuid@2.37.4%gcc@9.4.0 arch=linux-ubuntu20.04-x86_64
 -   w4o32e6              ^zfp@0.5.5%gcc@9.4.0~aligned~c~cuda~fasthash~fortran~ipo~openmp~profile~python+shared~strided~twoway bsws=8 build_type=Release arch=linux-ubuntu20.04-x86_64
 -   xpysan2          ^hypre@develop%gcc@9.4.0~complex+cuda~debug+fortran~gptune~int64~internal-superlu~mixedint+mpi~openmp~rocm+shared~superlu-dist+unified-memory cuda_arch=70 arch=linux-ubuntu20.04-x86_64
 -   x4mcf2l              ^netlib-lapack@3.10.1%gcc@9.4.0~external-blas~ipo+lapacke+shared~xblas build_type=Release arch=linux-ubuntu20.04-x86_64
 -   kkajo7m          ^netcdf-c@4.7.4%gcc@9.4.0~dap~fsync~hdf4~jna+mpi+parallel-netcdf+pic+shared patches=2c88dfb arch=linux-ubuntu20.04-x86_64
 -   kehlrze              ^parallel-netcdf@1.12.2%gcc@9.4.0~burstbuffer+cxx+fortran+pic+shared arch=linux-ubuntu20.04-x86_64
 -   vyy2aaf      ^nalu-wind@master%gcc@9.4.0~asan~boost~catalyst+cuda~fftw+hypre~ipo~openfast+pic~rocm~stk_simd+tests+tioga~wind-utils abs_tol=1e-15 build_type=Release cuda_arch=70 cxxstd=14 rel_tol=1e-12 arch=linux-ubuntu20.04-x86_64
 -   enxckqz          ^kokkos-nvcc-wrapper@3.2.00%gcc@9.4.0+mpi arch=linux-ubuntu20.04-x86_64
 -   4nswg43          ^nccmp@1.9.0.1%gcc@9.4.0~ipo build_type=Release arch=linux-ubuntu20.04-x86_64
 -   7nn7cmw          ^tioga@develop%gcc@9.4.0~cuda~ipo~nodegid+pic+shared~stats~timers build_type=Release cxxstd=11 patches=9880387 arch=linux-ubuntu20.04-x86_64
 -   pcaltek          ^trilinos@stable%gcc@9.4.0~adelus~adios2~amesos+amesos2~anasazi~aztec~basker+belos+boost~chaco~complex+cuda+cuda_rdc~debug~dtk~epetra~epetraext~epetraextbtf~epetraextexperimental~epetraextgraphreorderings+exodus+explicit_template_instantiation~float+fortran+gtest+hdf5~hypre~ifpack+ifpack2~intrepid~intrepid2~ipo~isorropia+kokkos~mesquite~minitensor~ml+mpi+muelu~mumps~nox~openmp~panzer~phalanx~piro~python~rocm~rocm_rdc~rol~rythmos~sacado~scorec+shards~shared~shylu+stk~stk_simd~stk_unit_tests~stokhos~stratimikos~strumpack~suite-sparse~superlu~superlu-dist~teko~tempus~thyra+tpetra~trilinoscouplings+uvm+wrapper~x11+zoltan+zoltan2 build_type=Release cuda_arch=70 cxxstd=14 gotype=long patches=1373593 arch=linux-ubuntu20.04-x86_64
 -   hzk3wgq              ^boost@1.76.0%gcc@9.4.0~atomic~chrono~clanglibcpp~container~context~contract~coroutine~date_time~debug+exception~fiber~filesystem+graph~graph_parallel~icu~iostreams~json~locale~log+math~mpi+multithreaded~nowide~numpy~pic~program_options~python~random~regex~serialization+shared~signals~singlethreaded+stacktrace~system~taggedlayout~test~thread~timer~type_erasure~versionedlayout~wave cxxstd=14 patches=a440f96 visibility=hidden arch=linux-ubuntu20.04-x86_64
 -   tfbxyr4              ^cgns@4.3.0%gcc@9.4.0~base_scope~fortran+hdf5~int64~ipo~legacy~mem_debug+mpi+scoping+shared~static~testing build_type=Release arch=linux-ubuntu20.04-x86_64
 -   esopmun              ^matio@1.5.17%gcc@9.4.0+hdf5+shared+zlib arch=linux-ubuntu20.04-x86_64
 -   bbvoeik              ^metis@5.1.0%gcc@9.4.0~gdb~int64~real64+shared build_type=Release patches=4991da9,b1225da arch=linux-ubuntu20.04-x86_64
 -   lpctuk2              ^parmetis@4.0.3%gcc@9.4.0~gdb~int64~ipo+shared build_type=Release patches=4f89253,50ed208,704b84f arch=linux-ubuntu20.04-x86_64
 -   5g3mp2h          ^yaml-cpp@0.6.3%gcc@9.4.0~ipo+pic+shared~tests build_type=Release arch=linux-ubuntu20.04-x86_64

