==> Starting concretization pool with 2 processes
==> Environment concretized in 14.11 seconds.
==> Concretized exago~hiop+rocm amdgpu_target=gfx90a
 -   rii7cjc  exago@1.4.1%gcc@11.2.0~cuda~hiop~ipo+ipopt+mpi+python~raja+rocm amdgpu_target=gfx90a build_type=RelWithDebInfo arch=cray-sles15-zen3
[+]  2yhiso4      ^cmake@3.23.1%gcc@11.2.0~doc+ncurses+ownlibs~qt build_type=Release arch=cray-sles15-zen3
[+]  mosh6nm          ^ncurses@6.2%gcc@11.2.0~symlinks+termlib abi=none arch=cray-sles15-zen3
[+]  kiw5m6f              ^pkgconf@1.8.0%gcc@11.2.0 arch=cray-sles15-zen3
[+]  srtfijh          ^openssl@1.1.1n%gcc@11.2.0~docs~shared certs=system arch=cray-sles15-zen3
[+]  vhuvgqt              ^perl@5.34.1%gcc@11.2.0+cpanm+shared+threads arch=cray-sles15-zen3
[+]  xvr7zsb                  ^berkeley-db@18.1.40%gcc@11.2.0+cxx~docs+stl patches=b231fcc arch=cray-sles15-zen3
[+]  4p4fezv                  ^bzip2@1.0.8%gcc@11.2.0~debug~pic+shared arch=cray-sles15-zen3
[+]  qcu64ae                      ^diffutils@3.8%gcc@11.2.0 arch=cray-sles15-zen3
[+]  l4kbzvf                          ^libiconv@1.16%gcc@11.2.0 libs=shared,static arch=cray-sles15-zen3
[+]  hsxhljd                  ^gdbm@1.19%gcc@11.2.0 arch=cray-sles15-zen3
[+]  7yy5f3d                      ^readline@8.1%gcc@11.2.0 arch=cray-sles15-zen3
[+]  wuz4wcu                  ^zlib@1.2.12%gcc@11.2.0+optimize+pic+shared patches=0d38234 arch=cray-sles15-zen3
[+]  rajghh7      ^cray-mpich@8.1.12%gcc@11.2.0 arch=cray-sles15-zen3
[+]  erlpbct      ^hip@5.1.0%gcc@11.2.0~ipo build_type=Release arch=cray-sles15-zen3
[+]  re3ivd3      ^hsa-rocr-dev@5.1.0%gcc@11.2.0+image~ipo+shared build_type=Release patches=71e6851 arch=cray-sles15-zen3
 -   xp653m6      ^ipopt@3.14.0%gcc@11.2.0~coinhsl~debug~metis+mumps arch=cray-sles15-zen3
[+]  slkjrf6          ^mumps@5.4.1%gcc@11.2.0~blr_mt+complex+double+float~incfort~int64~metis~mpi+openmp~parmetis~ptscotch~scotch+shared patches=1946864 arch=cray-sles15-zen3
[+]  cnaggoq              ^openblas@0.3.20%gcc@11.2.0~bignuma~consistent_fpcsr~ilp64+locking+pic+shared symbol_suffix=none threads=openmp arch=cray-sles15-zen3
[+]  5qyftid      ^llvm-amdgpu@5.1.0%gcc@11.2.0~ipo~link_llvm_dylib~llvm_dylib~openmp+rocm-device-libs build_type=Release arch=cray-sles15-zen3
[+]  ltoe6x5      ^petsc@3.17.0%gcc@11.2.0~X~batch~cgns~complex~cuda~debug+double~exodusii~fftw+fortran~giflib+hdf5~hpddm~hwloc+hypre~int64~jpeg~knl~kokkos~libpng~libyaml~memkind+metis~mkl-pardiso~mmg~moab~mpfr+mpi~mumps~openmp~p4est~parmmg~ptscotch~random123~rocm~saws~scalapack+shared~strumpack~suite-sparse+superlu-dist~tetgen~trilinos~valgrind clanguage=C arch=cray-sles15-zen3
[+]  7ghchay          ^hdf5@1.12.1%gcc@11.2.0~cxx+fortran+hl~ipo~java+mpi+shared~szip~threadsafe+tools api=default build_type=RelWithDebInfo patches=ee351eb arch=cray-sles15-zen3
[+]  5tfj5oo          ^hypre@2.24.0%gcc@11.2.0~complex~cuda~debug+fortran~gptune~int64~internal-superlu~mixedint+mpi~openmp~rocm+shared~superlu-dist~unified-memory arch=cray-sles15-zen3
[+]  lxe5bha          ^metis@5.1.0%gcc@11.2.0~gdb~int64~real64+shared build_type=Release patches=4991da9,b1225da arch=cray-sles15-zen3
[+]  gyq2rbb          ^parmetis@4.0.3%gcc@11.2.0~gdb~int64~ipo+shared build_type=RelWithDebInfo patches=4f89253,50ed208,704b84f arch=cray-sles15-zen3
[+]  m3ko3s3          ^python@3.8.12%gcc@11.2.0+bz2+ctypes+dbm~debug+ensurepip+libxml2+lzma~nis~optimizations+pic+pyexpat+pythoncmd+readline+shared+sqlite3+ssl~tix~tkinter~ucs4+uuid+zlib patches=0d98e93,4c24573,ebdca64,f2fd060 arch=cray-sles15-zen3
[+]  2k6dwbz              ^expat@2.4.8%gcc@11.2.0+libbsd arch=cray-sles15-zen3
[+]  ephgjmc                  ^libbsd@0.11.5%gcc@11.2.0 arch=cray-sles15-zen3
[+]  bayap72                      ^libmd@1.0.4%gcc@11.2.0 arch=cray-sles15-zen3
[+]  ezo7wv4              ^gettext@0.21%gcc@11.2.0+bzip2+curses+git~libunistring+libxml2+tar+xz arch=cray-sles15-zen3
[+]  wac76n2                  ^libxml2@2.9.12%gcc@11.2.0~python arch=cray-sles15-zen3
[+]  bhh4n32                      ^xz@5.2.5%gcc@11.2.0+pic libs=shared,static arch=cray-sles15-zen3
[+]  zj74im4                  ^tar@1.34%gcc@11.2.0 arch=cray-sles15-zen3
[+]  4hs54q4              ^libffi@3.4.2%gcc@11.2.0 arch=cray-sles15-zen3
[+]  5htri4y              ^sqlite@3.37.2%gcc@11.2.0+column_metadata+dynamic_extensions+fts~functions+rtree arch=cray-sles15-zen3
[+]  rx6kqlx              ^util-linux-uuid@2.37.4%gcc@11.2.0 arch=cray-sles15-zen3
[+]  2et2blm          ^superlu-dist@7.2.0%gcc@11.2.0~cuda~int64~ipo~openmp~rocm+shared build_type=RelWithDebInfo patches=8da9e21 arch=cray-sles15-zen3
[+]  rlotnuo      ^py-mpi4py@3.1.2%gcc@11.2.0 arch=cray-sles15-zen3
[+]  xqi2y2w          ^py-pip@21.3.1%gcc@11.2.0 arch=cray-sles15-zen3
[+]  n5aqofj          ^py-setuptools@59.4.0%gcc@11.2.0 arch=cray-sles15-zen3
[+]  jho2yp2              ^py-wheel@0.37.0%gcc@11.2.0 arch=cray-sles15-zen3

==> Concretized exago+hiop+rocm amdgpu_target=gfx90a ^hiop+rocm amdgpu_target=gfx90a ^magma+rocm amdgpu_target=gfx90a
 -   rkpu5hg  exago@1.4.1%gcc@11.2.0~cuda+hiop~ipo~ipopt+mpi+python~raja+rocm amdgpu_target=gfx90a build_type=RelWithDebInfo arch=cray-sles15-zen3
[+]  2yhiso4      ^cmake@3.23.1%gcc@11.2.0~doc+ncurses+ownlibs~qt build_type=Release arch=cray-sles15-zen3
[+]  mosh6nm          ^ncurses@6.2%gcc@11.2.0~symlinks+termlib abi=none arch=cray-sles15-zen3
[+]  kiw5m6f              ^pkgconf@1.8.0%gcc@11.2.0 arch=cray-sles15-zen3
[+]  srtfijh          ^openssl@1.1.1n%gcc@11.2.0~docs~shared certs=system arch=cray-sles15-zen3
[+]  vhuvgqt              ^perl@5.34.1%gcc@11.2.0+cpanm+shared+threads arch=cray-sles15-zen3
[+]  xvr7zsb                  ^berkeley-db@18.1.40%gcc@11.2.0+cxx~docs+stl patches=b231fcc arch=cray-sles15-zen3
[+]  4p4fezv                  ^bzip2@1.0.8%gcc@11.2.0~debug~pic+shared arch=cray-sles15-zen3
[+]  qcu64ae                      ^diffutils@3.8%gcc@11.2.0 arch=cray-sles15-zen3
[+]  l4kbzvf                          ^libiconv@1.16%gcc@11.2.0 libs=shared,static arch=cray-sles15-zen3
[+]  hsxhljd                  ^gdbm@1.19%gcc@11.2.0 arch=cray-sles15-zen3
[+]  7yy5f3d                      ^readline@8.1%gcc@11.2.0 arch=cray-sles15-zen3
[+]  wuz4wcu                  ^zlib@1.2.12%gcc@11.2.0+optimize+pic+shared patches=0d38234 arch=cray-sles15-zen3
[+]  rajghh7      ^cray-mpich@8.1.12%gcc@11.2.0 arch=cray-sles15-zen3
 -   n7fzuy3      ^hiop@0.5.3%gcc@11.2.0~cuda~deepchecking~ipo~jsrun~kron+mpi~raja+rocm~shared~sparse amdgpu_target=gfx90a build_type=RelWithDebInfo arch=cray-sles15-zen3
[+]  erlpbct          ^hip@5.1.0%gcc@11.2.0~ipo build_type=Release arch=cray-sles15-zen3
[+]  bvtlayy          ^hipblas@5.1.0%gcc@11.2.0~ipo build_type=Release patches=0100382 arch=cray-sles15-zen3
[+]  shp7s2u          ^hipsparse@5.1.0%gcc@11.2.0~ipo build_type=Release arch=cray-sles15-zen3
[+]  re3ivd3          ^hsa-rocr-dev@5.1.0%gcc@11.2.0+image~ipo+shared build_type=Release patches=71e6851 arch=cray-sles15-zen3
[+]  5qyftid          ^llvm-amdgpu@5.1.0%gcc@11.2.0~ipo~link_llvm_dylib~llvm_dylib~openmp+rocm-device-libs build_type=Release arch=cray-sles15-zen3
[+]  n7iv5tb          ^magma@2.6.1%gcc@11.2.0~cuda+fortran~ipo+rocm+shared amdgpu_target=gfx90a build_type=RelWithDebInfo arch=cray-sles15-zen3
[+]  cnaggoq              ^openblas@0.3.20%gcc@11.2.0~bignuma~consistent_fpcsr~ilp64+locking+pic+shared symbol_suffix=none threads=openmp arch=cray-sles15-zen3
[+]  ltoe6x5      ^petsc@3.17.0%gcc@11.2.0~X~batch~cgns~complex~cuda~debug+double~exodusii~fftw+fortran~giflib+hdf5~hpddm~hwloc+hypre~int64~jpeg~knl~kokkos~libpng~libyaml~memkind+metis~mkl-pardiso~mmg~moab~mpfr+mpi~mumps~openmp~p4est~parmmg~ptscotch~random123~rocm~saws~scalapack+shared~strumpack~suite-sparse+superlu-dist~tetgen~trilinos~valgrind clanguage=C arch=cray-sles15-zen3
[+]  7ghchay          ^hdf5@1.12.1%gcc@11.2.0~cxx+fortran+hl~ipo~java+mpi+shared~szip~threadsafe+tools api=default build_type=RelWithDebInfo patches=ee351eb arch=cray-sles15-zen3
[+]  5tfj5oo          ^hypre@2.24.0%gcc@11.2.0~complex~cuda~debug+fortran~gptune~int64~internal-superlu~mixedint+mpi~openmp~rocm+shared~superlu-dist~unified-memory arch=cray-sles15-zen3
[+]  lxe5bha          ^metis@5.1.0%gcc@11.2.0~gdb~int64~real64+shared build_type=Release patches=4991da9,b1225da arch=cray-sles15-zen3
[+]  gyq2rbb          ^parmetis@4.0.3%gcc@11.2.0~gdb~int64~ipo+shared build_type=RelWithDebInfo patches=4f89253,50ed208,704b84f arch=cray-sles15-zen3
[+]  m3ko3s3          ^python@3.8.12%gcc@11.2.0+bz2+ctypes+dbm~debug+ensurepip+libxml2+lzma~nis~optimizations+pic+pyexpat+pythoncmd+readline+shared+sqlite3+ssl~tix~tkinter~ucs4+uuid+zlib patches=0d98e93,4c24573,ebdca64,f2fd060 arch=cray-sles15-zen3
[+]  2k6dwbz              ^expat@2.4.8%gcc@11.2.0+libbsd arch=cray-sles15-zen3
[+]  ephgjmc                  ^libbsd@0.11.5%gcc@11.2.0 arch=cray-sles15-zen3
[+]  bayap72                      ^libmd@1.0.4%gcc@11.2.0 arch=cray-sles15-zen3
[+]  ezo7wv4              ^gettext@0.21%gcc@11.2.0+bzip2+curses+git~libunistring+libxml2+tar+xz arch=cray-sles15-zen3
[+]  wac76n2                  ^libxml2@2.9.12%gcc@11.2.0~python arch=cray-sles15-zen3
[+]  bhh4n32                      ^xz@5.2.5%gcc@11.2.0+pic libs=shared,static arch=cray-sles15-zen3
[+]  zj74im4                  ^tar@1.34%gcc@11.2.0 arch=cray-sles15-zen3
[+]  4hs54q4              ^libffi@3.4.2%gcc@11.2.0 arch=cray-sles15-zen3
[+]  5htri4y              ^sqlite@3.37.2%gcc@11.2.0+column_metadata+dynamic_extensions+fts~functions+rtree arch=cray-sles15-zen3
[+]  rx6kqlx              ^util-linux-uuid@2.37.4%gcc@11.2.0 arch=cray-sles15-zen3
[+]  2et2blm          ^superlu-dist@7.2.0%gcc@11.2.0~cuda~int64~ipo~openmp~rocm+shared build_type=RelWithDebInfo patches=8da9e21 arch=cray-sles15-zen3
[+]  rlotnuo      ^py-mpi4py@3.1.2%gcc@11.2.0 arch=cray-sles15-zen3
[+]  xqi2y2w          ^py-pip@21.3.1%gcc@11.2.0 arch=cray-sles15-zen3
[+]  n5aqofj          ^py-setuptools@59.4.0%gcc@11.2.0 arch=cray-sles15-zen3
[+]  jho2yp2              ^py-wheel@0.37.0%gcc@11.2.0 arch=cray-sles15-zen3

