==> Starting concretization pool with 3 processes
==> Environment concretized in 15.10 seconds.
==> Concretized exago@1.4.1+hiop~ipopt+mpi+python~raja+rocm amdgpu_target=gfx90a
[+]  pngjgmk  exago@1.4.1%gcc@11.2.0~cuda+hiop~ipo~ipopt+mpi+python~raja+rocm amdgpu_target=gfx90a build_type=RelWithDebInfo arch=cray-sles15-zen3
 -   2yhiso4      ^cmake@3.23.1%gcc@11.2.0~doc+ncurses+ownlibs~qt build_type=Release arch=cray-sles15-zen3
[+]  mosh6nm          ^ncurses@6.2%gcc@11.2.0~symlinks+termlib abi=none arch=cray-sles15-zen3
[+]  kiw5m6f              ^pkgconf@1.8.0%gcc@11.2.0 arch=cray-sles15-zen3
[+]  srtfijh          ^openssl@1.1.1n%gcc@11.2.0~docs~shared certs=system arch=cray-sles15-zen3
 -   vhuvgqt              ^perl@5.34.1%gcc@11.2.0+cpanm+shared+threads arch=cray-sles15-zen3
 -   xvr7zsb                  ^berkeley-db@18.1.40%gcc@11.2.0+cxx~docs+stl patches=b231fcc arch=cray-sles15-zen3
[+]  4p4fezv                  ^bzip2@1.0.8%gcc@11.2.0~debug~pic+shared arch=cray-sles15-zen3
 -   qcu64ae                      ^diffutils@3.8%gcc@11.2.0 arch=cray-sles15-zen3
[+]  l4kbzvf                          ^libiconv@1.16%gcc@11.2.0 libs=shared,static arch=cray-sles15-zen3
[+]  hsxhljd                  ^gdbm@1.19%gcc@11.2.0 arch=cray-sles15-zen3
[+]  7yy5f3d                      ^readline@8.1%gcc@11.2.0 arch=cray-sles15-zen3
[+]  wuz4wcu                  ^zlib@1.2.12%gcc@11.2.0+optimize+pic+shared patches=0d38234 arch=cray-sles15-zen3
[+]  rajghh7      ^cray-mpich@8.1.12%gcc@11.2.0 arch=cray-sles15-zen3
[+]  hausbvr      ^hiop@0.6.1%gcc@11.2.0~cuda~cusolver~deepchecking~ginkgo~ipo~jsrun~kron+mpi~raja+rocm~shared~sparse amdgpu_target=gfx90a build_type=RelWithDebInfo arch=cray-sles15-zen3
[+]  erlpbct          ^hip@5.1.0%gcc@11.2.0~ipo build_type=Release arch=cray-sles15-zen3
[+]  bvtlayy          ^hipblas@5.1.0%gcc@11.2.0~ipo build_type=Release patches=0100382 arch=cray-sles15-zen3
[+]  shp7s2u          ^hipsparse@5.1.0%gcc@11.2.0~ipo build_type=Release arch=cray-sles15-zen3
[+]  re3ivd3          ^hsa-rocr-dev@5.1.0%gcc@11.2.0+image~ipo+shared build_type=Release patches=71e6851 arch=cray-sles15-zen3
[+]  5qyftid          ^llvm-amdgpu@5.1.0%gcc@11.2.0~ipo~link_llvm_dylib~llvm_dylib~openmp+rocm-device-libs build_type=Release arch=cray-sles15-zen3
[+]  4fudkuw          ^magma@2.6.2%gcc@11.2.0~cuda+fortran~ipo+rocm+shared amdgpu_target=gfx90a build_type=RelWithDebInfo arch=cray-sles15-zen3
[+]  cnaggoq              ^openblas@0.3.20%gcc@11.2.0~bignuma~consistent_fpcsr~ilp64+locking+pic+shared symbol_suffix=none threads=openmp arch=cray-sles15-zen3
[+]  vuxvaue      ^petsc@3.16.6%gcc@11.2.0~X~batch~cgns~complex~cuda~debug+double~exodusii~fftw+fortran~giflib+hdf5~hpddm~hwloc+hypre~int64~jpeg~knl~kokkos~libpng~libyaml~memkind+metis~mkl-pardiso~mmg~moab~mpfr+mpi~mumps~openmp~p4est~parmmg~ptscotch~random123~rocm~saws~scalapack+shared~strumpack~suite-sparse+superlu-dist~tetgen~trilinos~valgrind clanguage=C arch=cray-sles15-zen3
[+]  3xsj4b6          ^hdf5@1.12.2%gcc@11.2.0~cxx+fortran+hl~ipo~java+mpi+shared~szip~threadsafe+tools api=default build_type=RelWithDebInfo arch=cray-sles15-zen3
[+]  5tfj5oo          ^hypre@2.24.0%gcc@11.2.0~complex~cuda~debug+fortran~gptune~int64~internal-superlu~mixedint+mpi~openmp~rocm+shared~superlu-dist~unified-memory arch=cray-sles15-zen3
[+]  lxe5bha          ^metis@5.1.0%gcc@11.2.0~gdb~int64~real64+shared build_type=Release patches=4991da9,b1225da arch=cray-sles15-zen3
[+]  gyq2rbb          ^parmetis@4.0.3%gcc@11.2.0~gdb~int64~ipo+shared build_type=RelWithDebInfo patches=4f89253,50ed208,704b84f arch=cray-sles15-zen3
[+]  veguois          ^python@3.8.12%gcc@11.2.0+bz2+ctypes+dbm~debug+ensurepip+libxml2+lzma~nis~optimizations+pic+pyexpat+pythoncmd+readline+shared+sqlite3+ssl~tix~tkinter~ucs4+uuid+zlib patches=0d98e93,4c24573,ebdca64,f2fd060 arch=cray-sles15-zen3
[+]  2k6dwbz              ^expat@2.4.8%gcc@11.2.0+libbsd arch=cray-sles15-zen3
[+]  ephgjmc                  ^libbsd@0.11.5%gcc@11.2.0 arch=cray-sles15-zen3
[+]  bayap72                      ^libmd@1.0.4%gcc@11.2.0 arch=cray-sles15-zen3
[+]  rrbl34q              ^gettext@0.21%gcc@11.2.0+bzip2+curses+git~libunistring+libxml2+tar+xz arch=cray-sles15-zen3
[+]  afewmqt                  ^libxml2@2.9.13%gcc@11.2.0~python arch=cray-sles15-zen3
[+]  bhh4n32                      ^xz@5.2.5%gcc@11.2.0+pic libs=shared,static arch=cray-sles15-zen3
[+]  zj74im4                  ^tar@1.34%gcc@11.2.0 arch=cray-sles15-zen3
[+]  4hs54q4              ^libffi@3.4.2%gcc@11.2.0 arch=cray-sles15-zen3
[+]  ypieq77              ^sqlite@3.38.3%gcc@11.2.0+column_metadata+dynamic_extensions+fts~functions+rtree arch=cray-sles15-zen3
[+]  rx6kqlx              ^util-linux-uuid@2.37.4%gcc@11.2.0 arch=cray-sles15-zen3
[+]  2et2blm          ^superlu-dist@7.2.0%gcc@11.2.0~cuda~int64~ipo~openmp~rocm+shared build_type=RelWithDebInfo patches=8da9e21 arch=cray-sles15-zen3
[+]  6pawjxt      ^py-mpi4py@3.1.2%gcc@11.2.0 arch=cray-sles15-zen3
 -   mmatkta          ^py-pip@21.3.1%gcc@11.2.0 arch=cray-sles15-zen3
 -   crmqayf          ^py-setuptools@59.4.0%gcc@11.2.0 arch=cray-sles15-zen3
 -   mpwvre6              ^py-wheel@0.37.0%gcc@11.2.0 arch=cray-sles15-zen3

==> Concretized exago@1.4.1+hiop~ipopt+mpi+python+raja+rocm amdgpu_target=gfx90a
[+]  6a2p5fe  exago@1.4.1%gcc@11.2.0~cuda+hiop~ipo~ipopt+mpi+python+raja+rocm amdgpu_target=gfx90a build_type=RelWithDebInfo arch=cray-sles15-zen3
[+]  atcw7lb      ^cmake@3.20.6%gcc@11.2.0~doc+ncurses+ownlibs~qt build_type=Release arch=cray-sles15-zen3
[+]  mosh6nm          ^ncurses@6.2%gcc@11.2.0~symlinks+termlib abi=none arch=cray-sles15-zen3
[+]  kiw5m6f              ^pkgconf@1.8.0%gcc@11.2.0 arch=cray-sles15-zen3
[+]  srtfijh          ^openssl@1.1.1n%gcc@11.2.0~docs~shared certs=system arch=cray-sles15-zen3
 -   vhuvgqt              ^perl@5.34.1%gcc@11.2.0+cpanm+shared+threads arch=cray-sles15-zen3
 -   xvr7zsb                  ^berkeley-db@18.1.40%gcc@11.2.0+cxx~docs+stl patches=b231fcc arch=cray-sles15-zen3
[+]  4p4fezv                  ^bzip2@1.0.8%gcc@11.2.0~debug~pic+shared arch=cray-sles15-zen3
 -   qcu64ae                      ^diffutils@3.8%gcc@11.2.0 arch=cray-sles15-zen3
[+]  l4kbzvf                          ^libiconv@1.16%gcc@11.2.0 libs=shared,static arch=cray-sles15-zen3
[+]  hsxhljd                  ^gdbm@1.19%gcc@11.2.0 arch=cray-sles15-zen3
[+]  7yy5f3d                      ^readline@8.1%gcc@11.2.0 arch=cray-sles15-zen3
[+]  wuz4wcu                  ^zlib@1.2.12%gcc@11.2.0+optimize+pic+shared patches=0d38234 arch=cray-sles15-zen3
[+]  rajghh7      ^cray-mpich@8.1.12%gcc@11.2.0 arch=cray-sles15-zen3
[+]  5bdtity      ^hiop@0.6.1%gcc@11.2.0~cuda~cusolver~deepchecking~ginkgo~ipo~jsrun~kron+mpi+raja+rocm~shared~sparse amdgpu_target=gfx90a build_type=RelWithDebInfo arch=cray-sles15-zen3
[+]  erlpbct          ^hip@5.1.0%gcc@11.2.0~ipo build_type=Release arch=cray-sles15-zen3
[+]  bvtlayy          ^hipblas@5.1.0%gcc@11.2.0~ipo build_type=Release patches=0100382 arch=cray-sles15-zen3
[+]  shp7s2u          ^hipsparse@5.1.0%gcc@11.2.0~ipo build_type=Release arch=cray-sles15-zen3
[+]  re3ivd3          ^hsa-rocr-dev@5.1.0%gcc@11.2.0+image~ipo+shared build_type=Release patches=71e6851 arch=cray-sles15-zen3
[+]  5qyftid          ^llvm-amdgpu@5.1.0%gcc@11.2.0~ipo~link_llvm_dylib~llvm_dylib~openmp+rocm-device-libs build_type=Release arch=cray-sles15-zen3
[+]  4fudkuw          ^magma@2.6.2%gcc@11.2.0~cuda+fortran~ipo+rocm+shared amdgpu_target=gfx90a build_type=RelWithDebInfo arch=cray-sles15-zen3
[+]  cnaggoq              ^openblas@0.3.20%gcc@11.2.0~bignuma~consistent_fpcsr~ilp64+locking+pic+shared symbol_suffix=none threads=openmp arch=cray-sles15-zen3
[+]  5afr6tw          ^raja@0.14.0%gcc@11.2.0~cuda+examples+exercises~ipo~openmp+rocm+shared~tests amdgpu_target=gfx90a build_type=RelWithDebInfo arch=cray-sles15-zen3
[+]  zczlyys              ^blt@0.4.1%gcc@11.2.0 arch=cray-sles15-zen3
[+]  innjoxw              ^camp@0.2.2%gcc@11.2.0~cuda~ipo+rocm~tests amdgpu_target=gfx90a build_type=RelWithDebInfo arch=cray-sles15-zen3
[+]  zmzsziw          ^umpire@6.0.0%gcc@11.2.0+c~cuda~deviceconst+examples~fortran~ipo~numa~openmp+rocm+shared amdgpu_target=gfx90a build_type=RelWithDebInfo tests=none arch=cray-sles15-zen3
[+]  vuxvaue      ^petsc@3.16.6%gcc@11.2.0~X~batch~cgns~complex~cuda~debug+double~exodusii~fftw+fortran~giflib+hdf5~hpddm~hwloc+hypre~int64~jpeg~knl~kokkos~libpng~libyaml~memkind+metis~mkl-pardiso~mmg~moab~mpfr+mpi~mumps~openmp~p4est~parmmg~ptscotch~random123~rocm~saws~scalapack+shared~strumpack~suite-sparse+superlu-dist~tetgen~trilinos~valgrind clanguage=C arch=cray-sles15-zen3
[+]  3xsj4b6          ^hdf5@1.12.2%gcc@11.2.0~cxx+fortran+hl~ipo~java+mpi+shared~szip~threadsafe+tools api=default build_type=RelWithDebInfo arch=cray-sles15-zen3
[+]  5tfj5oo          ^hypre@2.24.0%gcc@11.2.0~complex~cuda~debug+fortran~gptune~int64~internal-superlu~mixedint+mpi~openmp~rocm+shared~superlu-dist~unified-memory arch=cray-sles15-zen3
[+]  lxe5bha          ^metis@5.1.0%gcc@11.2.0~gdb~int64~real64+shared build_type=Release patches=4991da9,b1225da arch=cray-sles15-zen3
[+]  gyq2rbb          ^parmetis@4.0.3%gcc@11.2.0~gdb~int64~ipo+shared build_type=RelWithDebInfo patches=4f89253,50ed208,704b84f arch=cray-sles15-zen3
[+]  veguois          ^python@3.8.12%gcc@11.2.0+bz2+ctypes+dbm~debug+ensurepip+libxml2+lzma~nis~optimizations+pic+pyexpat+pythoncmd+readline+shared+sqlite3+ssl~tix~tkinter~ucs4+uuid+zlib patches=0d98e93,4c24573,ebdca64,f2fd060 arch=cray-sles15-zen3
[+]  2k6dwbz              ^expat@2.4.8%gcc@11.2.0+libbsd arch=cray-sles15-zen3
[+]  ephgjmc                  ^libbsd@0.11.5%gcc@11.2.0 arch=cray-sles15-zen3
[+]  bayap72                      ^libmd@1.0.4%gcc@11.2.0 arch=cray-sles15-zen3
[+]  rrbl34q              ^gettext@0.21%gcc@11.2.0+bzip2+curses+git~libunistring+libxml2+tar+xz arch=cray-sles15-zen3
[+]  afewmqt                  ^libxml2@2.9.13%gcc@11.2.0~python arch=cray-sles15-zen3
[+]  bhh4n32                      ^xz@5.2.5%gcc@11.2.0+pic libs=shared,static arch=cray-sles15-zen3
[+]  zj74im4                  ^tar@1.34%gcc@11.2.0 arch=cray-sles15-zen3
[+]  4hs54q4              ^libffi@3.4.2%gcc@11.2.0 arch=cray-sles15-zen3
[+]  ypieq77              ^sqlite@3.38.3%gcc@11.2.0+column_metadata+dynamic_extensions+fts~functions+rtree arch=cray-sles15-zen3
[+]  rx6kqlx              ^util-linux-uuid@2.37.4%gcc@11.2.0 arch=cray-sles15-zen3
[+]  2et2blm          ^superlu-dist@7.2.0%gcc@11.2.0~cuda~int64~ipo~openmp~rocm+shared build_type=RelWithDebInfo patches=8da9e21 arch=cray-sles15-zen3
[+]  6pawjxt      ^py-mpi4py@3.1.2%gcc@11.2.0 arch=cray-sles15-zen3
 -   mmatkta          ^py-pip@21.3.1%gcc@11.2.0 arch=cray-sles15-zen3
 -   crmqayf          ^py-setuptools@59.4.0%gcc@11.2.0 arch=cray-sles15-zen3
 -   mpwvre6              ^py-wheel@0.37.0%gcc@11.2.0 arch=cray-sles15-zen3

==> Concretized hiop@0.6.1+kron+mpi+raja+rocm~sparse amdgpu_target=gfx90a
[+]  jvnqino  hiop@0.6.1%gcc@11.2.0~cuda~cusolver~deepchecking~ginkgo~ipo~jsrun+kron+mpi+raja+rocm~shared~sparse amdgpu_target=gfx90a build_type=RelWithDebInfo arch=cray-sles15-zen3
[+]  atcw7lb      ^cmake@3.20.6%gcc@11.2.0~doc+ncurses+ownlibs~qt build_type=Release arch=cray-sles15-zen3
[+]  mosh6nm          ^ncurses@6.2%gcc@11.2.0~symlinks+termlib abi=none arch=cray-sles15-zen3
[+]  kiw5m6f              ^pkgconf@1.8.0%gcc@11.2.0 arch=cray-sles15-zen3
[+]  srtfijh          ^openssl@1.1.1n%gcc@11.2.0~docs~shared certs=system arch=cray-sles15-zen3
 -   vhuvgqt              ^perl@5.34.1%gcc@11.2.0+cpanm+shared+threads arch=cray-sles15-zen3
 -   xvr7zsb                  ^berkeley-db@18.1.40%gcc@11.2.0+cxx~docs+stl patches=b231fcc arch=cray-sles15-zen3
[+]  4p4fezv                  ^bzip2@1.0.8%gcc@11.2.0~debug~pic+shared arch=cray-sles15-zen3
 -   qcu64ae                      ^diffutils@3.8%gcc@11.2.0 arch=cray-sles15-zen3
[+]  l4kbzvf                          ^libiconv@1.16%gcc@11.2.0 libs=shared,static arch=cray-sles15-zen3
[+]  hsxhljd                  ^gdbm@1.19%gcc@11.2.0 arch=cray-sles15-zen3
[+]  7yy5f3d                      ^readline@8.1%gcc@11.2.0 arch=cray-sles15-zen3
[+]  wuz4wcu                  ^zlib@1.2.12%gcc@11.2.0+optimize+pic+shared patches=0d38234 arch=cray-sles15-zen3
[+]  rajghh7      ^cray-mpich@8.1.12%gcc@11.2.0 arch=cray-sles15-zen3
[+]  erlpbct      ^hip@5.1.0%gcc@11.2.0~ipo build_type=Release arch=cray-sles15-zen3
[+]  bvtlayy      ^hipblas@5.1.0%gcc@11.2.0~ipo build_type=Release patches=0100382 arch=cray-sles15-zen3
[+]  shp7s2u      ^hipsparse@5.1.0%gcc@11.2.0~ipo build_type=Release arch=cray-sles15-zen3
[+]  re3ivd3      ^hsa-rocr-dev@5.1.0%gcc@11.2.0+image~ipo+shared build_type=Release patches=71e6851 arch=cray-sles15-zen3
[+]  5qyftid      ^llvm-amdgpu@5.1.0%gcc@11.2.0~ipo~link_llvm_dylib~llvm_dylib~openmp+rocm-device-libs build_type=Release arch=cray-sles15-zen3
[+]  4fudkuw      ^magma@2.6.2%gcc@11.2.0~cuda+fortran~ipo+rocm+shared amdgpu_target=gfx90a build_type=RelWithDebInfo arch=cray-sles15-zen3
[+]  cnaggoq          ^openblas@0.3.20%gcc@11.2.0~bignuma~consistent_fpcsr~ilp64+locking+pic+shared symbol_suffix=none threads=openmp arch=cray-sles15-zen3
[+]  5afr6tw      ^raja@0.14.0%gcc@11.2.0~cuda+examples+exercises~ipo~openmp+rocm+shared~tests amdgpu_target=gfx90a build_type=RelWithDebInfo arch=cray-sles15-zen3
[+]  zczlyys          ^blt@0.4.1%gcc@11.2.0 arch=cray-sles15-zen3
[+]  innjoxw          ^camp@0.2.2%gcc@11.2.0~cuda~ipo+rocm~tests amdgpu_target=gfx90a build_type=RelWithDebInfo arch=cray-sles15-zen3
[+]  ua3kojp      ^suite-sparse@5.10.1%gcc@11.2.0~cuda~graphblas~openmp+pic~tbb arch=cray-sles15-zen3
[+]  bxr3nbt          ^gmp@6.2.1%gcc@11.2.0 libs=shared,static arch=cray-sles15-zen3
 -   qqgga44              ^autoconf@2.69%gcc@11.2.0 patches=35c4492,7793209,a49dd5b arch=cray-sles15-zen3
 -   f3eu4mu                  ^m4@1.4.19%gcc@11.2.0+sigsegv patches=9dc5fbd,bfdffa7 arch=cray-sles15-zen3
 -   x5hlygl                      ^libsigsegv@2.13%gcc@11.2.0 arch=cray-sles15-zen3
 -   tnjrstu              ^automake@1.16.5%gcc@11.2.0 arch=cray-sles15-zen3
 -   4yjpy3s              ^libtool@2.4.7%gcc@11.2.0 arch=cray-sles15-zen3
[+]  lxe5bha          ^metis@5.1.0%gcc@11.2.0~gdb~int64~real64+shared build_type=Release patches=4991da9,b1225da arch=cray-sles15-zen3
[+]  bdcf3i6          ^mpfr@4.1.0%gcc@11.2.0 libs=shared,static arch=cray-sles15-zen3
 -   6njq7g4              ^autoconf-archive@2022.02.11%gcc@11.2.0 arch=cray-sles15-zen3
 -   mtx5a2i              ^texinfo@6.5%gcc@11.2.0 patches=12f6edb,1732115 arch=cray-sles15-zen3
[+]  zmzsziw      ^umpire@6.0.0%gcc@11.2.0+c~cuda~deviceconst+examples~fortran~ipo~numa~openmp+rocm+shared amdgpu_target=gfx90a build_type=RelWithDebInfo tests=none arch=cray-sles15-zen3

