==> Starting concretization pool with 16 processes
==> Environment concretized in 20.34 seconds.
==> Concretized alquimia@1.0.9
 -   nocp3ie  alquimia@1.0.9%gcc@11.2.0~ipo+shared build_type=RelWithDebInfo arch=cray-sles15-zen3
[+]  auepzq2      ^cmake@3.23.1%gcc@11.2.0~doc+ncurses+ownlibs~qt build_type=Release arch=cray-sles15-zen3
[+]  2t22mc5          ^ncurses@6.2%gcc@11.2.0~symlinks+termlib abi=none arch=cray-sles15-zen3
[+]  nugfov2              ^pkgconf@1.8.0%gcc@11.2.0 arch=cray-sles15-zen3
[+]  i2r3jpl          ^openssl@1.1.1o%gcc@11.2.0~docs~shared certs=system arch=cray-sles15-zen3
[+]  ekj3iat              ^perl@5.34.1%gcc@11.2.0+cpanm+shared+threads arch=cray-sles15-zen3
[+]  hafeanv                  ^berkeley-db@18.1.40%gcc@11.2.0+cxx~docs+stl patches=b231fcc arch=cray-sles15-zen3
[+]  blbwwl4                  ^bzip2@1.0.8%gcc@11.2.0~debug~pic+shared arch=cray-sles15-zen3
[+]  gvbyw6w                      ^diffutils@3.8%gcc@11.2.0 arch=cray-sles15-zen3
[+]  3xwztgy                          ^libiconv@1.16%gcc@11.2.0 libs=shared,static arch=cray-sles15-zen3
[+]  bxrz7zm                  ^gdbm@1.19%gcc@11.2.0 arch=cray-sles15-zen3
[+]  avhrefq                      ^readline@8.1%gcc@11.2.0 arch=cray-sles15-zen3
[+]  ozmcyfj                  ^zlib@1.2.12%gcc@11.2.0+optimize+pic+shared patches=0d38234 arch=cray-sles15-zen3
[+]  u3ebvcw      ^cray-mpich@8.1.16%gcc@11.2.0+wrappers arch=cray-sles15-zen3
[+]  22354va      ^hdf5@1.12.2%gcc@11.2.0~cxx+fortran+hl~ipo~java+mpi+shared~szip~threadsafe+tools api=default build_type=RelWithDebInfo arch=cray-sles15-zen3
 -   qdyc7xj      ^pflotran@3.0.2%gcc@11.2.0 arch=cray-sles15-zen3
[+]  35lrndw          ^petsc@3.17.1%gcc@11.2.0~X+batch~cgns~complex~cuda~debug+double~exodusii~fftw+fortran~giflib+hdf5~hpddm~hwloc+hypre~int64~jpeg~knl~kokkos~libpng~libyaml~memkind+metis~mkl-pardiso~mmg~moab~mpfr+mpi~mumps~openmp~p4est~parmmg~ptscotch~random123~rocm~saws~scalapack+shared~strumpack~suite-sparse+superlu-dist~tetgen~trilinos~valgrind clanguage=C arch=cray-sles15-zen3
[+]  4orb2cp              ^hypre@2.24.0%gcc@11.2.0~complex~cuda~debug+fortran~gptune~int64~internal-superlu~mixedint+mpi~openmp~rocm+shared~superlu-dist~unified-memory arch=cray-sles15-zen3
[+]  c6hs7o5                  ^openblas@0.3.20%gcc@11.2.0~bignuma~consistent_fpcsr~ilp64+locking+pic+shared symbol_suffix=none threads=openmp arch=cray-sles15-zen3
[+]  5o6wezd              ^metis@5.1.0%gcc@11.2.0~gdb~int64~real64+shared build_type=Release patches=4991da9,b1225da arch=cray-sles15-zen3
[+]  2hgyqky              ^parmetis@4.0.3%gcc@11.2.0~gdb~int64~ipo+shared build_type=RelWithDebInfo patches=4f89253,50ed208,704b84f arch=cray-sles15-zen3
[+]  gy7sglp              ^python@3.8.13%gcc@11.2.0+bz2+ctypes+dbm~debug+ensurepip+libxml2+lzma~nis~optimizations+pic+pyexpat+pythoncmd+readline+shared+sqlite3+ssl~tix~tkinter~ucs4+uuid+zlib patches=0d98e93,4c24573,ebdca64,f2fd060 arch=cray-sles15-zen3
[+]  yvchkv2                  ^expat@2.4.8%gcc@11.2.0+libbsd arch=cray-sles15-zen3
[+]  uomjj7i                      ^libbsd@0.11.5%gcc@11.2.0 arch=cray-sles15-zen3
[+]  iynqjjk                          ^libmd@1.0.4%gcc@11.2.0 arch=cray-sles15-zen3
[+]  qecbeh5                  ^gettext@0.21%gcc@11.2.0+bzip2+curses+git~libunistring+libxml2+tar+xz arch=cray-sles15-zen3
[+]  uaarf7u                      ^libxml2@2.9.13%gcc@11.2.0~python arch=cray-sles15-zen3
[+]  u4cyfrk                          ^xz@5.2.5%gcc@11.2.0+pic libs=shared,static arch=cray-sles15-zen3
[+]  nau7bkz                      ^tar@1.34%gcc@11.2.0 arch=cray-sles15-zen3
[+]  nchqwcq                  ^libffi@3.4.2%gcc@11.2.0 arch=cray-sles15-zen3
[+]  apsv2yn                  ^sqlite@3.38.5%gcc@11.2.0+column_metadata+dynamic_extensions+fts~functions+rtree arch=cray-sles15-zen3
[+]  punjooc                  ^util-linux-uuid@2.37.4%gcc@11.2.0 arch=cray-sles15-zen3
[+]  5yhxanv              ^superlu-dist@7.2.0%gcc@11.2.0~cuda~int64~ipo~openmp~rocm+shared build_type=RelWithDebInfo patches=8da9e21 arch=cray-sles15-zen3

==> Concretized ascent@0.8.0
 -   ofaokwf  ascent@0.8.0%gcc@11.2.0~adios2~babelflow~cuda~doc~dray~fides+fortran~ipo~mfem+mpi+openmp~python+serial+shared+test+vtkh build_type=RelWithDebInfo patches=bd25d66,cbe4552 arch=cray-sles15-zen3
[+]  auepzq2      ^cmake@3.23.1%gcc@11.2.0~doc+ncurses+ownlibs~qt build_type=Release arch=cray-sles15-zen3
[+]  2t22mc5          ^ncurses@6.2%gcc@11.2.0~symlinks+termlib abi=none arch=cray-sles15-zen3
[+]  nugfov2              ^pkgconf@1.8.0%gcc@11.2.0 arch=cray-sles15-zen3
[+]  i2r3jpl          ^openssl@1.1.1o%gcc@11.2.0~docs~shared certs=system arch=cray-sles15-zen3
[+]  ekj3iat              ^perl@5.34.1%gcc@11.2.0+cpanm+shared+threads arch=cray-sles15-zen3
[+]  hafeanv                  ^berkeley-db@18.1.40%gcc@11.2.0+cxx~docs+stl patches=b231fcc arch=cray-sles15-zen3
[+]  blbwwl4                  ^bzip2@1.0.8%gcc@11.2.0~debug~pic+shared arch=cray-sles15-zen3
[+]  gvbyw6w                      ^diffutils@3.8%gcc@11.2.0 arch=cray-sles15-zen3
[+]  3xwztgy                          ^libiconv@1.16%gcc@11.2.0 libs=shared,static arch=cray-sles15-zen3
[+]  bxrz7zm                  ^gdbm@1.19%gcc@11.2.0 arch=cray-sles15-zen3
[+]  avhrefq                      ^readline@8.1%gcc@11.2.0 arch=cray-sles15-zen3
[+]  ozmcyfj                  ^zlib@1.2.12%gcc@11.2.0+optimize+pic+shared patches=0d38234 arch=cray-sles15-zen3
[+]  rvbzrjn      ^conduit@0.8.3%gcc@11.2.0~adios+blt_find_mpi~doc~doxygen+fortran+hdf5+hdf5_compat~ipo+mpi+parmetis~python+shared~silo+test~zfp build_type=RelWithDebInfo arch=cray-sles15-zen3
[+]  u3ebvcw          ^cray-mpich@8.1.16%gcc@11.2.0+wrappers arch=cray-sles15-zen3
[+]  sz4re67          ^hdf5@1.8.22%gcc@11.2.0~cxx+fortran+hl~ipo~java+mpi+shared~szip~threadsafe+tools api=default build_type=RelWithDebInfo arch=cray-sles15-zen3
[+]  5o6wezd          ^metis@5.1.0%gcc@11.2.0~gdb~int64~real64+shared build_type=Release patches=4991da9,b1225da arch=cray-sles15-zen3
[+]  2hgyqky          ^parmetis@4.0.3%gcc@11.2.0~gdb~int64~ipo+shared build_type=RelWithDebInfo patches=4f89253,50ed208,704b84f arch=cray-sles15-zen3
 -   kg6a4ya      ^vtk-h@0.8.1%gcc@11.2.0~contourtree~cuda~logging+mpi+openmp+serial+shared arch=cray-sles15-zen3
 -   hnvb7jj          ^vtk-m@1.7.1%gcc@11.2.0~64bitids+ascent_types~cuda+doubleprecision~ipo~kokkos~logging+mpi+openmp+rendering~rocm+shared~tbb+testlib~virtuals build_type=Release arch=cray-sles15-zen3

==> Concretized cabana@0.4.0+rocm
 -   5vuxo2u  cabana@0.4.0%gcc@11.2.0~arborx~cuda~heffte~hypre~ipo+mpi~openmp~pthread+rocm+serial+shared~sycl build_type=RelWithDebInfo arch=cray-sles15-zen3
[+]  auepzq2      ^cmake@3.23.1%gcc@11.2.0~doc+ncurses+ownlibs~qt build_type=Release arch=cray-sles15-zen3
[+]  2t22mc5          ^ncurses@6.2%gcc@11.2.0~symlinks+termlib abi=none arch=cray-sles15-zen3
[+]  nugfov2              ^pkgconf@1.8.0%gcc@11.2.0 arch=cray-sles15-zen3
[+]  i2r3jpl          ^openssl@1.1.1o%gcc@11.2.0~docs~shared certs=system arch=cray-sles15-zen3
[+]  ekj3iat              ^perl@5.34.1%gcc@11.2.0+cpanm+shared+threads arch=cray-sles15-zen3
[+]  hafeanv                  ^berkeley-db@18.1.40%gcc@11.2.0+cxx~docs+stl patches=b231fcc arch=cray-sles15-zen3
[+]  blbwwl4                  ^bzip2@1.0.8%gcc@11.2.0~debug~pic+shared arch=cray-sles15-zen3
[+]  gvbyw6w                      ^diffutils@3.8%gcc@11.2.0 arch=cray-sles15-zen3
[+]  3xwztgy                          ^libiconv@1.16%gcc@11.2.0 libs=shared,static arch=cray-sles15-zen3
[+]  bxrz7zm                  ^gdbm@1.19%gcc@11.2.0 arch=cray-sles15-zen3
[+]  avhrefq                      ^readline@8.1%gcc@11.2.0 arch=cray-sles15-zen3
[+]  ozmcyfj                  ^zlib@1.2.12%gcc@11.2.0+optimize+pic+shared patches=0d38234 arch=cray-sles15-zen3
[+]  u3ebvcw      ^cray-mpich@8.1.16%gcc@11.2.0+wrappers arch=cray-sles15-zen3
[+]  tlbh6sc      ^googletest@1.10.0%gcc@11.2.0~gmock~ipo+pthreads+shared build_type=RelWithDebInfo arch=cray-sles15-zen3
[+]  okmbndu      ^kokkos@3.6.00%gcc@11.2.0~aggressive_vectorization~compiler_warnings~cuda~cuda_constexpr~cuda_lambda~cuda_ldg_intrinsic~cuda_relocatable_device_code~cuda_uvm~debug~debug_bounds_check~debug_dualview_modify_check~deprecated_code~examples~explicit_instantiation~hpx~hpx_async_dispatch~hwloc~ipo~memkind~numactl~openmp~pic+profiling~profiling_load_print~pthread~qthread+rocm+serial+shared~sycl~tests~tuning~wrapper amdgpu_target=gfx900 build_type=RelWithDebInfo std=14 arch=cray-sles15-zen3
[+]  je27tbf          ^hip@5.1.0%gcc@11.2.0~ipo build_type=Release patches=3b25db8 arch=cray-sles15-zen3
[+]  hmche2g          ^hsa-rocr-dev@5.1.0%gcc@11.2.0+image~ipo+shared build_type=Release patches=71e6851 arch=cray-sles15-zen3
[+]  nov2rzq          ^llvm-amdgpu@5.1.0%gcc@11.2.0~ipo~link_llvm_dylib~llvm_dylib~openmp+rocm-device-libs build_type=Release arch=cray-sles15-zen3

==> Concretized catalyst@5.6.0
 -   ylaaqhh  catalyst@5.6.0%gcc@11.2.0~essentials~extras~ipo+osmesa~python~python3+rendering build_type=RelWithDebInfo arch=cray-sles15-zen3
[+]  auepzq2      ^cmake@3.23.1%gcc@11.2.0~doc+ncurses+ownlibs~qt build_type=Release arch=cray-sles15-zen3
[+]  2t22mc5          ^ncurses@6.2%gcc@11.2.0~symlinks+termlib abi=none arch=cray-sles15-zen3
[+]  nugfov2              ^pkgconf@1.8.0%gcc@11.2.0 arch=cray-sles15-zen3
[+]  i2r3jpl          ^openssl@1.1.1o%gcc@11.2.0~docs~shared certs=system arch=cray-sles15-zen3
[+]  ekj3iat              ^perl@5.34.1%gcc@11.2.0+cpanm+shared+threads arch=cray-sles15-zen3
[+]  hafeanv                  ^berkeley-db@18.1.40%gcc@11.2.0+cxx~docs+stl patches=b231fcc arch=cray-sles15-zen3
[+]  blbwwl4                  ^bzip2@1.0.8%gcc@11.2.0~debug~pic+shared arch=cray-sles15-zen3
[+]  gvbyw6w                      ^diffutils@3.8%gcc@11.2.0 arch=cray-sles15-zen3
[+]  3xwztgy                          ^libiconv@1.16%gcc@11.2.0 libs=shared,static arch=cray-sles15-zen3
[+]  bxrz7zm                  ^gdbm@1.19%gcc@11.2.0 arch=cray-sles15-zen3
[+]  avhrefq                      ^readline@8.1%gcc@11.2.0 arch=cray-sles15-zen3
[+]  ozmcyfj                  ^zlib@1.2.12%gcc@11.2.0+optimize+pic+shared patches=0d38234 arch=cray-sles15-zen3
[+]  u3ebvcw      ^cray-mpich@8.1.16%gcc@11.2.0+wrappers arch=cray-sles15-zen3
[+]  g56pxks      ^git@2.35.2%gcc@11.2.0+man+nls+perl+subtree~svn~tcltk arch=cray-sles15-zen3
[+]  al4xc7v          ^autoconf@2.69%gcc@11.2.0 patches=35c4492,7793209,a49dd5b arch=cray-sles15-zen3
[+]  flsruli              ^m4@1.4.19%gcc@11.2.0+sigsegv patches=9dc5fbd,bfdffa7 arch=cray-sles15-zen3
[+]  wcuq435                  ^libsigsegv@2.13%gcc@11.2.0 arch=cray-sles15-zen3
[+]  2uxxcnx          ^automake@1.16.5%gcc@11.2.0 arch=cray-sles15-zen3
[+]  ra5f3tt          ^curl@7.83.0%gcc@11.2.0~gssapi~ldap~libidn2~librtmp~libssh~libssh2~nghttp2 libs=shared,static tls=openssl arch=cray-sles15-zen3
[+]  yvchkv2          ^expat@2.4.8%gcc@11.2.0+libbsd arch=cray-sles15-zen3
[+]  uomjj7i              ^libbsd@0.11.5%gcc@11.2.0 arch=cray-sles15-zen3
[+]  iynqjjk                  ^libmd@1.0.4%gcc@11.2.0 arch=cray-sles15-zen3
[+]  qecbeh5          ^gettext@0.21%gcc@11.2.0+bzip2+curses+git~libunistring+libxml2+tar+xz arch=cray-sles15-zen3
[+]  uaarf7u              ^libxml2@2.9.13%gcc@11.2.0~python arch=cray-sles15-zen3
[+]  u4cyfrk                  ^xz@5.2.5%gcc@11.2.0+pic libs=shared,static arch=cray-sles15-zen3
[+]  nau7bkz              ^tar@1.34%gcc@11.2.0 arch=cray-sles15-zen3
[+]  hg3xrcv          ^libidn2@2.3.0%gcc@11.2.0 arch=cray-sles15-zen3
[+]  xgszagi              ^libunistring@0.9.10%gcc@11.2.0 arch=cray-sles15-zen3
[+]  56oycjj          ^libtool@2.4.7%gcc@11.2.0 arch=cray-sles15-zen3
[+]  w5aq2sc          ^openssh@9.0p1%gcc@11.2.0 arch=cray-sles15-zen3
[+]  mkoju5b              ^libedit@3.1-20210216%gcc@11.2.0 arch=cray-sles15-zen3
[+]  i64u2id          ^pcre2@10.39%gcc@11.2.0~jit+multibyte arch=cray-sles15-zen3
 -   jwmlzl5      ^mesa@21.3.8%gcc@11.2.0+glx+llvm+opengl~opengles+osmesa~strip buildtype=release default_library=shared patches=ada85be swr=auto arch=cray-sles15-zen3
[+]  dvfdeaf          ^bison@3.8.2%gcc@11.2.0 arch=cray-sles15-zen3
[+]  n2mdkqp          ^flex@2.6.3%gcc@11.2.0+lex~nls arch=cray-sles15-zen3
[+]  oplsxdg              ^findutils@4.9.0%gcc@11.2.0 patches=440b954 arch=cray-sles15-zen3
[+]  6kb5sxg          ^glproto@1.4.17%gcc@11.2.0 arch=cray-sles15-zen3
[+]  koitq65              ^util-macros@1.19.3%gcc@11.2.0 arch=cray-sles15-zen3
[+]  5fens7p          ^libunwind@1.6.2%gcc@11.2.0~block_signals~conservative_checks~cxx_exceptions~debug~debug_frame+docs+pic+tests+weak_backtrace+xz~zlib components=none libs=shared,static arch=cray-sles15-zen3
[+]  64xb7ke          ^libx11@1.7.0%gcc@11.2.0 arch=cray-sles15-zen3
[+]  oi3ke6r              ^inputproto@2.3.2%gcc@11.2.0 arch=cray-sles15-zen3
[+]  echxcqr              ^kbproto@1.0.7%gcc@11.2.0 arch=cray-sles15-zen3
[+]  3gvcy5t              ^libxcb@1.14%gcc@11.2.0 arch=cray-sles15-zen3
[+]  clqc77x                  ^libpthread-stubs@0.4%gcc@11.2.0 arch=cray-sles15-zen3
[+]  6uvypag                  ^libxau@1.0.8%gcc@11.2.0 arch=cray-sles15-zen3
[+]  b2qdlbh                      ^xproto@7.0.31%gcc@11.2.0 arch=cray-sles15-zen3
[+]  5tqvb2x                  ^libxdmcp@1.1.2%gcc@11.2.0 arch=cray-sles15-zen3
[+]  yjhgwny                  ^xcb-proto@1.14.1%gcc@11.2.0 arch=cray-sles15-zen3
[+]  j4ldmrt              ^xextproto@7.3.0%gcc@11.2.0 arch=cray-sles15-zen3
[+]  kqlyhp3              ^xtrans@1.3.5%gcc@11.2.0 arch=cray-sles15-zen3
[+]  mvtyva3          ^libxext@1.3.3%gcc@11.2.0 arch=cray-sles15-zen3
[+]  z3lmg2z          ^libxt@1.1.5%gcc@11.2.0 arch=cray-sles15-zen3
[+]  vktz3uh              ^libice@1.0.9%gcc@11.2.0 arch=cray-sles15-zen3
[+]  udsibst              ^libsm@1.2.3%gcc@11.2.0 arch=cray-sles15-zen3
[+]  punjooc                  ^util-linux-uuid@2.37.4%gcc@11.2.0 arch=cray-sles15-zen3
[+]  nov2rzq          ^llvm-amdgpu@5.1.0%gcc@11.2.0~ipo~link_llvm_dylib~llvm_dylib~openmp+rocm-device-libs build_type=Release arch=cray-sles15-zen3
[+]  wvat43j          ^meson@0.62.1%gcc@11.2.0 patches=aa6c50d arch=cray-sles15-zen3
[+]  t6oep3r              ^ninja@1.10.2%gcc@11.2.0 arch=cray-sles15-zen3
[+]  gy7sglp                  ^python@3.8.13%gcc@11.2.0+bz2+ctypes+dbm~debug+ensurepip+libxml2+lzma~nis~optimizations+pic+pyexpat+pythoncmd+readline+shared+sqlite3+ssl~tix~tkinter~ucs4+uuid+zlib patches=0d98e93,4c24573,ebdca64,f2fd060 arch=cray-sles15-zen3
[+]  nchqwcq                      ^libffi@3.4.2%gcc@11.2.0 arch=cray-sles15-zen3
[+]  apsv2yn                      ^sqlite@3.38.5%gcc@11.2.0+column_metadata+dynamic_extensions+fts~functions+rtree arch=cray-sles15-zen3
[+]  6lphl4h              ^py-pip@21.3.1%gcc@11.2.0 arch=cray-sles15-zen3
[+]  cxbpfed              ^py-setuptools@59.4.0%gcc@11.2.0 arch=cray-sles15-zen3
[+]  z2atoid                  ^py-wheel@0.37.0%gcc@11.2.0 arch=cray-sles15-zen3
[+]  v2akwp2          ^py-mako@1.1.6%gcc@11.2.0 arch=cray-sles15-zen3
[+]  ukrp5u2              ^py-markupsafe@2.0.1%gcc@11.2.0 arch=cray-sles15-zen3
[+]  vtc443e          ^xrandr@1.5.0%gcc@11.2.0 arch=cray-sles15-zen3
[+]  zst4ad6              ^libxrandr@1.5.0%gcc@11.2.0 arch=cray-sles15-zen3
[+]  v6wwcfd                  ^libxrender@0.9.10%gcc@11.2.0 arch=cray-sles15-zen3
[+]  377ynte                      ^renderproto@0.11.1%gcc@11.2.0 arch=cray-sles15-zen3
[+]  25piun2                  ^randrproto@1.5.0%gcc@11.2.0 arch=cray-sles15-zen3

==> Concretized dealii@9.3.3
 -   3dzxgkg  dealii@9.3.3%gcc@11.2.0+adol-c+arborx+arpack+assimp~cuda~doc+examples+ginkgo+gmsh+gsl+hdf5~int64~ipo+metis+mpi+muparser~nanoflann~netcdf+oce~optflags+p4est+petsc~python+scalapack+simplex+slepc+sundials+symengine+threads+trilinos build_type=DebugRelease cxxstd=default arch=cray-sles15-zen3
[+]  a6ryrvc      ^adol-c@2.7.2%gcc@11.2.0~advanced_branching+atrig_erf~boost+doc+examples~openmp~sparse+stdczero+traceless_refcounting patches=715b878 arch=cray-sles15-zen3
[+]  pt3ecdr      ^arborx@1.1%gcc@11.2.0~cuda~ipo+mpi~openmp~rocm+serial~sycl+trilinos build_type=RelWithDebInfo arch=cray-sles15-zen3
[+]  auepzq2          ^cmake@3.23.1%gcc@11.2.0~doc+ncurses+ownlibs~qt build_type=Release arch=cray-sles15-zen3
[+]  2t22mc5              ^ncurses@6.2%gcc@11.2.0~symlinks+termlib abi=none arch=cray-sles15-zen3
[+]  nugfov2                  ^pkgconf@1.8.0%gcc@11.2.0 arch=cray-sles15-zen3
[+]  i2r3jpl              ^openssl@1.1.1o%gcc@11.2.0~docs~shared certs=system arch=cray-sles15-zen3
[+]  ekj3iat                  ^perl@5.34.1%gcc@11.2.0+cpanm+shared+threads arch=cray-sles15-zen3
[+]  hafeanv                      ^berkeley-db@18.1.40%gcc@11.2.0+cxx~docs+stl patches=b231fcc arch=cray-sles15-zen3
[+]  blbwwl4                      ^bzip2@1.0.8%gcc@11.2.0~debug~pic+shared arch=cray-sles15-zen3
[+]  gvbyw6w                          ^diffutils@3.8%gcc@11.2.0 arch=cray-sles15-zen3
[+]  3xwztgy                              ^libiconv@1.16%gcc@11.2.0 libs=shared,static arch=cray-sles15-zen3
[+]  bxrz7zm                      ^gdbm@1.19%gcc@11.2.0 arch=cray-sles15-zen3
[+]  avhrefq                          ^readline@8.1%gcc@11.2.0 arch=cray-sles15-zen3
[+]  ozmcyfj                      ^zlib@1.2.12%gcc@11.2.0+optimize+pic+shared patches=0d38234 arch=cray-sles15-zen3
[+]  u3ebvcw          ^cray-mpich@8.1.16%gcc@11.2.0+wrappers arch=cray-sles15-zen3
[+]  eo5rbyk          ^trilinos@13.0.1%gcc@11.2.0~adios2+amesos+amesos2+anasazi+aztec~basker+belos+boost~chaco~complex~cuda~cuda_rdc~debug~dtk+epetra+epetraext~epetraextbtf~epetraextexperimental~epetraextgraphreorderings~exodus+explicit_template_instantiation~float+fortran~gtest~hdf5~hypre+ifpack+ifpack2+intrepid+intrepid2~ipo+isorropia+kokkos~mesquite+minitensor+ml+mpi+muelu~mumps+nox~openmp~panzer+phalanx+piro~python~rocm~rocm_rdc+rol+rythmos+sacado~scorec+shards+shared+shylu+stk+stokhos+stratimikos~strumpack~suite-sparse~superlu+superlu-dist+teko+tempus+thyra+tpetra+trilinoscouplings~wrapper~x11+zoltan+zoltan2 build_type=RelWithDebInfo cxxstd=14 gotype=long_long arch=cray-sles15-zen3
[+]  7r7po63              ^boost@1.76.0%gcc@11.2.0+atomic+chrono~clanglibcpp~container~context~contract~coroutine+date_time~debug+exception~fiber+filesystem+graph~graph_parallel~icu+iostreams~json+locale+log+math+mpi+multithreaded~nowide~numpy~pic+program_options~python+random+regex+serialization+shared+signals~singlethreaded~stacktrace+system~taggedlayout+test+thread+timer~type_erasure~versionedlayout+wave cxxstd=98 patches=57a8401,a440f96 visibility=hidden arch=cray-sles15-zen3
[+]  5vg4t2b              ^hwloc@2.7.1%gcc@11.2.0~cairo~cuda~gl~libudev+libxml2~netloc~nvml~opencl+pci~rocm+shared arch=cray-sles15-zen3
[+]  oyeiwvg                  ^libpciaccess@0.16%gcc@11.2.0 arch=cray-sles15-zen3
[+]  56oycjj                      ^libtool@2.4.7%gcc@11.2.0 arch=cray-sles15-zen3
[+]  flsruli                          ^m4@1.4.19%gcc@11.2.0+sigsegv patches=9dc5fbd,bfdffa7 arch=cray-sles15-zen3
[+]  wcuq435                              ^libsigsegv@2.13%gcc@11.2.0 arch=cray-sles15-zen3
[+]  koitq65                      ^util-macros@1.19.3%gcc@11.2.0 arch=cray-sles15-zen3
[+]  uaarf7u                  ^libxml2@2.9.13%gcc@11.2.0~python arch=cray-sles15-zen3
[+]  u4cyfrk                      ^xz@5.2.5%gcc@11.2.0+pic libs=shared,static arch=cray-sles15-zen3
[+]  5o6wezd              ^metis@5.1.0%gcc@11.2.0~gdb~int64~real64+shared build_type=Release patches=4991da9,b1225da arch=cray-sles15-zen3
[+]  c6hs7o5              ^openblas@0.3.20%gcc@11.2.0~bignuma~consistent_fpcsr~ilp64+locking+pic+shared symbol_suffix=none threads=openmp arch=cray-sles15-zen3
[+]  2hgyqky              ^parmetis@4.0.3%gcc@11.2.0~gdb~int64~ipo+shared build_type=RelWithDebInfo patches=4f89253,50ed208,704b84f arch=cray-sles15-zen3
[+]  5yhxanv              ^superlu-dist@7.2.0%gcc@11.2.0~cuda~int64~ipo~openmp~rocm+shared build_type=RelWithDebInfo patches=8da9e21 arch=cray-sles15-zen3
[+]  xbklmrm      ^arpack-ng@3.8.0%gcc@11.2.0+mpi+shared arch=cray-sles15-zen3
[+]  txcwg6i      ^assimp@5.2.3%gcc@11.2.0~ipo+shared build_type=RelWithDebInfo arch=cray-sles15-zen3
[+]  abzfg3s      ^ginkgo@1.4.0%gcc@11.2.0~cuda~develtools~full_optimizations~hwloc~ipo~oneapi+openmp~rocm+shared build_type=Release patches=43e571a arch=cray-sles15-zen3
 -   dvwari5      ^gmsh@4.8.4%gcc@11.2.0+alglib~cairo+cgns+compression~eigen~external+fltk+gmp~hdf5~ipo+med+metis+mmg+mpi+netgen+oce~opencascade~openmp~petsc~privateapi+shared~slepc+tetgen+voropp build_type=RelWithDebInfo arch=cray-sles15-zen3
[+]  tukb2jp          ^cgns@4.3.0%gcc@11.2.0~base_scope~fortran+hdf5~int64~ipo~legacy~mem_debug+mpi+scoping+shared~static~testing build_type=RelWithDebInfo arch=cray-sles15-zen3
[+]  gwakelt              ^hdf5@1.10.7%gcc@11.2.0~cxx+fortran+hl~ipo~java+mpi+shared~szip~threadsafe+tools api=default build_type=RelWithDebInfo patches=2a1e311 arch=cray-sles15-zen3
 -   accr4kn          ^fltk@1.3.7%gcc@11.2.0+gl+shared~xft arch=cray-sles15-zen3
[+]  64xb7ke              ^libx11@1.7.0%gcc@11.2.0 arch=cray-sles15-zen3
[+]  oi3ke6r                  ^inputproto@2.3.2%gcc@11.2.0 arch=cray-sles15-zen3
[+]  echxcqr                  ^kbproto@1.0.7%gcc@11.2.0 arch=cray-sles15-zen3
[+]  3gvcy5t                  ^libxcb@1.14%gcc@11.2.0 arch=cray-sles15-zen3
[+]  clqc77x                      ^libpthread-stubs@0.4%gcc@11.2.0 arch=cray-sles15-zen3
[+]  6uvypag                      ^libxau@1.0.8%gcc@11.2.0 arch=cray-sles15-zen3
[+]  b2qdlbh                          ^xproto@7.0.31%gcc@11.2.0 arch=cray-sles15-zen3
[+]  5tqvb2x                      ^libxdmcp@1.1.2%gcc@11.2.0 arch=cray-sles15-zen3
[+]  uomjj7i                          ^libbsd@0.11.5%gcc@11.2.0 arch=cray-sles15-zen3
[+]  iynqjjk                              ^libmd@1.0.4%gcc@11.2.0 arch=cray-sles15-zen3
[+]  yjhgwny                      ^xcb-proto@1.14.1%gcc@11.2.0 arch=cray-sles15-zen3
[+]  j4ldmrt                  ^xextproto@7.3.0%gcc@11.2.0 arch=cray-sles15-zen3
[+]  kqlyhp3                  ^xtrans@1.3.5%gcc@11.2.0 arch=cray-sles15-zen3
 -   cg4lu2w              ^mesa@21.3.8%gcc@11.2.0+glx+llvm+opengl~opengles+osmesa~strip buildtype=release default_library=shared patches=ada85be swr=auto arch=cray-sles15-zen3
[+]  dvfdeaf                  ^bison@3.8.2%gcc@11.2.0 arch=cray-sles15-zen3
[+]  yvchkv2                  ^expat@2.4.8%gcc@11.2.0+libbsd arch=cray-sles15-zen3
[+]  cbnquyh                  ^flex@2.6.4%gcc@11.2.0+lex~nls patches=f8b85a0 arch=cray-sles15-zen3
[+]  al4xc7v                      ^autoconf@2.69%gcc@11.2.0 patches=35c4492,7793209,a49dd5b arch=cray-sles15-zen3
[+]  2uxxcnx                      ^automake@1.16.5%gcc@11.2.0 arch=cray-sles15-zen3
[+]  oplsxdg                      ^findutils@4.9.0%gcc@11.2.0 patches=440b954 arch=cray-sles15-zen3
[+]  qecbeh5                      ^gettext@0.21%gcc@11.2.0+bzip2+curses+git~libunistring+libxml2+tar+xz arch=cray-sles15-zen3
[+]  nau7bkz                          ^tar@1.34%gcc@11.2.0 arch=cray-sles15-zen3
[+]  45uupt4                      ^help2man@1.47.16%gcc@11.2.0 arch=cray-sles15-zen3
[+]  6kb5sxg                  ^glproto@1.4.17%gcc@11.2.0 arch=cray-sles15-zen3
[+]  5fens7p                  ^libunwind@1.6.2%gcc@11.2.0~block_signals~conservative_checks~cxx_exceptions~debug~debug_frame+docs+pic+tests+weak_backtrace+xz~zlib components=none libs=shared,static arch=cray-sles15-zen3
[+]  mvtyva3                  ^libxext@1.3.3%gcc@11.2.0 arch=cray-sles15-zen3
[+]  z3lmg2z                  ^libxt@1.1.5%gcc@11.2.0 arch=cray-sles15-zen3
[+]  vktz3uh                      ^libice@1.0.9%gcc@11.2.0 arch=cray-sles15-zen3
[+]  udsibst                      ^libsm@1.2.3%gcc@11.2.0 arch=cray-sles15-zen3
[+]  punjooc                          ^util-linux-uuid@2.37.4%gcc@11.2.0 arch=cray-sles15-zen3
[+]  nov2rzq                  ^llvm-amdgpu@5.1.0%gcc@11.2.0~ipo~link_llvm_dylib~llvm_dylib~openmp+rocm-device-libs build_type=Release arch=cray-sles15-zen3
[+]  wvat43j                  ^meson@0.62.1%gcc@11.2.0 patches=aa6c50d arch=cray-sles15-zen3
[+]  t6oep3r                      ^ninja@1.10.2%gcc@11.2.0 arch=cray-sles15-zen3
[+]  gy7sglp                          ^python@3.8.13%gcc@11.2.0+bz2+ctypes+dbm~debug+ensurepip+libxml2+lzma~nis~optimizations+pic+pyexpat+pythoncmd+readline+shared+sqlite3+ssl~tix~tkinter~ucs4+uuid+zlib patches=0d98e93,4c24573,ebdca64,f2fd060 arch=cray-sles15-zen3
[+]  nchqwcq                              ^libffi@3.4.2%gcc@11.2.0 arch=cray-sles15-zen3
[+]  apsv2yn                              ^sqlite@3.38.5%gcc@11.2.0+column_metadata+dynamic_extensions+fts~functions+rtree arch=cray-sles15-zen3
[+]  6lphl4h                      ^py-pip@21.3.1%gcc@11.2.0 arch=cray-sles15-zen3
[+]  cxbpfed                      ^py-setuptools@59.4.0%gcc@11.2.0 arch=cray-sles15-zen3
[+]  z2atoid                          ^py-wheel@0.37.0%gcc@11.2.0 arch=cray-sles15-zen3
[+]  v2akwp2                  ^py-mako@1.1.6%gcc@11.2.0 arch=cray-sles15-zen3
[+]  ukrp5u2                      ^py-markupsafe@2.0.1%gcc@11.2.0 arch=cray-sles15-zen3
[+]  vtc443e                  ^xrandr@1.5.0%gcc@11.2.0 arch=cray-sles15-zen3
[+]  zst4ad6                      ^libxrandr@1.5.0%gcc@11.2.0 arch=cray-sles15-zen3
[+]  v6wwcfd                          ^libxrender@0.9.10%gcc@11.2.0 arch=cray-sles15-zen3
[+]  377ynte                              ^renderproto@0.11.1%gcc@11.2.0 arch=cray-sles15-zen3
[+]  25piun2                          ^randrproto@1.5.0%gcc@11.2.0 arch=cray-sles15-zen3
[+]  7vatqdk          ^freetype@2.11.1%gcc@11.2.0 arch=cray-sles15-zen3
[+]  yjyj2im              ^libpng@1.6.37%gcc@11.2.0 arch=cray-sles15-zen3
[+]  pu5n6fh          ^gmp@6.2.1%gcc@11.2.0 libs=shared,static arch=cray-sles15-zen3
[+]  yn6fy4b          ^med@4.0.0%gcc@11.2.0+api23~fortran~ipo+mpi~shared build_type=RelWithDebInfo patches=ba35197 arch=cray-sles15-zen3
 -   rkyavif          ^mesa-glu@9.0.1%gcc@11.2.0 arch=cray-sles15-zen3
[+]  im5xulw          ^mmg@5.6.0%gcc@11.2.0~doc~ipo+scotch+shared~vtk build_type=RelWithDebInfo arch=cray-sles15-zen3
[+]  5r3z7l7              ^scotch@7.0.1%gcc@11.2.0+compression~esmumps~int64~ipo~metis+mpi+shared build_type=RelWithDebInfo arch=cray-sles15-zen3
[+]  hub4lsu          ^oce@0.18.3%gcc@11.2.0~X11+tbb arch=cray-sles15-zen3
[+]  nlritpx              ^intel-tbb@2020.3%gcc@11.2.0~ipo+shared+tm build_type=RelWithDebInfo cxxstd=default patches=62ba015,ce1fb16,d62cb66 arch=cray-sles15-zen3
[+]  weclyt4      ^gsl@2.7.1%gcc@11.2.0~external-cblas arch=cray-sles15-zen3
[+]  snblzgg      ^muparser@2.2.6.1%gcc@11.2.0 arch=cray-sles15-zen3
[+]  dmggx6w      ^netlib-scalapack@2.2.0%gcc@11.2.0~ipo~pic+shared build_type=Release patches=072b006,1c9ce5f arch=cray-sles15-zen3
[+]  5o6xgkh      ^p4est@2.8%gcc@11.2.0+mpi~openmp arch=cray-sles15-zen3
[+]  cnrtg4e      ^petsc@3.17.1%gcc@11.2.0~X+batch~cgns~complex~cuda~debug+double~exodusii~fftw+fortran~giflib+hdf5~hpddm~hwloc+hypre~int64~jpeg~knl~kokkos~libpng~libyaml~memkind+metis~mkl-pardiso~mmg~moab~mpfr+mpi~mumps~openmp~p4est~parmmg~ptscotch~random123~rocm~saws~scalapack+shared~strumpack~suite-sparse+superlu-dist~tetgen~trilinos~valgrind clanguage=C arch=cray-sles15-zen3
[+]  4orb2cp          ^hypre@2.24.0%gcc@11.2.0~complex~cuda~debug+fortran~gptune~int64~internal-superlu~mixedint+mpi~openmp~rocm+shared~superlu-dist~unified-memory arch=cray-sles15-zen3
[+]  wwnyucv      ^slepc@3.17.1%gcc@11.2.0+arpack~blopex~cuda~rocm arch=cray-sles15-zen3
[+]  k2n25ew      ^suite-sparse@5.10.1%gcc@11.2.0~cuda~graphblas~openmp+pic~tbb arch=cray-sles15-zen3
[+]  k4r2htf          ^mpfr@4.1.0%gcc@11.2.0 libs=shared,static arch=cray-sles15-zen3
[+]  bqhldvw              ^autoconf-archive@2022.02.11%gcc@11.2.0 arch=cray-sles15-zen3
[+]  6nvqdqi              ^texinfo@6.5%gcc@11.2.0 patches=12f6edb,1732115 arch=cray-sles15-zen3
[+]  oo3yicu      ^sundials@5.8.0%gcc@11.2.0+ARKODE+CVODE+CVODES+IDA+IDAS+KINSOL~cuda+examples+examples-install~f2003~fcmix+generic-math~hypre~int64~ipo~klu~lapack~magma~monitoring+mpi~openmp~petsc~pthread~raja~rocm+shared+static~superlu-dist~superlu-mt~sycl~trilinos build_type=RelWithDebInfo cstd=99 cxxstd=14 precision=double arch=cray-sles15-zen3
[+]  uxlsbtw      ^symengine@0.9.0%gcc@11.2.0~boostmp~flint~ipo~llvm+mpc+mpfr~openmp~piranha+shared+thread_safe build_type=Release arch=cray-sles15-zen3
[+]  sb55ztk          ^cereal@1.3.2%gcc@11.2.0~ipo build_type=RelWithDebInfo patches=2dfa0bf arch=cray-sles15-zen3
[+]  er52vgu          ^mpc@1.2.1%gcc@11.2.0 libs=shared,static arch=cray-sles15-zen3

==> Concretized geopm@1.1.0
 -   65ofnqi  geopm@1.1.0%gcc@11.2.0~coverage~debug+doc+fortran~gnu-ld+mpi~ompt+openmp~overhead+procfs arch=cray-sles15-zen3
[+]  al4xc7v      ^autoconf@2.69%gcc@11.2.0 patches=35c4492,7793209,a49dd5b arch=cray-sles15-zen3
[+]  flsruli          ^m4@1.4.19%gcc@11.2.0+sigsegv patches=9dc5fbd,bfdffa7 arch=cray-sles15-zen3
[+]  wcuq435              ^libsigsegv@2.13%gcc@11.2.0 arch=cray-sles15-zen3
[+]  ekj3iat          ^perl@5.34.1%gcc@11.2.0+cpanm+shared+threads arch=cray-sles15-zen3
[+]  hafeanv              ^berkeley-db@18.1.40%gcc@11.2.0+cxx~docs+stl patches=b231fcc arch=cray-sles15-zen3
[+]  blbwwl4              ^bzip2@1.0.8%gcc@11.2.0~debug~pic+shared arch=cray-sles15-zen3
[+]  gvbyw6w                  ^diffutils@3.8%gcc@11.2.0 arch=cray-sles15-zen3
[+]  3xwztgy                      ^libiconv@1.16%gcc@11.2.0 libs=shared,static arch=cray-sles15-zen3
[+]  bxrz7zm              ^gdbm@1.19%gcc@11.2.0 arch=cray-sles15-zen3
[+]  avhrefq                  ^readline@8.1%gcc@11.2.0 arch=cray-sles15-zen3
[+]  2t22mc5                      ^ncurses@6.2%gcc@11.2.0~symlinks+termlib abi=none arch=cray-sles15-zen3
[+]  nugfov2                          ^pkgconf@1.8.0%gcc@11.2.0 arch=cray-sles15-zen3
[+]  ozmcyfj              ^zlib@1.2.12%gcc@11.2.0+optimize+pic+shared patches=0d38234 arch=cray-sles15-zen3
[+]  2uxxcnx      ^automake@1.16.5%gcc@11.2.0 arch=cray-sles15-zen3
[+]  u3ebvcw      ^cray-mpich@8.1.16%gcc@11.2.0+wrappers arch=cray-sles15-zen3
[+]  lpqxrfs      ^doxygen@1.9.3%gcc@11.2.0~graphviz~ipo~mscgen build_type=RelWithDebInfo arch=cray-sles15-zen3
[+]  dvfdeaf          ^bison@3.8.2%gcc@11.2.0 arch=cray-sles15-zen3
[+]  auepzq2          ^cmake@3.23.1%gcc@11.2.0~doc+ncurses+ownlibs~qt build_type=Release arch=cray-sles15-zen3
[+]  i2r3jpl              ^openssl@1.1.1o%gcc@11.2.0~docs~shared certs=system arch=cray-sles15-zen3
[+]  n2mdkqp          ^flex@2.6.3%gcc@11.2.0+lex~nls arch=cray-sles15-zen3
[+]  oplsxdg              ^findutils@4.9.0%gcc@11.2.0 patches=440b954 arch=cray-sles15-zen3
[+]  gy7sglp          ^python@3.8.13%gcc@11.2.0+bz2+ctypes+dbm~debug+ensurepip+libxml2+lzma~nis~optimizations+pic+pyexpat+pythoncmd+readline+shared+sqlite3+ssl~tix~tkinter~ucs4+uuid+zlib patches=0d98e93,4c24573,ebdca64,f2fd060 arch=cray-sles15-zen3
[+]  yvchkv2              ^expat@2.4.8%gcc@11.2.0+libbsd arch=cray-sles15-zen3
[+]  uomjj7i                  ^libbsd@0.11.5%gcc@11.2.0 arch=cray-sles15-zen3
[+]  iynqjjk                      ^libmd@1.0.4%gcc@11.2.0 arch=cray-sles15-zen3
[+]  qecbeh5              ^gettext@0.21%gcc@11.2.0+bzip2+curses+git~libunistring+libxml2+tar+xz arch=cray-sles15-zen3
[+]  uaarf7u                  ^libxml2@2.9.13%gcc@11.2.0~python arch=cray-sles15-zen3
[+]  u4cyfrk                      ^xz@5.2.5%gcc@11.2.0+pic libs=shared,static arch=cray-sles15-zen3
[+]  nau7bkz                  ^tar@1.34%gcc@11.2.0 arch=cray-sles15-zen3
[+]  nchqwcq              ^libffi@3.4.2%gcc@11.2.0 arch=cray-sles15-zen3
[+]  apsv2yn              ^sqlite@3.38.5%gcc@11.2.0+column_metadata+dynamic_extensions+fts~functions+rtree arch=cray-sles15-zen3
[+]  punjooc              ^util-linux-uuid@2.37.4%gcc@11.2.0 arch=cray-sles15-zen3
[+]  56oycjj      ^libtool@2.4.7%gcc@11.2.0 arch=cray-sles15-zen3
[+]  7ni63dp      ^py-cffi@1.15.0%gcc@11.2.0 arch=cray-sles15-zen3
[+]  6lphl4h          ^py-pip@21.3.1%gcc@11.2.0 arch=cray-sles15-zen3
[+]  ldj5t4d          ^py-pycparser@2.20%gcc@11.2.0 arch=cray-sles15-zen3
[+]  cxbpfed              ^py-setuptools@59.4.0%gcc@11.2.0 arch=cray-sles15-zen3
[+]  z2atoid                  ^py-wheel@0.37.0%gcc@11.2.0 arch=cray-sles15-zen3
[+]  2asrpzi      ^py-cycler@0.11.0%gcc@11.2.0 arch=cray-sles15-zen3
[+]  4waqemx      ^py-future@0.18.2%gcc@11.2.0 arch=cray-sles15-zen3
[+]  p7g4fhs      ^py-matplotlib@3.5.2%gcc@11.2.0~animation~fonts+image~latex~movies backend=agg arch=cray-sles15-zen3
[+]  7vatqdk          ^freetype@2.11.1%gcc@11.2.0 arch=cray-sles15-zen3
[+]  yjyj2im              ^libpng@1.6.37%gcc@11.2.0 arch=cray-sles15-zen3
[+]  2qx6vig          ^py-certifi@2021.10.8%gcc@11.2.0 arch=cray-sles15-zen3
[+]  lmuqfl7          ^py-fonttools@4.31.2%gcc@11.2.0 arch=cray-sles15-zen3
[+]  lms6dbo          ^py-kiwisolver@1.3.2%gcc@11.2.0 arch=cray-sles15-zen3
[+]  czi5djx              ^py-cppy@1.1.0%gcc@11.2.0 arch=cray-sles15-zen3
[+]  xcd74m3          ^py-numpy@1.22.3%gcc@11.2.0+blas+lapack patches=873745d,e9508c3 arch=cray-sles15-zen3
[+]  c6hs7o5              ^openblas@0.3.20%gcc@11.2.0~bignuma~consistent_fpcsr~ilp64+locking+pic+shared symbol_suffix=none threads=openmp arch=cray-sles15-zen3
[+]  euvtpdy              ^py-cython@0.29.24%gcc@11.2.0 arch=cray-sles15-zen3
[+]  q4hwfkg          ^py-packaging@21.3%gcc@11.2.0 arch=cray-sles15-zen3
[+]  t2wkh3f              ^py-pyparsing@3.0.6%gcc@11.2.0 arch=cray-sles15-zen3
[+]  fakoovr          ^py-pillow@9.0.0%gcc@11.2.0~freetype~imagequant+jpeg~jpeg2000~lcms~tiff~webp~webpmux~xcb+zlib arch=cray-sles15-zen3
[+]  yd75dex              ^libjpeg-turbo@2.1.3%gcc@11.2.0 arch=cray-sles15-zen3
[+]  rchd7bh                  ^nasm@2.15.05%gcc@11.2.0 arch=cray-sles15-zen3
[+]  kfrlvaq          ^py-python-dateutil@2.8.2%gcc@11.2.0 arch=cray-sles15-zen3
[+]  7hp32gg              ^py-setuptools-scm@6.3.2%gcc@11.2.0+toml arch=cray-sles15-zen3
[+]  vfyxjzy                  ^py-tomli@1.2.2%gcc@11.2.0 arch=cray-sles15-zen3
[+]  hf533ue              ^py-six@1.16.0%gcc@11.2.0 arch=cray-sles15-zen3
[+]  5b3h4go          ^py-setuptools-scm-git-archive@1.1%gcc@11.2.0 arch=cray-sles15-zen3
[+]  i4lvop3          ^qhull@2020.2%gcc@11.2.0~ipo build_type=RelWithDebInfo arch=cray-sles15-zen3
[+]  e2mp75i      ^py-mock@4.0.3%gcc@11.2.0 arch=cray-sles15-zen3
[+]  nbu7flu      ^py-natsort@7.1.1%gcc@11.2.0 arch=cray-sles15-zen3
[+]  cajlhdb      ^py-pandas@1.4.2%gcc@11.2.0 arch=cray-sles15-zen3
[+]  flbfmoj          ^py-bottleneck@1.3.2%gcc@11.2.0 arch=cray-sles15-zen3
[+]  r5k5lfy          ^py-numexpr@2.7.3%gcc@11.2.0 arch=cray-sles15-zen3
[+]  zm7ixtr          ^py-pytz@2021.3%gcc@11.2.0 arch=cray-sles15-zen3
[+]  am2grb7      ^py-psutil@5.8.0%gcc@11.2.0 arch=cray-sles15-zen3
[+]  3fm47qe      ^py-pylint@2.13.5%gcc@11.2.0 arch=cray-sles15-zen3
[+]  k23a3x7          ^py-astroid@2.11.4%gcc@11.2.0 arch=cray-sles15-zen3
[+]  luiljn5              ^py-lazy-object-proxy@1.4.3%gcc@11.2.0 arch=cray-sles15-zen3
[+]  cotrzgs              ^py-typing-extensions@4.1.1%gcc@11.2.0 arch=cray-sles15-zen3
[+]  ulbyfqk                  ^py-flit-core@3.6.0%gcc@11.2.0 arch=cray-sles15-zen3
[+]  gufnaqx              ^py-wrapt@1.13.3%gcc@11.2.0 arch=cray-sles15-zen3
[+]  zverfyn          ^py-dill@0.3.4%gcc@11.2.0 arch=cray-sles15-zen3
[+]  6e445p6          ^py-isort@5.9.3%gcc@11.2.0~colors arch=cray-sles15-zen3
[+]  ripneaa              ^py-poetry-core@1.0.8%gcc@11.2.0 arch=cray-sles15-zen3
[+]  sn5h6h4          ^py-mccabe@0.6.1%gcc@11.2.0 arch=cray-sles15-zen3
[+]  2t6aby4          ^py-platformdirs@2.4.0%gcc@11.2.0 arch=cray-sles15-zen3
[+]  vwuxykq      ^py-pyyaml@6.0%gcc@11.2.0+libyaml arch=cray-sles15-zen3
[+]  mjvanwl          ^libyaml@0.2.5%gcc@11.2.0 arch=cray-sles15-zen3
[+]  wgs53xc      ^py-tables@3.6.1%gcc@11.2.0~bzip2~lzo+zlib arch=cray-sles15-zen3
[+]  s7ohl34          ^c-blosc@1.21.1%gcc@11.2.0+avx2~ipo build_type=RelWithDebInfo arch=cray-sles15-zen3
[+]  xxbkaph              ^lz4@1.9.3%gcc@11.2.0 libs=shared,static arch=cray-sles15-zen3
[+]  yhghy4e              ^snappy@1.1.8%gcc@11.2.0~ipo+pic+shared build_type=RelWithDebInfo patches=c9cfecb arch=cray-sles15-zen3
[+]  rtaozj7              ^zstd@1.5.2%gcc@11.2.0~programs libs=shared,static arch=cray-sles15-zen3
[+]  22354va          ^hdf5@1.12.2%gcc@11.2.0~cxx+fortran+hl~ipo~java+mpi+shared~szip~threadsafe+tools api=default build_type=RelWithDebInfo arch=cray-sles15-zen3
[+]  ul3pinx      ^ruby-ronn@0.7.3%gcc@11.2.0 arch=cray-sles15-zen3
[+]  bxrtpvp          ^ruby@3.1.0%gcc@11.2.0+openssl~readline arch=cray-sles15-zen3
[+]  2daetye          ^ruby-hpricot@0.8.6%gcc@11.2.0 arch=cray-sles15-zen3
[+]  35k46fl          ^ruby-mustache@1.1.1%gcc@11.2.0 arch=cray-sles15-zen3
[+]  fratp7u          ^ruby-rdiscount@2.2.0.2%gcc@11.2.0 arch=cray-sles15-zen3

==> Concretized h5bench@1.2
 -   x2at4sr  h5bench@1.2%gcc@11.2.0~all~amrex~e3sm~exerciser~ipo~metadata~openpmd build_type=RelWithDebInfo arch=cray-sles15-zen3
[+]  auepzq2      ^cmake@3.23.1%gcc@11.2.0~doc+ncurses+ownlibs~qt build_type=Release arch=cray-sles15-zen3
[+]  2t22mc5          ^ncurses@6.2%gcc@11.2.0~symlinks+termlib abi=none arch=cray-sles15-zen3
[+]  nugfov2              ^pkgconf@1.8.0%gcc@11.2.0 arch=cray-sles15-zen3
[+]  i2r3jpl          ^openssl@1.1.1o%gcc@11.2.0~docs~shared certs=system arch=cray-sles15-zen3
[+]  ekj3iat              ^perl@5.34.1%gcc@11.2.0+cpanm+shared+threads arch=cray-sles15-zen3
[+]  hafeanv                  ^berkeley-db@18.1.40%gcc@11.2.0+cxx~docs+stl patches=b231fcc arch=cray-sles15-zen3
[+]  blbwwl4                  ^bzip2@1.0.8%gcc@11.2.0~debug~pic+shared arch=cray-sles15-zen3
[+]  gvbyw6w                      ^diffutils@3.8%gcc@11.2.0 arch=cray-sles15-zen3
[+]  3xwztgy                          ^libiconv@1.16%gcc@11.2.0 libs=shared,static arch=cray-sles15-zen3
[+]  bxrz7zm                  ^gdbm@1.19%gcc@11.2.0 arch=cray-sles15-zen3
[+]  avhrefq                      ^readline@8.1%gcc@11.2.0 arch=cray-sles15-zen3
[+]  ozmcyfj                  ^zlib@1.2.12%gcc@11.2.0+optimize+pic+shared patches=0d38234 arch=cray-sles15-zen3
[+]  u3ebvcw      ^cray-mpich@8.1.16%gcc@11.2.0+wrappers arch=cray-sles15-zen3
[+]  22354va      ^hdf5@1.12.2%gcc@11.2.0~cxx+fortran+hl~ipo~java+mpi+shared~szip~threadsafe+tools api=default build_type=RelWithDebInfo arch=cray-sles15-zen3

==> Concretized hpctoolkit@2022.04.15+rocm
 -   6ei426g  hpctoolkit@2022.04.15%gcc@11.2.0~all-static~cray~cuda~debug~level_zero+mpi+papi+rocm+viewer arch=cray-sles15-zen3
[+]  jipxthp      ^binutils@2.38%gcc@11.2.0~gas+gold+headers~interwork+ld+libiberty~lto~nls+plugins libs=shared,static arch=cray-sles15-zen3
[+]  gvbyw6w          ^diffutils@3.8%gcc@11.2.0 arch=cray-sles15-zen3
[+]  3xwztgy              ^libiconv@1.16%gcc@11.2.0 libs=shared,static arch=cray-sles15-zen3
[+]  ozmcyfj          ^zlib@1.2.12%gcc@11.2.0+optimize+pic+shared patches=0d38234 arch=cray-sles15-zen3
[+]  hmvca24      ^boost@1.79.0%gcc@11.2.0+atomic+chrono~clanglibcpp~container~context~contract~coroutine+date_time~debug~exception~fiber+filesystem+graph~graph_parallel~icu~iostreams~json~locale~log~math+mpi+multithreaded~nowide~numpy~pic~program_options~python~random+regex~serialization+shared~signals~singlethreaded~stacktrace+system~taggedlayout~test+thread+timer~type_erasure~versionedlayout~wave cxxstd=98 patches=57a8401,a440f96 visibility=global arch=cray-sles15-zen3
[+]  u3ebvcw          ^cray-mpich@8.1.16%gcc@11.2.0+wrappers arch=cray-sles15-zen3
[+]  blbwwl4      ^bzip2@1.0.8%gcc@11.2.0~debug~pic+shared arch=cray-sles15-zen3
[+]  57oheen      ^dyninst@12.1.0%gcc@11.2.0~ipo+openmp~stat_dysect~static build_type=RelWithDebInfo arch=cray-sles15-zen3
[+]  auepzq2          ^cmake@3.23.1%gcc@11.2.0~doc+ncurses+ownlibs~qt build_type=Release arch=cray-sles15-zen3
[+]  2t22mc5              ^ncurses@6.2%gcc@11.2.0~symlinks+termlib abi=none arch=cray-sles15-zen3
[+]  nugfov2                  ^pkgconf@1.8.0%gcc@11.2.0 arch=cray-sles15-zen3
[+]  i2r3jpl              ^openssl@1.1.1o%gcc@11.2.0~docs~shared certs=system arch=cray-sles15-zen3
[+]  ekj3iat                  ^perl@5.34.1%gcc@11.2.0+cpanm+shared+threads arch=cray-sles15-zen3
[+]  hafeanv                      ^berkeley-db@18.1.40%gcc@11.2.0+cxx~docs+stl patches=b231fcc arch=cray-sles15-zen3
[+]  bxrz7zm                      ^gdbm@1.19%gcc@11.2.0 arch=cray-sles15-zen3
[+]  avhrefq                          ^readline@8.1%gcc@11.2.0 arch=cray-sles15-zen3
[+]  pycmj35          ^elfutils@0.186%gcc@11.2.0+bzip2~debuginfod~nls+xz arch=cray-sles15-zen3
[+]  flsruli              ^m4@1.4.19%gcc@11.2.0+sigsegv patches=9dc5fbd,bfdffa7 arch=cray-sles15-zen3
[+]  wcuq435                  ^libsigsegv@2.13%gcc@11.2.0 arch=cray-sles15-zen3
[+]  u4cyfrk              ^xz@5.2.5%gcc@11.2.0+pic libs=shared,static arch=cray-sles15-zen3
[+]  nlritpx          ^intel-tbb@2020.3%gcc@11.2.0~ipo+shared+tm build_type=RelWithDebInfo cxxstd=default patches=62ba015,ce1fb16,d62cb66 arch=cray-sles15-zen3
[+]  vwoy5oc          ^libiberty@2.37%gcc@11.2.0+pic arch=cray-sles15-zen3
[+]  je27tbf      ^hip@5.1.0%gcc@11.2.0~ipo build_type=Release patches=3b25db8 arch=cray-sles15-zen3
[+]  h5tw7ov      ^hpcviewer@2022.03%gcc@11.2.0 arch=cray-sles15-zen3
[+]  2aephpe          ^openjdk@11.0.14.1_1%gcc@11.2.0 arch=cray-sles15-zen3
[+]  hmche2g      ^hsa-rocr-dev@5.1.0%gcc@11.2.0+image~ipo+shared build_type=Release patches=71e6851 arch=cray-sles15-zen3
[+]  lbzmtie      ^intel-xed@2022.04.17%gcc@11.2.0~debug~pic arch=cray-sles15-zen3
[+]  gy7sglp          ^python@3.8.13%gcc@11.2.0+bz2+ctypes+dbm~debug+ensurepip+libxml2+lzma~nis~optimizations+pic+pyexpat+pythoncmd+readline+shared+sqlite3+ssl~tix~tkinter~ucs4+uuid+zlib patches=0d98e93,4c24573,ebdca64,f2fd060 arch=cray-sles15-zen3
[+]  yvchkv2              ^expat@2.4.8%gcc@11.2.0+libbsd arch=cray-sles15-zen3
[+]  uomjj7i                  ^libbsd@0.11.5%gcc@11.2.0 arch=cray-sles15-zen3
[+]  iynqjjk                      ^libmd@1.0.4%gcc@11.2.0 arch=cray-sles15-zen3
[+]  qecbeh5              ^gettext@0.21%gcc@11.2.0+bzip2+curses+git~libunistring+libxml2+tar+xz arch=cray-sles15-zen3
[+]  uaarf7u                  ^libxml2@2.9.13%gcc@11.2.0~python arch=cray-sles15-zen3
[+]  nau7bkz                  ^tar@1.34%gcc@11.2.0 arch=cray-sles15-zen3
[+]  nchqwcq              ^libffi@3.4.2%gcc@11.2.0 arch=cray-sles15-zen3
[+]  apsv2yn              ^sqlite@3.38.5%gcc@11.2.0+column_metadata+dynamic_extensions+fts~functions+rtree arch=cray-sles15-zen3
[+]  punjooc              ^util-linux-uuid@2.37.4%gcc@11.2.0 arch=cray-sles15-zen3
[+]  qgisepw      ^libdwarf@20180129%gcc@11.2.0 arch=cray-sles15-zen3
[+]  2p7uedf      ^libmonitor@2021.11.08%gcc@11.2.0~commrank~dlopen+hpctoolkit arch=cray-sles15-zen3
[+]  5fens7p      ^libunwind@1.6.2%gcc@11.2.0~block_signals~conservative_checks~cxx_exceptions~debug~debug_frame+docs+pic+tests+weak_backtrace+xz~zlib components=none libs=shared,static arch=cray-sles15-zen3
[+]  iugvedt      ^memkind@1.13.0%gcc@11.2.0 arch=cray-sles15-zen3
[+]  al4xc7v          ^autoconf@2.69%gcc@11.2.0 patches=35c4492,7793209,a49dd5b arch=cray-sles15-zen3
[+]  2uxxcnx          ^automake@1.16.5%gcc@11.2.0 arch=cray-sles15-zen3
[+]  56oycjj          ^libtool@2.4.7%gcc@11.2.0 arch=cray-sles15-zen3
[+]  t4jyphv          ^numactl@2.0.14%gcc@11.2.0 patches=4e1d78c,62fc8a8,ff37630 arch=cray-sles15-zen3
[+]  s2y4nrv      ^papi@6.0.0.1%gcc@11.2.0~cuda+example~infiniband~lmsensors~nvml~powercap~rapl~rocm~rocm_smi~sde+shared~static_tools arch=cray-sles15-zen3
 -   mzzzfhk      ^rocprofiler-dev@5.1.0%gcc@11.2.0~ipo build_type=Release patches=16754a1 arch=cray-sles15-zen3
[+]  5cebsvq          ^hsakmt-roct@5.1.0%gcc@11.2.0~ipo+shared build_type=Release patches=f926273 arch=cray-sles15-zen3
[+]  lto2huo          ^rocminfo@5.1.0%gcc@11.2.0~ipo build_type=Release arch=cray-sles15-zen3
 -   oaj5lpo          ^roctracer-dev-api@5.1.0%gcc@11.2.0 arch=cray-sles15-zen3
 -   gwoagvk      ^roctracer-dev@5.1.0%gcc@11.2.0~ipo build_type=Release arch=cray-sles15-zen3
[+]  hxcpkjk          ^py-cppheaderparser@2.7.4%gcc@11.2.0 arch=cray-sles15-zen3
[+]  6lphl4h              ^py-pip@21.3.1%gcc@11.2.0 arch=cray-sles15-zen3
[+]  mjhf34n              ^py-ply@3.11%gcc@11.2.0 arch=cray-sles15-zen3
[+]  cxbpfed                  ^py-setuptools@59.4.0%gcc@11.2.0 arch=cray-sles15-zen3
[+]  z2atoid                      ^py-wheel@0.37.0%gcc@11.2.0 arch=cray-sles15-zen3
[+]  nupyyfq      ^xerces-c@3.2.3%gcc@11.2.0 cxxstd=default netaccessor=curl transcoder=iconv arch=cray-sles15-zen3
[+]  ra5f3tt          ^curl@7.83.0%gcc@11.2.0~gssapi~ldap~libidn2~librtmp~libssh~libssh2~nghttp2 libs=shared,static tls=openssl arch=cray-sles15-zen3

==> Concretized loki@0.1.7
 -   xloz7ci  loki@0.1.7%gcc@11.2.0+shared arch=cray-sles15-zen3

==> Concretized papi@6.0.0.1+rocm amdgpu_target=gfx90a
 -   5p4iosv  papi@6.0.0.1%gcc@11.2.0~cuda+example~infiniband~lmsensors~nvml~powercap~rapl+rocm~rocm_smi~sde+shared~static_tools amdgpu_target=gfx90a arch=cray-sles15-zen3
[+]  je27tbf      ^hip@5.1.0%gcc@11.2.0~ipo build_type=Release patches=3b25db8 arch=cray-sles15-zen3
[+]  hmche2g      ^hsa-rocr-dev@5.1.0%gcc@11.2.0+image~ipo+shared build_type=Release patches=71e6851 arch=cray-sles15-zen3
[+]  nov2rzq      ^llvm-amdgpu@5.1.0%gcc@11.2.0~ipo~link_llvm_dylib~llvm_dylib~openmp+rocm-device-libs build_type=Release arch=cray-sles15-zen3
 -   mzzzfhk      ^rocprofiler-dev@5.1.0%gcc@11.2.0~ipo build_type=Release patches=16754a1 arch=cray-sles15-zen3
[+]  auepzq2          ^cmake@3.23.1%gcc@11.2.0~doc+ncurses+ownlibs~qt build_type=Release arch=cray-sles15-zen3
[+]  2t22mc5              ^ncurses@6.2%gcc@11.2.0~symlinks+termlib abi=none arch=cray-sles15-zen3
[+]  nugfov2                  ^pkgconf@1.8.0%gcc@11.2.0 arch=cray-sles15-zen3
[+]  i2r3jpl              ^openssl@1.1.1o%gcc@11.2.0~docs~shared certs=system arch=cray-sles15-zen3
[+]  ekj3iat                  ^perl@5.34.1%gcc@11.2.0+cpanm+shared+threads arch=cray-sles15-zen3
[+]  hafeanv                      ^berkeley-db@18.1.40%gcc@11.2.0+cxx~docs+stl patches=b231fcc arch=cray-sles15-zen3
[+]  blbwwl4                      ^bzip2@1.0.8%gcc@11.2.0~debug~pic+shared arch=cray-sles15-zen3
[+]  gvbyw6w                          ^diffutils@3.8%gcc@11.2.0 arch=cray-sles15-zen3
[+]  3xwztgy                              ^libiconv@1.16%gcc@11.2.0 libs=shared,static arch=cray-sles15-zen3
[+]  bxrz7zm                      ^gdbm@1.19%gcc@11.2.0 arch=cray-sles15-zen3
[+]  avhrefq                          ^readline@8.1%gcc@11.2.0 arch=cray-sles15-zen3
[+]  ozmcyfj                      ^zlib@1.2.12%gcc@11.2.0+optimize+pic+shared patches=0d38234 arch=cray-sles15-zen3
[+]  5cebsvq          ^hsakmt-roct@5.1.0%gcc@11.2.0~ipo+shared build_type=Release patches=f926273 arch=cray-sles15-zen3
[+]  lto2huo          ^rocminfo@5.1.0%gcc@11.2.0~ipo build_type=Release arch=cray-sles15-zen3
 -   oaj5lpo          ^roctracer-dev-api@5.1.0%gcc@11.2.0 arch=cray-sles15-zen3

==> Concretized plumed@2.6.3
 -   dc43hd2  plumed@2.6.3%gcc@11.2.0+gsl+mpi+shared arrayfire=none optional_modules=all arch=cray-sles15-zen3
[+]  al4xc7v      ^autoconf@2.69%gcc@11.2.0 patches=35c4492,7793209,a49dd5b arch=cray-sles15-zen3
[+]  flsruli          ^m4@1.4.19%gcc@11.2.0+sigsegv patches=9dc5fbd,bfdffa7 arch=cray-sles15-zen3
[+]  wcuq435              ^libsigsegv@2.13%gcc@11.2.0 arch=cray-sles15-zen3
[+]  ekj3iat          ^perl@5.34.1%gcc@11.2.0+cpanm+shared+threads arch=cray-sles15-zen3
[+]  hafeanv              ^berkeley-db@18.1.40%gcc@11.2.0+cxx~docs+stl patches=b231fcc arch=cray-sles15-zen3
[+]  blbwwl4              ^bzip2@1.0.8%gcc@11.2.0~debug~pic+shared arch=cray-sles15-zen3
[+]  gvbyw6w                  ^diffutils@3.8%gcc@11.2.0 arch=cray-sles15-zen3
[+]  3xwztgy                      ^libiconv@1.16%gcc@11.2.0 libs=shared,static arch=cray-sles15-zen3
[+]  bxrz7zm              ^gdbm@1.19%gcc@11.2.0 arch=cray-sles15-zen3
[+]  avhrefq                  ^readline@8.1%gcc@11.2.0 arch=cray-sles15-zen3
[+]  2t22mc5                      ^ncurses@6.2%gcc@11.2.0~symlinks+termlib abi=none arch=cray-sles15-zen3
[+]  nugfov2                          ^pkgconf@1.8.0%gcc@11.2.0 arch=cray-sles15-zen3
[+]  ozmcyfj              ^zlib@1.2.12%gcc@11.2.0+optimize+pic+shared patches=0d38234 arch=cray-sles15-zen3
[+]  2uxxcnx      ^automake@1.16.5%gcc@11.2.0 arch=cray-sles15-zen3
[+]  u3ebvcw      ^cray-mpich@8.1.16%gcc@11.2.0+wrappers arch=cray-sles15-zen3
[+]  weclyt4      ^gsl@2.7.1%gcc@11.2.0~external-cblas arch=cray-sles15-zen3
[+]  56oycjj      ^libtool@2.4.7%gcc@11.2.0 arch=cray-sles15-zen3
[+]  c6hs7o5      ^openblas@0.3.20%gcc@11.2.0~bignuma~consistent_fpcsr~ilp64+locking+pic+shared symbol_suffix=none threads=openmp arch=cray-sles15-zen3
[+]  euvtpdy      ^py-cython@0.29.24%gcc@11.2.0 arch=cray-sles15-zen3
[+]  6lphl4h          ^py-pip@21.3.1%gcc@11.2.0 arch=cray-sles15-zen3
[+]  gy7sglp              ^python@3.8.13%gcc@11.2.0+bz2+ctypes+dbm~debug+ensurepip+libxml2+lzma~nis~optimizations+pic+pyexpat+pythoncmd+readline+shared+sqlite3+ssl~tix~tkinter~ucs4+uuid+zlib patches=0d98e93,4c24573,ebdca64,f2fd060 arch=cray-sles15-zen3
[+]  yvchkv2                  ^expat@2.4.8%gcc@11.2.0+libbsd arch=cray-sles15-zen3
[+]  uomjj7i                      ^libbsd@0.11.5%gcc@11.2.0 arch=cray-sles15-zen3
[+]  iynqjjk                          ^libmd@1.0.4%gcc@11.2.0 arch=cray-sles15-zen3
[+]  qecbeh5                  ^gettext@0.21%gcc@11.2.0+bzip2+curses+git~libunistring+libxml2+tar+xz arch=cray-sles15-zen3
[+]  uaarf7u                      ^libxml2@2.9.13%gcc@11.2.0~python arch=cray-sles15-zen3
[+]  u4cyfrk                          ^xz@5.2.5%gcc@11.2.0+pic libs=shared,static arch=cray-sles15-zen3
[+]  nau7bkz                      ^tar@1.34%gcc@11.2.0 arch=cray-sles15-zen3
[+]  nchqwcq                  ^libffi@3.4.2%gcc@11.2.0 arch=cray-sles15-zen3
[+]  i2r3jpl                  ^openssl@1.1.1o%gcc@11.2.0~docs~shared certs=system arch=cray-sles15-zen3
[+]  apsv2yn                  ^sqlite@3.38.5%gcc@11.2.0+column_metadata+dynamic_extensions+fts~functions+rtree arch=cray-sles15-zen3
[+]  punjooc                  ^util-linux-uuid@2.37.4%gcc@11.2.0 arch=cray-sles15-zen3
[+]  cxbpfed          ^py-setuptools@59.4.0%gcc@11.2.0 arch=cray-sles15-zen3
[+]  z2atoid              ^py-wheel@0.37.0%gcc@11.2.0 arch=cray-sles15-zen3

==> Concretized pruners-ninja@1.0.1
 -   bhgygpr  pruners-ninja@1.0.1%gcc@11.2.0 arch=cray-sles15-zen3
[+]  al4xc7v      ^autoconf@2.69%gcc@11.2.0 patches=35c4492,7793209,a49dd5b arch=cray-sles15-zen3
[+]  flsruli          ^m4@1.4.19%gcc@11.2.0+sigsegv patches=9dc5fbd,bfdffa7 arch=cray-sles15-zen3
[+]  wcuq435              ^libsigsegv@2.13%gcc@11.2.0 arch=cray-sles15-zen3
[+]  ekj3iat          ^perl@5.34.1%gcc@11.2.0+cpanm+shared+threads arch=cray-sles15-zen3
[+]  hafeanv              ^berkeley-db@18.1.40%gcc@11.2.0+cxx~docs+stl patches=b231fcc arch=cray-sles15-zen3
[+]  blbwwl4              ^bzip2@1.0.8%gcc@11.2.0~debug~pic+shared arch=cray-sles15-zen3
[+]  gvbyw6w                  ^diffutils@3.8%gcc@11.2.0 arch=cray-sles15-zen3
[+]  3xwztgy                      ^libiconv@1.16%gcc@11.2.0 libs=shared,static arch=cray-sles15-zen3
[+]  bxrz7zm              ^gdbm@1.19%gcc@11.2.0 arch=cray-sles15-zen3
[+]  avhrefq                  ^readline@8.1%gcc@11.2.0 arch=cray-sles15-zen3
[+]  2t22mc5                      ^ncurses@6.2%gcc@11.2.0~symlinks+termlib abi=none arch=cray-sles15-zen3
[+]  nugfov2                          ^pkgconf@1.8.0%gcc@11.2.0 arch=cray-sles15-zen3
[+]  ozmcyfj              ^zlib@1.2.12%gcc@11.2.0+optimize+pic+shared patches=0d38234 arch=cray-sles15-zen3
[+]  2uxxcnx      ^automake@1.16.5%gcc@11.2.0 arch=cray-sles15-zen3
[+]  u3ebvcw      ^cray-mpich@8.1.16%gcc@11.2.0+wrappers arch=cray-sles15-zen3
[+]  56oycjj      ^libtool@2.4.7%gcc@11.2.0 arch=cray-sles15-zen3

==> Concretized rempi@1.1.0
 -   jmayiff  rempi@1.1.0%gcc@11.2.0 arch=cray-sles15-zen3
[+]  al4xc7v      ^autoconf@2.69%gcc@11.2.0 patches=35c4492,7793209,a49dd5b arch=cray-sles15-zen3
[+]  flsruli          ^m4@1.4.19%gcc@11.2.0+sigsegv patches=9dc5fbd,bfdffa7 arch=cray-sles15-zen3
[+]  wcuq435              ^libsigsegv@2.13%gcc@11.2.0 arch=cray-sles15-zen3
[+]  ekj3iat          ^perl@5.34.1%gcc@11.2.0+cpanm+shared+threads arch=cray-sles15-zen3
[+]  hafeanv              ^berkeley-db@18.1.40%gcc@11.2.0+cxx~docs+stl patches=b231fcc arch=cray-sles15-zen3
[+]  blbwwl4              ^bzip2@1.0.8%gcc@11.2.0~debug~pic+shared arch=cray-sles15-zen3
[+]  gvbyw6w                  ^diffutils@3.8%gcc@11.2.0 arch=cray-sles15-zen3
[+]  3xwztgy                      ^libiconv@1.16%gcc@11.2.0 libs=shared,static arch=cray-sles15-zen3
[+]  bxrz7zm              ^gdbm@1.19%gcc@11.2.0 arch=cray-sles15-zen3
[+]  avhrefq                  ^readline@8.1%gcc@11.2.0 arch=cray-sles15-zen3
[+]  2t22mc5                      ^ncurses@6.2%gcc@11.2.0~symlinks+termlib abi=none arch=cray-sles15-zen3
[+]  nugfov2                          ^pkgconf@1.8.0%gcc@11.2.0 arch=cray-sles15-zen3
[+]  ozmcyfj              ^zlib@1.2.12%gcc@11.2.0+optimize+pic+shared patches=0d38234 arch=cray-sles15-zen3
[+]  2uxxcnx      ^automake@1.16.5%gcc@11.2.0 arch=cray-sles15-zen3
[+]  u3ebvcw      ^cray-mpich@8.1.16%gcc@11.2.0+wrappers arch=cray-sles15-zen3
[+]  oyeiwvg      ^libpciaccess@0.16%gcc@11.2.0 arch=cray-sles15-zen3
[+]  56oycjj          ^libtool@2.4.7%gcc@11.2.0 arch=cray-sles15-zen3
[+]  koitq65          ^util-macros@1.19.3%gcc@11.2.0 arch=cray-sles15-zen3

==> Concretized scr@3.0rc2
 -   yd3zuyw  scr@3.0rc2%gcc@11.2.0+bbapi~bbapi_fallback~dw+examples+fortran~ipo+libyogrt+pdsh+shared+tests build_type=RelWithDebInfo cache_base=/dev/shm cntl_base=/dev/shm copy_config=none file_lock=FLOCK resource_manager=SLURM scr_config=scr.conf arch=cray-sles15-zen3
[+]  spgwxy7      ^axl@0.5.0%gcc@11.2.0+bbapi~bbapi_fallback~dw~ipo+shared async_api=daemon build_type=RelWithDebInfo arch=cray-sles15-zen3
[+]  auepzq2          ^cmake@3.23.1%gcc@11.2.0~doc+ncurses+ownlibs~qt build_type=Release arch=cray-sles15-zen3
[+]  2t22mc5              ^ncurses@6.2%gcc@11.2.0~symlinks+termlib abi=none arch=cray-sles15-zen3
[+]  nugfov2                  ^pkgconf@1.8.0%gcc@11.2.0 arch=cray-sles15-zen3
[+]  i2r3jpl              ^openssl@1.1.1o%gcc@11.2.0~docs~shared certs=system arch=cray-sles15-zen3
[+]  ekj3iat                  ^perl@5.34.1%gcc@11.2.0+cpanm+shared+threads arch=cray-sles15-zen3
[+]  hafeanv                      ^berkeley-db@18.1.40%gcc@11.2.0+cxx~docs+stl patches=b231fcc arch=cray-sles15-zen3
[+]  blbwwl4                      ^bzip2@1.0.8%gcc@11.2.0~debug~pic+shared arch=cray-sles15-zen3
[+]  gvbyw6w                          ^diffutils@3.8%gcc@11.2.0 arch=cray-sles15-zen3
[+]  3xwztgy                              ^libiconv@1.16%gcc@11.2.0 libs=shared,static arch=cray-sles15-zen3
[+]  bxrz7zm                      ^gdbm@1.19%gcc@11.2.0 arch=cray-sles15-zen3
[+]  avhrefq                          ^readline@8.1%gcc@11.2.0 arch=cray-sles15-zen3
[+]  ozmcyfj                      ^zlib@1.2.12%gcc@11.2.0+optimize+pic+shared patches=0d38234 arch=cray-sles15-zen3
[+]  jp5zkfr          ^kvtree@1.2.0%gcc@11.2.0~ipo+mpi+shared build_type=RelWithDebInfo file_lock=FLOCK arch=cray-sles15-zen3
[+]  u3ebvcw              ^cray-mpich@8.1.16%gcc@11.2.0+wrappers arch=cray-sles15-zen3
[+]  3dg3qlf      ^dtcmp@1.1.4%gcc@11.2.0+shared arch=cray-sles15-zen3
[+]  cb5xyof          ^lwgrp@1.0.5%gcc@11.2.0+shared arch=cray-sles15-zen3
[+]  uopzp4u      ^er@0.1.0%gcc@11.2.0~ipo+shared build_type=RelWithDebInfo arch=cray-sles15-zen3
[+]  5jm7o6e          ^rankstr@0.1.0%gcc@11.2.0~ipo+shared build_type=RelWithDebInfo arch=cray-sles15-zen3
[+]  wjbebmv          ^redset@0.1.0%gcc@11.2.0~ipo+shared build_type=RelWithDebInfo arch=cray-sles15-zen3
[+]  3qcpspi          ^shuffile@0.1.0%gcc@11.2.0~ipo+shared build_type=RelWithDebInfo arch=cray-sles15-zen3
[+]  n7oh3cr      ^libyogrt@1.27%gcc@11.2.0~static scheduler=slurm arch=cray-sles15-zen3
[+]  aaf5rok          ^slurm@21-08-8-2%gcc@11.2.0~gtk~hdf5~hwloc~mariadb~pmix+readline~restd sysconfdir=PREFIX/etc arch=cray-sles15-zen3
[+]  ra5f3tt              ^curl@7.83.0%gcc@11.2.0~gssapi~ldap~libidn2~librtmp~libssh~libssh2~nghttp2 libs=shared,static tls=openssl arch=cray-sles15-zen3
[+]  owa4z5u              ^glib@2.72.1%gcc@11.2.0~libmount patches=b3fd450 tracing=none arch=cray-sles15-zen3
[+]  qecbeh5                  ^gettext@0.21%gcc@11.2.0+bzip2+curses+git~libunistring+libxml2+tar+xz arch=cray-sles15-zen3
[+]  uaarf7u                      ^libxml2@2.9.13%gcc@11.2.0~python arch=cray-sles15-zen3
[+]  u4cyfrk                          ^xz@5.2.5%gcc@11.2.0+pic libs=shared,static arch=cray-sles15-zen3
[+]  nau7bkz                      ^tar@1.34%gcc@11.2.0 arch=cray-sles15-zen3
[+]  nchqwcq                  ^libffi@3.4.2%gcc@11.2.0 arch=cray-sles15-zen3
[+]  wvat43j                  ^meson@0.62.1%gcc@11.2.0 patches=aa6c50d arch=cray-sles15-zen3
[+]  t6oep3r                      ^ninja@1.10.2%gcc@11.2.0 arch=cray-sles15-zen3
[+]  gy7sglp                          ^python@3.8.13%gcc@11.2.0+bz2+ctypes+dbm~debug+ensurepip+libxml2+lzma~nis~optimizations+pic+pyexpat+pythoncmd+readline+shared+sqlite3+ssl~tix~tkinter~ucs4+uuid+zlib patches=0d98e93,4c24573,ebdca64,f2fd060 arch=cray-sles15-zen3
[+]  yvchkv2                              ^expat@2.4.8%gcc@11.2.0+libbsd arch=cray-sles15-zen3
[+]  uomjj7i                                  ^libbsd@0.11.5%gcc@11.2.0 arch=cray-sles15-zen3
[+]  iynqjjk                                      ^libmd@1.0.4%gcc@11.2.0 arch=cray-sles15-zen3
[+]  apsv2yn                              ^sqlite@3.38.5%gcc@11.2.0+column_metadata+dynamic_extensions+fts~functions+rtree arch=cray-sles15-zen3
[+]  punjooc                              ^util-linux-uuid@2.37.4%gcc@11.2.0 arch=cray-sles15-zen3
[+]  6lphl4h                      ^py-pip@21.3.1%gcc@11.2.0 arch=cray-sles15-zen3
[+]  cxbpfed                      ^py-setuptools@59.4.0%gcc@11.2.0 arch=cray-sles15-zen3
[+]  z2atoid                          ^py-wheel@0.37.0%gcc@11.2.0 arch=cray-sles15-zen3
[+]  422etp4                  ^pcre@8.45%gcc@11.2.0~jit+multibyte+utf arch=cray-sles15-zen3
[+]  i2b4rrc              ^json-c@0.15%gcc@11.2.0~ipo build_type=RelWithDebInfo arch=cray-sles15-zen3
[+]  xxbkaph              ^lz4@1.9.3%gcc@11.2.0 libs=shared,static arch=cray-sles15-zen3
[+]  7d3qfhv              ^munge@0.5.14%gcc@11.2.0 localstatedir=PREFIX/var arch=cray-sles15-zen3
[+]  wld7lfj                  ^libgcrypt@1.9.4%gcc@11.2.0 arch=cray-sles15-zen3
[+]  hp4dcb4                      ^libgpg-error@1.43%gcc@11.2.0 arch=cray-sles15-zen3
[+]  27bvr63                          ^gawk@5.1.1%gcc@11.2.0~nls arch=cray-sles15-zen3
[+]  pu5n6fh                              ^gmp@6.2.1%gcc@11.2.0 libs=shared,static arch=cray-sles15-zen3
[+]  al4xc7v                                  ^autoconf@2.69%gcc@11.2.0 patches=35c4492,7793209,a49dd5b arch=cray-sles15-zen3
[+]  flsruli                                      ^m4@1.4.19%gcc@11.2.0+sigsegv patches=9dc5fbd,bfdffa7 arch=cray-sles15-zen3
[+]  wcuq435                                          ^libsigsegv@2.13%gcc@11.2.0 arch=cray-sles15-zen3
[+]  2uxxcnx                                  ^automake@1.16.5%gcc@11.2.0 arch=cray-sles15-zen3
[+]  56oycjj                                  ^libtool@2.4.7%gcc@11.2.0 arch=cray-sles15-zen3
[+]  k4r2htf                              ^mpfr@4.1.0%gcc@11.2.0 libs=shared,static arch=cray-sles15-zen3
[+]  bqhldvw                                  ^autoconf-archive@2022.02.11%gcc@11.2.0 arch=cray-sles15-zen3
[+]  6nvqdqi                                  ^texinfo@6.5%gcc@11.2.0 patches=12f6edb,1732115 arch=cray-sles15-zen3
[+]  mnptvks      ^pdsh@2.31%gcc@11.2.0+ssh+static_modules arch=cray-sles15-zen3
[+]  e2sp5nf      ^spath@0.1.0%gcc@11.2.0~ipo+mpi+shared build_type=RelWithDebInfo arch=cray-sles15-zen3

==> Concretized slate@2021.05.02+rocm amdgpu_target=gfx90a
 -   xlts4da  slate@2021.05.02%gcc@11.2.0~cuda~ipo+mpi+openmp+rocm+shared amdgpu_target=gfx90a build_type=RelWithDebInfo arch=cray-sles15-zen3
[+]  dxqmi7m      ^blaspp@2021.04.01%gcc@11.2.0~cuda~ipo+openmp+rocm+shared amdgpu_target=gfx90a build_type=RelWithDebInfo arch=cray-sles15-zen3
[+]  auepzq2          ^cmake@3.23.1%gcc@11.2.0~doc+ncurses+ownlibs~qt build_type=Release arch=cray-sles15-zen3
[+]  2t22mc5              ^ncurses@6.2%gcc@11.2.0~symlinks+termlib abi=none arch=cray-sles15-zen3
[+]  nugfov2                  ^pkgconf@1.8.0%gcc@11.2.0 arch=cray-sles15-zen3
[+]  i2r3jpl              ^openssl@1.1.1o%gcc@11.2.0~docs~shared certs=system arch=cray-sles15-zen3
[+]  ekj3iat                  ^perl@5.34.1%gcc@11.2.0+cpanm+shared+threads arch=cray-sles15-zen3
[+]  hafeanv                      ^berkeley-db@18.1.40%gcc@11.2.0+cxx~docs+stl patches=b231fcc arch=cray-sles15-zen3
[+]  blbwwl4                      ^bzip2@1.0.8%gcc@11.2.0~debug~pic+shared arch=cray-sles15-zen3
[+]  gvbyw6w                          ^diffutils@3.8%gcc@11.2.0 arch=cray-sles15-zen3
[+]  3xwztgy                              ^libiconv@1.16%gcc@11.2.0 libs=shared,static arch=cray-sles15-zen3
[+]  bxrz7zm                      ^gdbm@1.19%gcc@11.2.0 arch=cray-sles15-zen3
[+]  avhrefq                          ^readline@8.1%gcc@11.2.0 arch=cray-sles15-zen3
[+]  ozmcyfj                      ^zlib@1.2.12%gcc@11.2.0+optimize+pic+shared patches=0d38234 arch=cray-sles15-zen3
[+]  je27tbf          ^hip@5.1.0%gcc@11.2.0~ipo build_type=Release patches=3b25db8 arch=cray-sles15-zen3
[+]  hmche2g          ^hsa-rocr-dev@5.1.0%gcc@11.2.0+image~ipo+shared build_type=Release patches=71e6851 arch=cray-sles15-zen3
[+]  nov2rzq          ^llvm-amdgpu@5.1.0%gcc@11.2.0~ipo~link_llvm_dylib~llvm_dylib~openmp+rocm-device-libs build_type=Release arch=cray-sles15-zen3
[+]  c6hs7o5          ^openblas@0.3.20%gcc@11.2.0~bignuma~consistent_fpcsr~ilp64+locking+pic+shared symbol_suffix=none threads=openmp arch=cray-sles15-zen3
[+]  qfnmakt          ^rocblas@5.1.0%gcc@11.2.0~ipo+tensile amdgpu_target=auto build_type=Release patches=6a52b28 arch=cray-sles15-zen3
[+]  u3ebvcw      ^cray-mpich@8.1.16%gcc@11.2.0+wrappers arch=cray-sles15-zen3
[+]  pt2ta2r      ^hipify-clang@5.1.0%gcc@11.2.0~ipo build_type=Release arch=cray-sles15-zen3
[+]  r5zdfek      ^lapackpp@2021.04.00%gcc@11.2.0~ipo+shared build_type=RelWithDebInfo arch=cray-sles15-zen3
[+]  dmggx6w      ^netlib-scalapack@2.2.0%gcc@11.2.0~ipo~pic+shared build_type=Release patches=072b006,1c9ce5f arch=cray-sles15-zen3

==> Concretized stat@4.1.0
 -   knztrb2  stat@4.1.0%gcc@11.2.0~dysect~examples+fgfs+gui arch=cray-sles15-zen3
[+]  al4xc7v      ^autoconf@2.69%gcc@11.2.0 patches=35c4492,7793209,a49dd5b arch=cray-sles15-zen3
[+]  flsruli          ^m4@1.4.19%gcc@11.2.0+sigsegv patches=9dc5fbd,bfdffa7 arch=cray-sles15-zen3
[+]  wcuq435              ^libsigsegv@2.13%gcc@11.2.0 arch=cray-sles15-zen3
[+]  ekj3iat          ^perl@5.34.1%gcc@11.2.0+cpanm+shared+threads arch=cray-sles15-zen3
[+]  hafeanv              ^berkeley-db@18.1.40%gcc@11.2.0+cxx~docs+stl patches=b231fcc arch=cray-sles15-zen3
[+]  blbwwl4              ^bzip2@1.0.8%gcc@11.2.0~debug~pic+shared arch=cray-sles15-zen3
[+]  gvbyw6w                  ^diffutils@3.8%gcc@11.2.0 arch=cray-sles15-zen3
[+]  3xwztgy                      ^libiconv@1.16%gcc@11.2.0 libs=shared,static arch=cray-sles15-zen3
[+]  bxrz7zm              ^gdbm@1.19%gcc@11.2.0 arch=cray-sles15-zen3
[+]  avhrefq                  ^readline@8.1%gcc@11.2.0 arch=cray-sles15-zen3
[+]  2t22mc5                      ^ncurses@6.2%gcc@11.2.0~symlinks+termlib abi=none arch=cray-sles15-zen3
[+]  nugfov2                          ^pkgconf@1.8.0%gcc@11.2.0 arch=cray-sles15-zen3
[+]  ozmcyfj              ^zlib@1.2.12%gcc@11.2.0+optimize+pic+shared patches=0d38234 arch=cray-sles15-zen3
[+]  ckenouh      ^automake@1.15.1%gcc@11.2.0 arch=cray-sles15-zen3
[+]  pnl7dll      ^boost@1.79.0%gcc@11.2.0+atomic+chrono~clanglibcpp~container~context~contract~coroutine+date_time~debug+exception~fiber+filesystem+graph~graph_parallel~icu+iostreams~json+locale+log+math+mpi+multithreaded~nowide~numpy~pic+program_options~python+random+regex+serialization+shared+signals~singlethreaded~stacktrace+system~taggedlayout+test+thread+timer~type_erasure~versionedlayout+wave cxxstd=98 patches=57a8401,a440f96 visibility=hidden arch=cray-sles15-zen3
[+]  u3ebvcw          ^cray-mpich@8.1.16%gcc@11.2.0+wrappers arch=cray-sles15-zen3
[+]  er2ysbp      ^dyninst@11.0.1%gcc@11.2.0~ipo+openmp~stat_dysect~static build_type=RelWithDebInfo arch=cray-sles15-zen3
[+]  auepzq2          ^cmake@3.23.1%gcc@11.2.0~doc+ncurses+ownlibs~qt build_type=Release arch=cray-sles15-zen3
[+]  i2r3jpl              ^openssl@1.1.1o%gcc@11.2.0~docs~shared certs=system arch=cray-sles15-zen3
[+]  pycmj35          ^elfutils@0.186%gcc@11.2.0+bzip2~debuginfod~nls+xz arch=cray-sles15-zen3
[+]  u4cyfrk              ^xz@5.2.5%gcc@11.2.0+pic libs=shared,static arch=cray-sles15-zen3
[+]  nlritpx          ^intel-tbb@2020.3%gcc@11.2.0~ipo+shared+tm build_type=RelWithDebInfo cxxstd=default patches=62ba015,ce1fb16,d62cb66 arch=cray-sles15-zen3
[+]  vwoy5oc          ^libiberty@2.37%gcc@11.2.0+pic arch=cray-sles15-zen3
[+]  lsan2pf      ^fast-global-file-status@master%gcc@11.2.0 arch=cray-sles15-zen3
[+]  56oycjj          ^libtool@2.4.7%gcc@11.2.0 arch=cray-sles15-zen3
[+]  jqiiv4u          ^mount-point-attributes@master%gcc@11.2.0 arch=cray-sles15-zen3
[+]  mknlu6z          ^mrnet@5.0.1-3%gcc@11.2.0~lwthreads arch=cray-sles15-zen3
[+]  fmrf4nu      ^graphlib@3.0.0%gcc@11.2.0~ipo build_type=RelWithDebInfo arch=cray-sles15-zen3
[+]  bqcojf2      ^graphviz@2.49.0%gcc@11.2.0~doc~expat~ghostscript~gtkplus~gts~java~libgd~pangocairo~poppler~qt~quartz~x arch=cray-sles15-zen3
[+]  dvfdeaf          ^bison@3.8.2%gcc@11.2.0 arch=cray-sles15-zen3
[+]  n2mdkqp          ^flex@2.6.3%gcc@11.2.0+lex~nls arch=cray-sles15-zen3
[+]  oplsxdg              ^findutils@4.9.0%gcc@11.2.0 patches=440b954 arch=cray-sles15-zen3
[+]  6hjjauh          ^python@3.8.13%gcc@11.2.0+bz2+ctypes+dbm~debug+ensurepip+libxml2+lzma~nis~optimizations+pic+pyexpat+pythoncmd+readline+shared+sqlite3+ssl~tix~tkinter~ucs4+uuid+zlib patches=0d98e93,4c24573,ebdca64,f2fd060 arch=cray-sles15-zen3
[+]  yvchkv2              ^expat@2.4.8%gcc@11.2.0+libbsd arch=cray-sles15-zen3
[+]  uomjj7i                  ^libbsd@0.11.5%gcc@11.2.0 arch=cray-sles15-zen3
[+]  iynqjjk                      ^libmd@1.0.4%gcc@11.2.0 arch=cray-sles15-zen3
[+]  qecbeh5              ^gettext@0.21%gcc@11.2.0+bzip2+curses+git~libunistring+libxml2+tar+xz arch=cray-sles15-zen3
[+]  uaarf7u                  ^libxml2@2.9.13%gcc@11.2.0~python arch=cray-sles15-zen3
[+]  nau7bkz                  ^tar@1.34%gcc@11.2.0 arch=cray-sles15-zen3
[+]  z2uhfzo              ^libffi@3.3%gcc@11.2.0 patches=26f26c6 arch=cray-sles15-zen3
[+]  apsv2yn              ^sqlite@3.38.5%gcc@11.2.0+column_metadata+dynamic_extensions+fts~functions+rtree arch=cray-sles15-zen3
[+]  punjooc              ^util-linux-uuid@2.37.4%gcc@11.2.0 arch=cray-sles15-zen3
[+]  bs4pvjg          ^sed@4.2.2%gcc@11.2.0 arch=cray-sles15-zen3
 -   m3p5h4v      ^launchmon@master%gcc@11.2.0 arch=cray-sles15-zen3
[+]  arilgds          ^libgcrypt@1.9.4%gcc@11.2.0 arch=cray-sles15-zen3
[+]  bamlww4              ^libgpg-error@1.43%gcc@11.2.0 arch=cray-sles15-zen3
[+]  2caukku                  ^gawk@5.1.1%gcc@11.2.0~nls arch=cray-sles15-zen3
[+]  cszggub                      ^gmp@6.2.1%gcc@11.2.0 libs=shared,static arch=cray-sles15-zen3
[+]  bmbywna                      ^mpfr@4.1.0%gcc@11.2.0 libs=shared,static arch=cray-sles15-zen3
[+]  bqhldvw                          ^autoconf-archive@2022.02.11%gcc@11.2.0 arch=cray-sles15-zen3
[+]  6nvqdqi                          ^texinfo@6.5%gcc@11.2.0 patches=12f6edb,1732115 arch=cray-sles15-zen3
 -   4wrts2l      ^py-xdot@1.0%gcc@11.2.0 arch=cray-sles15-zen3
[+]  dri5m5x          ^atk@2.36.0%gcc@11.2.0 arch=cray-sles15-zen3
[+]  swrr2nt              ^glib@2.72.1%gcc@11.2.0~libmount patches=b3fd450 tracing=none arch=cray-sles15-zen3
[+]  ylkrnjn                  ^meson@0.62.1%gcc@11.2.0 patches=aa6c50d arch=cray-sles15-zen3
[+]  x3y2jhy                      ^ninja@1.10.2%gcc@11.2.0 arch=cray-sles15-zen3
[+]  nsqg6id                      ^py-pip@21.3.1%gcc@11.2.0 arch=cray-sles15-zen3
[+]  a4cw7dv                      ^py-setuptools@59.4.0%gcc@11.2.0 arch=cray-sles15-zen3
[+]  ae3rj6n                          ^py-wheel@0.37.0%gcc@11.2.0 arch=cray-sles15-zen3
[+]  422etp4                  ^pcre@8.45%gcc@11.2.0~jit+multibyte+utf arch=cray-sles15-zen3
[+]  7aoxcwd              ^gobject-introspection@1.56.1%gcc@11.2.0 patches=6f90bb2,7700828 arch=cray-sles15-zen3
[+]  5jljann                  ^cairo@1.16.0%gcc@11.2.0+X+fc+ft+gobject+pdf~png~svg patches=7c4da77 arch=cray-sles15-zen3
[+]  kve5qsm                      ^fontconfig@2.13.94%gcc@11.2.0 arch=cray-sles15-zen3
[+]  6eezldt                          ^font-util@1.3.2%gcc@11.2.0 fonts=encodings,font-adobe-100dpi,font-adobe-75dpi,font-adobe-utopia-100dpi,font-adobe-utopia-75dpi,font-adobe-utopia-type1,font-alias,font-arabic-misc,font-bh-100dpi,font-bh-75dpi,font-bh-lucidatypewriter-100dpi,font-bh-lucidatypewriter-75dpi,font-bh-type1,font-bitstream-100dpi,font-bitstream-75dpi,font-bitstream-speedo,font-bitstream-type1,font-cronyx-cyrillic,font-cursor-misc,font-daewoo-misc,font-dec-misc,font-ibm-type1,font-isas-misc,font-jis-misc,font-micro-misc,font-misc-cyrillic,font-misc-ethiopic,font-misc-meltho,font-misc-misc,font-mutt-misc,font-schumacher-misc,font-screen-cyrillic,font-sun-misc,font-winitzki-cyrillic,font-xfree86-type1 arch=cray-sles15-zen3
[+]  p4ibkpa                              ^bdftopcf@1.0.5%gcc@11.2.0 arch=cray-sles15-zen3
[+]  vzvyimm                                  ^fontsproto@2.1.3%gcc@11.2.0 arch=cray-sles15-zen3
[+]  koitq65                                      ^util-macros@1.19.3%gcc@11.2.0 arch=cray-sles15-zen3
[+]  2np4cls                                  ^libxfont@1.5.2%gcc@11.2.0 arch=cray-sles15-zen3
[+]  7vatqdk                                      ^freetype@2.11.1%gcc@11.2.0 arch=cray-sles15-zen3
[+]  yjyj2im                                          ^libpng@1.6.37%gcc@11.2.0 arch=cray-sles15-zen3
[+]  ddwmyci                                      ^libfontenc@1.1.3%gcc@11.2.0 arch=cray-sles15-zen3
[+]  b2qdlbh                                          ^xproto@7.0.31%gcc@11.2.0 arch=cray-sles15-zen3
[+]  kqlyhp3                                      ^xtrans@1.3.5%gcc@11.2.0 arch=cray-sles15-zen3
[+]  vi32fg4                              ^mkfontdir@1.0.7%gcc@11.2.0 arch=cray-sles15-zen3
[+]  yj72o5o                                  ^mkfontscale@1.1.2%gcc@11.2.0 arch=cray-sles15-zen3
[+]  knlas5a                          ^gperf@3.1%gcc@11.2.0 arch=cray-sles15-zen3
[+]  64xb7ke                      ^libx11@1.7.0%gcc@11.2.0 arch=cray-sles15-zen3
[+]  oi3ke6r                          ^inputproto@2.3.2%gcc@11.2.0 arch=cray-sles15-zen3
[+]  echxcqr                          ^kbproto@1.0.7%gcc@11.2.0 arch=cray-sles15-zen3
[+]  3gvcy5t                          ^libxcb@1.14%gcc@11.2.0 arch=cray-sles15-zen3
[+]  clqc77x                              ^libpthread-stubs@0.4%gcc@11.2.0 arch=cray-sles15-zen3
[+]  6uvypag                              ^libxau@1.0.8%gcc@11.2.0 arch=cray-sles15-zen3
[+]  5tqvb2x                              ^libxdmcp@1.1.2%gcc@11.2.0 arch=cray-sles15-zen3
[+]  yjhgwny                              ^xcb-proto@1.14.1%gcc@11.2.0 arch=cray-sles15-zen3
[+]  j4ldmrt                          ^xextproto@7.3.0%gcc@11.2.0 arch=cray-sles15-zen3
[+]  mvtyva3                      ^libxext@1.3.3%gcc@11.2.0 arch=cray-sles15-zen3
[+]  v6wwcfd                      ^libxrender@0.9.10%gcc@11.2.0 arch=cray-sles15-zen3
[+]  377ynte                          ^renderproto@0.11.1%gcc@11.2.0 arch=cray-sles15-zen3
[+]  zufivzt                      ^pixman@0.40.0%gcc@11.2.0 arch=cray-sles15-zen3
[+]  ezitx5i          ^gdk-pixbuf@2.42.6%gcc@11.2.0~man~tiff~x11 arch=cray-sles15-zen3
[+]  yd75dex              ^libjpeg-turbo@2.1.3%gcc@11.2.0 arch=cray-sles15-zen3
[+]  rchd7bh                  ^nasm@2.15.05%gcc@11.2.0 arch=cray-sles15-zen3
[+]  fy32hwh              ^shared-mime-info@1.9%gcc@11.2.0 arch=cray-sles15-zen3
[+]  mthfgwg                  ^intltool@0.51.0%gcc@11.2.0 patches=ca9d656 arch=cray-sles15-zen3
[+]  sa2kw3p                      ^perl-xml-parser@2.44%gcc@11.2.0 arch=cray-sles15-zen3
[+]  bqwyzeu                          ^perl-libwww-perl@6.33%gcc@11.2.0 arch=cray-sles15-zen3
[+]  aneu7iu                              ^perl-encode-locale@1.05%gcc@11.2.0 arch=cray-sles15-zen3
[+]  upibml7                              ^perl-file-listing@6.04%gcc@11.2.0 arch=cray-sles15-zen3
[+]  ujq5ncr                                  ^perl-http-date@6.02%gcc@11.2.0 arch=cray-sles15-zen3
[+]  5mr24gr                              ^perl-html-parser@3.72%gcc@11.2.0 arch=cray-sles15-zen3
[+]  izkms7r                                  ^perl-html-tagset@3.20%gcc@11.2.0 arch=cray-sles15-zen3
[+]  truyngq                              ^perl-http-cookies@6.04%gcc@11.2.0 arch=cray-sles15-zen3
[+]  2ge2wuy                                  ^perl-http-message@6.13%gcc@11.2.0 arch=cray-sles15-zen3
[+]  4xpvjnl                                      ^perl-io-html@1.001%gcc@11.2.0 arch=cray-sles15-zen3
[+]  5mqdsqa                                      ^perl-lwp-mediatypes@6.02%gcc@11.2.0 arch=cray-sles15-zen3
[+]  4cnvtyn                                      ^perl-try-tiny@0.28%gcc@11.2.0 arch=cray-sles15-zen3
[+]  ecp33b6                                      ^perl-uri@1.72%gcc@11.2.0 arch=cray-sles15-zen3
[+]  rxeellx                                          ^perl-test-needs@0.002005%gcc@11.2.0 arch=cray-sles15-zen3
[+]  cojb42w                              ^perl-http-daemon@6.01%gcc@11.2.0 arch=cray-sles15-zen3
[+]  zzzmhb5                                  ^perl-module-build-tiny@0.039%gcc@11.2.0 arch=cray-sles15-zen3
[+]  zkm2sif                                      ^perl-extutils-config@0.008%gcc@11.2.0 arch=cray-sles15-zen3
[+]  ittwzic                                      ^perl-extutils-helpers@0.026%gcc@11.2.0 arch=cray-sles15-zen3
[+]  zblt64q                                      ^perl-extutils-installpaths@0.012%gcc@11.2.0 arch=cray-sles15-zen3
[+]  srvklqd                                      ^perl-module-build@0.4224%gcc@11.2.0 arch=cray-sles15-zen3
[+]  nwfsund                              ^perl-http-negotiate@6.01%gcc@11.2.0 arch=cray-sles15-zen3
[+]  jz3jrfk                              ^perl-net-http@6.17%gcc@11.2.0 arch=cray-sles15-zen3
[+]  2mzj2vc                              ^perl-www-robotrules@6.02%gcc@11.2.0 arch=cray-sles15-zen3
 -   p2nx2tq          ^gtkplus@3.24.29%gcc@11.2.0~cups~strip buildtype=debugoptimized default_library=shared arch=cray-sles15-zen3
[+]  q7jujpw              ^at-spi2-atk@2.38.0%gcc@11.2.0~strip buildtype=debugoptimized default_library=shared arch=cray-sles15-zen3
[+]  qqjlgkd                  ^at-spi2-core@2.40.1%gcc@11.2.0~strip buildtype=debugoptimized default_library=shared arch=cray-sles15-zen3
[+]  tnbxhbv                      ^dbus@1.12.8%gcc@11.2.0 arch=cray-sles15-zen3
[+]  nowv5wd                          ^docbook-xml@4.4%gcc@11.2.0 arch=cray-sles15-zen3
[+]  gbnn7ek                          ^docbook-xsl@1.79.2%gcc@11.2.0 patches=a92c397 arch=cray-sles15-zen3
[+]  udsibst                          ^libsm@1.2.3%gcc@11.2.0 arch=cray-sles15-zen3
[+]  vktz3uh                              ^libice@1.0.9%gcc@11.2.0 arch=cray-sles15-zen3
[+]  gndljh7                      ^fixesproto@5.0%gcc@11.2.0 arch=cray-sles15-zen3
[+]  fem6olm                      ^libxi@1.7.6%gcc@11.2.0 arch=cray-sles15-zen3
[+]  mguqacm                          ^libxfixes@5.0.2%gcc@11.2.0 arch=cray-sles15-zen3
[+]  cxtxlhp                      ^libxtst@1.2.2%gcc@11.2.0 arch=cray-sles15-zen3
[+]  qqiyjdn                          ^recordproto@1.14.2%gcc@11.2.0 arch=cray-sles15-zen3
[+]  obgfcsi              ^fribidi@1.0.12%gcc@11.2.0 arch=cray-sles15-zen3
 -   i4zpbyi              ^libepoxy@1.4.3%gcc@11.2.0+glx arch=cray-sles15-zen3
 -   yojfbpo                  ^mesa@21.3.8%gcc@11.2.0+glx+llvm+opengl~opengles+osmesa~strip buildtype=release default_library=shared patches=ada85be swr=auto arch=cray-sles15-zen3
[+]  6kb5sxg                      ^glproto@1.4.17%gcc@11.2.0 arch=cray-sles15-zen3
[+]  5fens7p                      ^libunwind@1.6.2%gcc@11.2.0~block_signals~conservative_checks~cxx_exceptions~debug~debug_frame+docs+pic+tests+weak_backtrace+xz~zlib components=none libs=shared,static arch=cray-sles15-zen3
[+]  z3lmg2z                      ^libxt@1.1.5%gcc@11.2.0 arch=cray-sles15-zen3
[+]  nov2rzq                      ^llvm-amdgpu@5.1.0%gcc@11.2.0~ipo~link_llvm_dylib~llvm_dylib~openmp+rocm-device-libs build_type=Release arch=cray-sles15-zen3
[+]  dlrr4r4                      ^py-mako@1.1.6%gcc@11.2.0 arch=cray-sles15-zen3
[+]  xs3v2eh                          ^py-markupsafe@2.0.1%gcc@11.2.0 arch=cray-sles15-zen3
[+]  vtc443e                      ^xrandr@1.5.0%gcc@11.2.0 arch=cray-sles15-zen3
[+]  zst4ad6                          ^libxrandr@1.5.0%gcc@11.2.0 arch=cray-sles15-zen3
[+]  25piun2                              ^randrproto@1.5.0%gcc@11.2.0 arch=cray-sles15-zen3
 -   efbajng              ^librsvg@2.51.0%gcc@11.2.0~doc arch=cray-sles15-zen3
[+]  zhjhytw                  ^libcroco@0.6.13%gcc@11.2.0~doc arch=cray-sles15-zen3
 -   6f2esmq                  ^pango@1.50.7%gcc@11.2.0+X~strip buildtype=debugoptimized default_library=shared arch=cray-sles15-zen3
[+]  vvwjxe2                      ^harfbuzz@4.2.1%gcc@11.2.0~graphite2~strip buildtype=debugoptimized default_library=shared arch=cray-sles15-zen3
[+]  tujfhya                          ^icu4c@67.1%gcc@11.2.0 cxxstd=11 arch=cray-sles15-zen3
[+]  it7w6u4                      ^json-glib@1.6.6%gcc@11.2.0~strip buildtype=debugoptimized default_library=shared arch=cray-sles15-zen3
[+]  ktyblom                      ^libxft@2.3.2%gcc@11.2.0 arch=cray-sles15-zen3
[+]  4ut4zbs                  ^rust@1.60.0%gcc@11.2.0+analysis+clippy~rls+rustfmt+src extra_targets=none arch=cray-sles15-zen3
[+]  lp4lki6                      ^gmake@4.3%gcc@11.2.0~guile+nls arch=cray-sles15-zen3
[+]  ixfbupv                      ^libgit2@1.3.1%gcc@11.2.0~curl~ipo+mmap+ssh build_type=RelWithDebInfo https=system arch=cray-sles15-zen3
[+]  hh63ptt                          ^libssh2@1.10.0%gcc@11.2.0~ipo+shared build_type=RelWithDebInfo crypto=openssl arch=cray-sles15-zen3
[+]  2tg7ezl              ^libxkbcommon@1.4.0%gcc@11.2.0~strip~wayland buildtype=debugoptimized default_library=shared arch=cray-sles15-zen3
[+]  4zb3p2n                  ^xkbdata@1.0.1%gcc@11.2.0 arch=cray-sles15-zen3
[+]  pbyfb55                      ^xkbcomp@1.4.4%gcc@11.2.0 arch=cray-sles15-zen3
[+]  kpdjsvb                          ^libxkbfile@1.0.9%gcc@11.2.0 arch=cray-sles15-zen3
[+]  yzogpm4          ^py-pycairo@1.20.0%gcc@11.2.0 arch=cray-sles15-zen3
 -   rfphnev          ^py-pygobject@3.38.0%gcc@11.2.0 arch=cray-sles15-zen3
[+]  2c7qldc      ^swig@4.0.2%gcc@11.2.0 arch=cray-sles15-zen3

==> Concretized tau@2.31.1+mpi+python+rocm+roctracer
 -   rvul5ln  tau@2.31.1%gcc@11.2.0~adios2+binutils~comm~craycnl~cuda+elf+fortran~gasnet+io~level_zero+libdwarf+libunwind~likwid+mpi~ompt~opari~opencl~openmp+otf2+papi+pdt~phase~ppc64le~profileparam+pthreads+python+rocm~rocprofiler+roctracer~scorep~shmem~sqlite~x86_64 arch=cray-sles15-zen3
[+]  jipxthp      ^binutils@2.38%gcc@11.2.0~gas+gold+headers~interwork+ld+libiberty~lto~nls+plugins libs=shared,static arch=cray-sles15-zen3
[+]  gvbyw6w          ^diffutils@3.8%gcc@11.2.0 arch=cray-sles15-zen3
[+]  3xwztgy              ^libiconv@1.16%gcc@11.2.0 libs=shared,static arch=cray-sles15-zen3
[+]  ozmcyfj          ^zlib@1.2.12%gcc@11.2.0+optimize+pic+shared patches=0d38234 arch=cray-sles15-zen3
[+]  u3ebvcw      ^cray-mpich@8.1.16%gcc@11.2.0+wrappers arch=cray-sles15-zen3
[+]  pycmj35      ^elfutils@0.186%gcc@11.2.0+bzip2~debuginfod~nls+xz arch=cray-sles15-zen3
[+]  blbwwl4          ^bzip2@1.0.8%gcc@11.2.0~debug~pic+shared arch=cray-sles15-zen3
[+]  flsruli          ^m4@1.4.19%gcc@11.2.0+sigsegv patches=9dc5fbd,bfdffa7 arch=cray-sles15-zen3
[+]  wcuq435              ^libsigsegv@2.13%gcc@11.2.0 arch=cray-sles15-zen3
[+]  u4cyfrk          ^xz@5.2.5%gcc@11.2.0+pic libs=shared,static arch=cray-sles15-zen3
[+]  hmche2g      ^hsa-rocr-dev@5.1.0%gcc@11.2.0+image~ipo+shared build_type=Release patches=71e6851 arch=cray-sles15-zen3
[+]  5vg4t2b      ^hwloc@2.7.1%gcc@11.2.0~cairo~cuda~gl~libudev+libxml2~netloc~nvml~opencl+pci~rocm+shared arch=cray-sles15-zen3
[+]  oyeiwvg          ^libpciaccess@0.16%gcc@11.2.0 arch=cray-sles15-zen3
[+]  56oycjj              ^libtool@2.4.7%gcc@11.2.0 arch=cray-sles15-zen3
[+]  nugfov2              ^pkgconf@1.8.0%gcc@11.2.0 arch=cray-sles15-zen3
[+]  koitq65              ^util-macros@1.19.3%gcc@11.2.0 arch=cray-sles15-zen3
[+]  uaarf7u          ^libxml2@2.9.13%gcc@11.2.0~python arch=cray-sles15-zen3
[+]  2t22mc5          ^ncurses@6.2%gcc@11.2.0~symlinks+termlib abi=none arch=cray-sles15-zen3
[+]  qgisepw      ^libdwarf@20180129%gcc@11.2.0 arch=cray-sles15-zen3
[+]  5fens7p      ^libunwind@1.6.2%gcc@11.2.0~block_signals~conservative_checks~cxx_exceptions~debug~debug_frame+docs+pic+tests+weak_backtrace+xz~zlib components=none libs=shared,static arch=cray-sles15-zen3
[+]  2aephpe      ^openjdk@11.0.14.1_1%gcc@11.2.0 arch=cray-sles15-zen3
[+]  2drlq3h      ^otf2@2.3%gcc@11.2.0 arch=cray-sles15-zen3
[+]  s2y4nrv      ^papi@6.0.0.1%gcc@11.2.0~cuda+example~infiniband~lmsensors~nvml~powercap~rapl~rocm~rocm_smi~sde+shared~static_tools arch=cray-sles15-zen3
[+]  4wzbhsa      ^pdt@3.25.1%gcc@11.2.0~pic arch=cray-sles15-zen3
[+]  gy7sglp      ^python@3.8.13%gcc@11.2.0+bz2+ctypes+dbm~debug+ensurepip+libxml2+lzma~nis~optimizations+pic+pyexpat+pythoncmd+readline+shared+sqlite3+ssl~tix~tkinter~ucs4+uuid+zlib patches=0d98e93,4c24573,ebdca64,f2fd060 arch=cray-sles15-zen3
[+]  yvchkv2          ^expat@2.4.8%gcc@11.2.0+libbsd arch=cray-sles15-zen3
[+]  uomjj7i              ^libbsd@0.11.5%gcc@11.2.0 arch=cray-sles15-zen3
[+]  iynqjjk                  ^libmd@1.0.4%gcc@11.2.0 arch=cray-sles15-zen3
[+]  bxrz7zm          ^gdbm@1.19%gcc@11.2.0 arch=cray-sles15-zen3
[+]  avhrefq              ^readline@8.1%gcc@11.2.0 arch=cray-sles15-zen3
[+]  qecbeh5          ^gettext@0.21%gcc@11.2.0+bzip2+curses+git~libunistring+libxml2+tar+xz arch=cray-sles15-zen3
[+]  nau7bkz              ^tar@1.34%gcc@11.2.0 arch=cray-sles15-zen3
[+]  nchqwcq          ^libffi@3.4.2%gcc@11.2.0 arch=cray-sles15-zen3
[+]  i2r3jpl          ^openssl@1.1.1o%gcc@11.2.0~docs~shared certs=system arch=cray-sles15-zen3
[+]  ekj3iat              ^perl@5.34.1%gcc@11.2.0+cpanm+shared+threads arch=cray-sles15-zen3
[+]  hafeanv                  ^berkeley-db@18.1.40%gcc@11.2.0+cxx~docs+stl patches=b231fcc arch=cray-sles15-zen3
[+]  apsv2yn          ^sqlite@3.38.5%gcc@11.2.0+column_metadata+dynamic_extensions+fts~functions+rtree arch=cray-sles15-zen3
[+]  punjooc          ^util-linux-uuid@2.37.4%gcc@11.2.0 arch=cray-sles15-zen3
 -   gwoagvk      ^roctracer-dev@5.1.0%gcc@11.2.0~ipo build_type=Release arch=cray-sles15-zen3
[+]  auepzq2          ^cmake@3.23.1%gcc@11.2.0~doc+ncurses+ownlibs~qt build_type=Release arch=cray-sles15-zen3
[+]  je27tbf          ^hip@5.1.0%gcc@11.2.0~ipo build_type=Release patches=3b25db8 arch=cray-sles15-zen3
[+]  5cebsvq          ^hsakmt-roct@5.1.0%gcc@11.2.0~ipo+shared build_type=Release patches=f926273 arch=cray-sles15-zen3
[+]  hxcpkjk          ^py-cppheaderparser@2.7.4%gcc@11.2.0 arch=cray-sles15-zen3
[+]  6lphl4h              ^py-pip@21.3.1%gcc@11.2.0 arch=cray-sles15-zen3
[+]  mjhf34n              ^py-ply@3.11%gcc@11.2.0 arch=cray-sles15-zen3
[+]  cxbpfed                  ^py-setuptools@59.4.0%gcc@11.2.0 arch=cray-sles15-zen3
[+]  z2atoid                      ^py-wheel@0.37.0%gcc@11.2.0 arch=cray-sles15-zen3
[+]  lto2huo          ^rocminfo@5.1.0%gcc@11.2.0~ipo build_type=Release arch=cray-sles15-zen3
 -   mzzzfhk          ^rocprofiler-dev@5.1.0%gcc@11.2.0~ipo build_type=Release patches=16754a1 arch=cray-sles15-zen3
 -   oaj5lpo              ^roctracer-dev-api@5.1.0%gcc@11.2.0 arch=cray-sles15-zen3

==> Concretized trilinos@13.2.0+rocm amdgpu_target=gfx90a
 -   r2ckrru  trilinos@13.2.0%gcc@11.2.0~adios2+amesos+amesos2+anasazi+aztec~basker+belos+boost~chaco~complex~cuda~cuda_rdc~debug~dtk+epetra+epetraext~epetraextbtf~epetraextexperimental~epetraextgraphreorderings~exodus+explicit_template_instantiation~float+fortran~gtest~hdf5~hypre+ifpack+ifpack2+intrepid+intrepid2~ipo+isorropia+kokkos~mesquite+minitensor+ml+mpi+muelu~mumps+nox~openmp~panzer+phalanx+piro~python+rocm~rocm_rdc+rol+rythmos+sacado~scorec+shards+shared+shylu+stk+stokhos+stratimikos~strumpack~suite-sparse~superlu+superlu-dist+teko+tempus+thyra+tpetra+trilinoscouplings~wrapper~x11+zoltan+zoltan2 amdgpu_target=gfx90a build_type=RelWithDebInfo cxxstd=14 gotype=long_long arch=cray-sles15-zen3
[+]  pnl7dll      ^boost@1.79.0%gcc@11.2.0+atomic+chrono~clanglibcpp~container~context~contract~coroutine+date_time~debug+exception~fiber+filesystem+graph~graph_parallel~icu+iostreams~json+locale+log+math+mpi+multithreaded~nowide~numpy~pic+program_options~python+random+regex+serialization+shared+signals~singlethreaded~stacktrace+system~taggedlayout+test+thread+timer~type_erasure~versionedlayout+wave cxxstd=98 patches=57a8401,a440f96 visibility=hidden arch=cray-sles15-zen3
[+]  blbwwl4          ^bzip2@1.0.8%gcc@11.2.0~debug~pic+shared arch=cray-sles15-zen3
[+]  gvbyw6w              ^diffutils@3.8%gcc@11.2.0 arch=cray-sles15-zen3
[+]  3xwztgy                  ^libiconv@1.16%gcc@11.2.0 libs=shared,static arch=cray-sles15-zen3
[+]  u3ebvcw          ^cray-mpich@8.1.16%gcc@11.2.0+wrappers arch=cray-sles15-zen3
[+]  ozmcyfj          ^zlib@1.2.12%gcc@11.2.0+optimize+pic+shared patches=0d38234 arch=cray-sles15-zen3
[+]  auepzq2      ^cmake@3.23.1%gcc@11.2.0~doc+ncurses+ownlibs~qt build_type=Release arch=cray-sles15-zen3
[+]  2t22mc5          ^ncurses@6.2%gcc@11.2.0~symlinks+termlib abi=none arch=cray-sles15-zen3
[+]  nugfov2              ^pkgconf@1.8.0%gcc@11.2.0 arch=cray-sles15-zen3
[+]  i2r3jpl          ^openssl@1.1.1o%gcc@11.2.0~docs~shared certs=system arch=cray-sles15-zen3
[+]  ekj3iat              ^perl@5.34.1%gcc@11.2.0+cpanm+shared+threads arch=cray-sles15-zen3
[+]  hafeanv                  ^berkeley-db@18.1.40%gcc@11.2.0+cxx~docs+stl patches=b231fcc arch=cray-sles15-zen3
[+]  bxrz7zm                  ^gdbm@1.19%gcc@11.2.0 arch=cray-sles15-zen3
[+]  avhrefq                      ^readline@8.1%gcc@11.2.0 arch=cray-sles15-zen3
[+]  je27tbf      ^hip@5.1.0%gcc@11.2.0~ipo build_type=Release patches=3b25db8 arch=cray-sles15-zen3
[+]  hmche2g      ^hsa-rocr-dev@5.1.0%gcc@11.2.0+image~ipo+shared build_type=Release patches=71e6851 arch=cray-sles15-zen3
[+]  5vg4t2b      ^hwloc@2.7.1%gcc@11.2.0~cairo~cuda~gl~libudev+libxml2~netloc~nvml~opencl+pci~rocm+shared arch=cray-sles15-zen3
[+]  oyeiwvg          ^libpciaccess@0.16%gcc@11.2.0 arch=cray-sles15-zen3
[+]  56oycjj              ^libtool@2.4.7%gcc@11.2.0 arch=cray-sles15-zen3
[+]  flsruli                  ^m4@1.4.19%gcc@11.2.0+sigsegv patches=9dc5fbd,bfdffa7 arch=cray-sles15-zen3
[+]  wcuq435                      ^libsigsegv@2.13%gcc@11.2.0 arch=cray-sles15-zen3
[+]  koitq65              ^util-macros@1.19.3%gcc@11.2.0 arch=cray-sles15-zen3
[+]  uaarf7u          ^libxml2@2.9.13%gcc@11.2.0~python arch=cray-sles15-zen3
[+]  u4cyfrk              ^xz@5.2.5%gcc@11.2.0+pic libs=shared,static arch=cray-sles15-zen3
[+]  nov2rzq      ^llvm-amdgpu@5.1.0%gcc@11.2.0~ipo~link_llvm_dylib~llvm_dylib~openmp+rocm-device-libs build_type=Release arch=cray-sles15-zen3
[+]  5o6wezd      ^metis@5.1.0%gcc@11.2.0~gdb~int64~real64+shared build_type=Release patches=4991da9,b1225da arch=cray-sles15-zen3
[+]  c6hs7o5      ^openblas@0.3.20%gcc@11.2.0~bignuma~consistent_fpcsr~ilp64+locking+pic+shared symbol_suffix=none threads=openmp arch=cray-sles15-zen3
[+]  2hgyqky      ^parmetis@4.0.3%gcc@11.2.0~gdb~int64~ipo+shared build_type=RelWithDebInfo patches=4f89253,50ed208,704b84f arch=cray-sles15-zen3
[+]  5yhxanv      ^superlu-dist@7.2.0%gcc@11.2.0~cuda~int64~ipo~openmp~rocm+shared build_type=RelWithDebInfo patches=8da9e21 arch=cray-sles15-zen3

==> Concretized variorum@0.4.1
 -   cjq5leg  variorum@0.4.1%gcc@11.2.0~docs~ipo~log+shared build_type=Release arch=cray-sles15-zen3
[+]  auepzq2      ^cmake@3.23.1%gcc@11.2.0~doc+ncurses+ownlibs~qt build_type=Release arch=cray-sles15-zen3
[+]  2t22mc5          ^ncurses@6.2%gcc@11.2.0~symlinks+termlib abi=none arch=cray-sles15-zen3
[+]  nugfov2              ^pkgconf@1.8.0%gcc@11.2.0 arch=cray-sles15-zen3
[+]  i2r3jpl          ^openssl@1.1.1o%gcc@11.2.0~docs~shared certs=system arch=cray-sles15-zen3
[+]  ekj3iat              ^perl@5.34.1%gcc@11.2.0+cpanm+shared+threads arch=cray-sles15-zen3
[+]  hafeanv                  ^berkeley-db@18.1.40%gcc@11.2.0+cxx~docs+stl patches=b231fcc arch=cray-sles15-zen3
[+]  blbwwl4                  ^bzip2@1.0.8%gcc@11.2.0~debug~pic+shared arch=cray-sles15-zen3
[+]  gvbyw6w                      ^diffutils@3.8%gcc@11.2.0 arch=cray-sles15-zen3
[+]  3xwztgy                          ^libiconv@1.16%gcc@11.2.0 libs=shared,static arch=cray-sles15-zen3
[+]  bxrz7zm                  ^gdbm@1.19%gcc@11.2.0 arch=cray-sles15-zen3
[+]  avhrefq                      ^readline@8.1%gcc@11.2.0 arch=cray-sles15-zen3
[+]  ozmcyfj                  ^zlib@1.2.12%gcc@11.2.0+optimize+pic+shared patches=0d38234 arch=cray-sles15-zen3
[+]  5vg4t2b      ^hwloc@2.7.1%gcc@11.2.0~cairo~cuda~gl~libudev+libxml2~netloc~nvml~opencl+pci~rocm+shared arch=cray-sles15-zen3
[+]  oyeiwvg          ^libpciaccess@0.16%gcc@11.2.0 arch=cray-sles15-zen3
[+]  56oycjj              ^libtool@2.4.7%gcc@11.2.0 arch=cray-sles15-zen3
[+]  flsruli                  ^m4@1.4.19%gcc@11.2.0+sigsegv patches=9dc5fbd,bfdffa7 arch=cray-sles15-zen3
[+]  wcuq435                      ^libsigsegv@2.13%gcc@11.2.0 arch=cray-sles15-zen3
[+]  koitq65              ^util-macros@1.19.3%gcc@11.2.0 arch=cray-sles15-zen3
[+]  uaarf7u          ^libxml2@2.9.13%gcc@11.2.0~python arch=cray-sles15-zen3
[+]  u4cyfrk              ^xz@5.2.5%gcc@11.2.0+pic libs=shared,static arch=cray-sles15-zen3
[+]  jtriwy7      ^jansson@2.13.1%gcc@11.2.0~ipo+shared build_type=RelWithDebInfo arch=cray-sles15-zen3

==> Concretized vtk-m@1.7.1
 -   qt3pez2  vtk-m@1.7.1%gcc@11.2.0~64bitids+ascent_types~cuda+doubleprecision~ipo~kokkos~logging+mpi+openmp+rendering~rocm~shared~tbb~testlib~virtuals build_type=Release arch=cray-sles15-zen3
[+]  auepzq2      ^cmake@3.23.1%gcc@11.2.0~doc+ncurses+ownlibs~qt build_type=Release arch=cray-sles15-zen3
[+]  2t22mc5          ^ncurses@6.2%gcc@11.2.0~symlinks+termlib abi=none arch=cray-sles15-zen3
[+]  nugfov2              ^pkgconf@1.8.0%gcc@11.2.0 arch=cray-sles15-zen3
[+]  i2r3jpl          ^openssl@1.1.1o%gcc@11.2.0~docs~shared certs=system arch=cray-sles15-zen3
[+]  ekj3iat              ^perl@5.34.1%gcc@11.2.0+cpanm+shared+threads arch=cray-sles15-zen3
[+]  hafeanv                  ^berkeley-db@18.1.40%gcc@11.2.0+cxx~docs+stl patches=b231fcc arch=cray-sles15-zen3
[+]  blbwwl4                  ^bzip2@1.0.8%gcc@11.2.0~debug~pic+shared arch=cray-sles15-zen3
[+]  gvbyw6w                      ^diffutils@3.8%gcc@11.2.0 arch=cray-sles15-zen3
[+]  3xwztgy                          ^libiconv@1.16%gcc@11.2.0 libs=shared,static arch=cray-sles15-zen3
[+]  bxrz7zm                  ^gdbm@1.19%gcc@11.2.0 arch=cray-sles15-zen3
[+]  avhrefq                      ^readline@8.1%gcc@11.2.0 arch=cray-sles15-zen3
[+]  ozmcyfj                  ^zlib@1.2.12%gcc@11.2.0+optimize+pic+shared patches=0d38234 arch=cray-sles15-zen3
[+]  u3ebvcw      ^cray-mpich@8.1.16%gcc@11.2.0+wrappers arch=cray-sles15-zen3

==> Concretized vtk-m@1.7.1+rocm amdgpu_target=gfx90a
 -   jkgbcii  vtk-m@1.7.1%gcc@11.2.0~64bitids+ascent_types~cuda+doubleprecision~ipo+kokkos~logging+mpi+openmp+rendering+rocm~shared~tbb~testlib~virtuals amdgpu_target=gfx90a build_type=Release arch=cray-sles15-zen3
[+]  auepzq2      ^cmake@3.23.1%gcc@11.2.0~doc+ncurses+ownlibs~qt build_type=Release arch=cray-sles15-zen3
[+]  2t22mc5          ^ncurses@6.2%gcc@11.2.0~symlinks+termlib abi=none arch=cray-sles15-zen3
[+]  nugfov2              ^pkgconf@1.8.0%gcc@11.2.0 arch=cray-sles15-zen3
[+]  i2r3jpl          ^openssl@1.1.1o%gcc@11.2.0~docs~shared certs=system arch=cray-sles15-zen3
[+]  ekj3iat              ^perl@5.34.1%gcc@11.2.0+cpanm+shared+threads arch=cray-sles15-zen3
[+]  hafeanv                  ^berkeley-db@18.1.40%gcc@11.2.0+cxx~docs+stl patches=b231fcc arch=cray-sles15-zen3
[+]  blbwwl4                  ^bzip2@1.0.8%gcc@11.2.0~debug~pic+shared arch=cray-sles15-zen3
[+]  gvbyw6w                      ^diffutils@3.8%gcc@11.2.0 arch=cray-sles15-zen3
[+]  3xwztgy                          ^libiconv@1.16%gcc@11.2.0 libs=shared,static arch=cray-sles15-zen3
[+]  bxrz7zm                  ^gdbm@1.19%gcc@11.2.0 arch=cray-sles15-zen3
[+]  avhrefq                      ^readline@8.1%gcc@11.2.0 arch=cray-sles15-zen3
[+]  ozmcyfj                  ^zlib@1.2.12%gcc@11.2.0+optimize+pic+shared patches=0d38234 arch=cray-sles15-zen3
[+]  u3ebvcw      ^cray-mpich@8.1.16%gcc@11.2.0+wrappers arch=cray-sles15-zen3
[+]  je27tbf      ^hip@5.1.0%gcc@11.2.0~ipo build_type=Release patches=3b25db8 arch=cray-sles15-zen3
[+]  hmche2g      ^hsa-rocr-dev@5.1.0%gcc@11.2.0+image~ipo+shared build_type=Release patches=71e6851 arch=cray-sles15-zen3
[+]  tblcclx      ^kokkos@3.6.00%gcc@11.2.0~aggressive_vectorization~compiler_warnings~cuda~cuda_constexpr~cuda_lambda~cuda_ldg_intrinsic~cuda_relocatable_device_code~cuda_uvm~debug~debug_bounds_check~debug_dualview_modify_check~deprecated_code~examples~explicit_instantiation~hpx~hpx_async_dispatch~hwloc~ipo~memkind~numactl~openmp~pic+profiling~profiling_load_print~pthread~qthread+rocm+serial+shared~sycl~tests~tuning~wrapper amdgpu_target=gfx90a build_type=RelWithDebInfo std=14 arch=cray-sles15-zen3
[+]  nov2rzq          ^llvm-amdgpu@5.1.0%gcc@11.2.0~ipo~link_llvm_dylib~llvm_dylib~openmp+rocm-device-libs build_type=Release arch=cray-sles15-zen3

==> Concretized wannier90@3.1.0
 -   4kpeywq  wannier90@3.1.0%gcc@11.2.0+shared arch=cray-sles15-zen3
[+]  u3ebvcw      ^cray-mpich@8.1.16%gcc@11.2.0+wrappers arch=cray-sles15-zen3
[+]  c6hs7o5      ^openblas@0.3.20%gcc@11.2.0~bignuma~consistent_fpcsr~ilp64+locking+pic+shared symbol_suffix=none threads=openmp arch=cray-sles15-zen3
[+]  ekj3iat          ^perl@5.34.1%gcc@11.2.0+cpanm+shared+threads arch=cray-sles15-zen3
[+]  hafeanv              ^berkeley-db@18.1.40%gcc@11.2.0+cxx~docs+stl patches=b231fcc arch=cray-sles15-zen3
[+]  blbwwl4              ^bzip2@1.0.8%gcc@11.2.0~debug~pic+shared arch=cray-sles15-zen3
[+]  gvbyw6w                  ^diffutils@3.8%gcc@11.2.0 arch=cray-sles15-zen3
[+]  3xwztgy                      ^libiconv@1.16%gcc@11.2.0 libs=shared,static arch=cray-sles15-zen3
[+]  bxrz7zm              ^gdbm@1.19%gcc@11.2.0 arch=cray-sles15-zen3
[+]  avhrefq                  ^readline@8.1%gcc@11.2.0 arch=cray-sles15-zen3
[+]  2t22mc5                      ^ncurses@6.2%gcc@11.2.0~symlinks+termlib abi=none arch=cray-sles15-zen3
[+]  nugfov2                          ^pkgconf@1.8.0%gcc@11.2.0 arch=cray-sles15-zen3
[+]  ozmcyfj              ^zlib@1.2.12%gcc@11.2.0+optimize+pic+shared patches=0d38234 arch=cray-sles15-zen3

